<?xml version="1.0" encoding="UTF-8"?>
<!-- Generated by org.testng.reporters.JUnitXMLReporter -->
<testsuite ignored="0" hostname="DESKTOP-B566NJ2" failures="0" tests="5" name="Default test" time="60.592" errors="0" timestamp="2026-03-17T08:19:00 IST">
  <testcase classname="com.example.tests.ShowHideTest" name="Multilingual" time="18.545"/>
  <testcase classname="com.example.tests.ShowHideTest" name="verifyShowLabelOnTypingTest" time="0.104"/>
  <testcase classname="com.example.tests.ShowHideTest" name="verifyHideLabelOnTypingTest" time="10.106"/>
  <testcase classname="com.example.tests.ShowHideTest" name="verifyShowLabelOnCheckboxSelectTest" time="10.073"/>
  <testcase classname="com.example.tests.ShowHideTest" name="verifyHideLabelOnCheckboxSelectTest" time="10.08"/>
</testsuite> <!-- Default test -->
