<?xml version="1.0" encoding="UTF-8"?>
<!-- Generated by org.testng.reporters.JUnitXMLReporter -->
<testsuite ignored="0" hostname="DESKTOP-B566NJ2" failures="0" tests="14" name="Default test" time="166.915" errors="0" timestamp="2026-05-07T14:19:42 IST">
  <testcase classname="tests.MultilineTextboxApi3" name="verifyCaptionFontSize" time="8.532"/>
  <testcase classname="tests.MultilineTextboxApi3" name="verifyCaptionFontColor" time="7.425"/>
  <testcase classname="tests.MultilineTextboxApi3" name="verifyCaptionFontFamily" time="7.49"/>
  <testcase classname="tests.MultilineTextboxApi3" name="verifyCaptionFontStyle" time="7.155"/>
  <testcase classname="tests.MultilineTextboxApi3" name="verifyCaptionBackgroundColor" time="7.641"/>
  <testcase classname="tests.MultilineTextboxApi3" name="verifyValueFontSize" time="7.909"/>
  <testcase classname="tests.MultilineTextboxApi3" name="verifyValueFontColor" time="6.093"/>
  <testcase classname="tests.MultilineTextboxApi3" name="verifyValueFontFamily" time="7.529"/>
  <testcase classname="tests.MultilineTextboxApi3" name="verifyValueFontStyle" time="7.768"/>
  <testcase classname="tests.MultilineTextboxApi3" name="verifyValueBackgroundColor" time="7.671"/>
  <testcase classname="tests.MultilineTextboxApi3" name="verifyCaptionText" time="7.975"/>
  <testcase classname="tests.MultilineTextboxApi3" name="verifyDefaultValue" time="7.603"/>
  <testcase classname="tests.MultilineTextboxApi3" name="verifyMaxLength" time="22.679"/>
  <testcase classname="tests.MultilineTextboxApi3" name="verifyCaptionLeftAlignment" time="7.678"/>
</testsuite> <!-- Default test -->
