<?xml version="1.0" encoding="UTF-8"?>
<!-- Generated by org.testng.reporters.JUnitXMLReporter -->
<testsuite ignored="0" hostname="DESKTOP-B566NJ2" failures="1" tests="13" name="AppSavy Tests" time="41.667" errors="0" timestamp="2026-04-28T18:13:55 IST">
  <testcase classname="tests.RadiobuttonApi" name="verifyCaptionFontSize" time="0.091"/>
  <testcase classname="tests.RadiobuttonApi" name="verifyCaptionFontColor" time="0.019"/>
  <testcase classname="tests.RadiobuttonApi" name="verifyCaptionFontFamily" time="0.012"/>
  <testcase classname="tests.RadiobuttonApi" name="verifyCaptionFontStyle" time="0.017"/>
  <testcase classname="tests.RadiobuttonApi" name="verifyCaptionBackgroundColor" time="0.017"/>
  <testcase classname="tests.RadiobuttonApi" name="verifyValueFontSize" time="0.016"/>
  <testcase classname="tests.RadiobuttonApi" name="verifyValueFontColor" time="0.017"/>
  <testcase classname="tests.RadiobuttonApi" name="verifyValueFontFamily" time="0.016"/>
  <testcase classname="tests.RadiobuttonApi" name="verifyValueFontStyle" time="0.022"/>
  <testcase classname="tests.RadiobuttonApi" name="verifyValueBackgroundColor" time="0.044">
    <failure type="java.lang.AssertionError" message="Background Color mismatch! API vs UI not matching expected [rgb(226, 34, 34)] but found [rgba(0, 0, 0, 0)]">
      <![CDATA[java.lang.AssertionError: Background Color mismatch! API vs UI not matching expected [rgb(226, 34, 34)] but found [rgba(0, 0, 0, 0)]
at tests.RadiobuttonApi.verifyValueBackgroundColor(RadiobuttonApi.java:414)
at java.base/java.util.ArrayList.forEach(ArrayList.java:1511)
... Removed 32 stack frames]]>
    </failure>
  </testcase> <!-- verifyValueBackgroundColor -->
  <testcase classname="tests.RadiobuttonApi" name="verifyCaptionText" time="10.021"/>
  <testcase classname="tests.RadiobuttonApi" name="verifyDefaultValue" time="0.02"/>
  <testcase classname="tests.RadiobuttonApi" name="verifyCaptionLeftAlignment" time="0.026"/>
</testsuite> <!-- AppSavy Tests -->
