<?xml version="1.0" encoding="UTF-8"?>
<!-- Generated by org.testng.reporters.JUnitXMLReporter -->
<testsuite ignored="0" hostname="DESKTOP-B566NJ2" failures="6" tests="145" name="AppSavy Tests" time="387.702" errors="0" timestamp="2026-02-27T16:33:26 IST">
  <testcase classname="com.example.tests.Textboxtest" name="Multilingual" time="19.21"/>
  <testcase classname="com.example.tests.Textboxtest" name="testMultilingualFunctionality" time="1.709"/>
  <testcase classname="com.example.tests.Textboxtest" name="testMultilingualFunctionality" time="1.248"/>
  <testcase classname="com.example.tests.Textboxtest" name="testCaptionFontSize" time="0.291"/>
  <testcase classname="com.example.tests.Textboxtest" name="testCaptionTextColor" time="0.084"/>
  <testcase classname="com.example.tests.Textboxtest" name="testCaptionBackgroundColor" time="0.045"/>
  <testcase classname="com.example.tests.Textboxtest" name="testMaxLengthFunctionality" time="0.206"/>
  <testcase classname="com.example.tests.Textboxtest" name="testValueFontSize" time="0.031"/>
  <testcase classname="com.example.tests.Textboxtest" name="testValueTextColor" time="0.021"/>
  <testcase classname="com.example.tests.Textboxtest" name="testValueBackgroundColor" time="0.012"/>
  <testcase classname="com.example.tests.Textboxtest" name="testverifyCaptionShowTest" time="0.029"/>
  <testcase classname="com.example.tests.Textboxtest" name="testVerifyCaptionNotShown" time="0.014"/>
  <testcase classname="com.example.tests.Textboxtest" name="testInvalidEmailShowsErrorPopup" time="0.176"/>
  <testcase classname="com.example.tests.Textboxtest" name="testValidEmailSubmitsFormSuccessfully" time="0.535"/>
  <testcase classname="com.example.tests.Textboxtest" name="testCaptionIsDisplayedOnLeftOfTextbox" time="0.24"/>
  <testcase classname="com.example.tests.Textboxtest" name="testDefaultValueVisible" time="0.144"/>
  <testcase classname="com.example.tests.Radiobuttontest" name="Multilingual" time="19.279"/>
  <testcase classname="com.example.tests.Radiobuttontest" name="verifyCaptionLanguageWhenMultilingualIsNo" time="0.015"/>
  <testcase classname="com.example.tests.Radiobuttontest" name="verifyCaptionsupportSpecialCharactersandsupports" time="0.009"/>
  <testcase classname="com.example.tests.Radiobuttontest" name="verifyDefaultRadioButtonValuesaredisplayed" time="0.041"/>
  <testcase classname="com.example.tests.Radiobuttontest" name="verifyRadioButtonOrderTest" time="0.021"/>
  <testcase classname="com.example.tests.Radiobuttontest" name="verifyNumericRadioButtonOptionsTest" time="0.021"/>
  <testcase classname="com.example.tests.Radiobuttontest" name="verifyRadioCaptionNotVisibleTest" time="0.007"/>
  <testcase classname="com.example.tests.Radiobuttontest" name="testRadioCaptionFontSize" time="0.047"/>
  <testcase classname="com.example.tests.Radiobuttontest" name="testRadioCaptionTextColor" time="0.032"/>
  <testcase classname="com.example.tests.Radiobuttontest" name="testRadioCaptionBackgroundColor" time="0.042"/>
  <testcase classname="com.example.tests.Radiobuttontest" name="testRadioValueFontSize" time="0.036"/>
  <testcase classname="com.example.tests.Radiobuttontest" name="testRadioValueFontColor" time="0.032"/>
  <testcase classname="com.example.tests.Radiobuttontest" name="verify_RadioButtonVisibilityTest" time="0.167"/>
  <testcase classname="com.example.tests.Radiobuttontest" name="verify_LanguageData_On_Translator_Click" time="0.013"/>
  <testcase classname="com.example.tests.Radiobuttontest" name="verify_Selected_RadioButton_Captions_Are_Different" time="0.025"/>
  <testcase classname="com.example.tests.MultilineTextboxTest" name="Multilingual" time="17.581"/>
  <testcase classname="com.example.tests.MultilineTextboxTest" name="verify_LanguageData_On_Translator_Click" time="0.018"/>
  <testcase classname="com.example.tests.MultilineTextboxTest" name="MultilineCaptionVisibility" time="0.017"/>
  <testcase classname="com.example.tests.MultilineTextboxTest" name="MultilineDefaultValueVisible" time="0.054"/>
  <testcase classname="com.example.tests.MultilineTextboxTest" name="MultilineMaxLength" time="0.042"/>
  <testcase classname="com.example.tests.MultilineTextboxTest" name="CaptionIsDisplayedOnLeftOfmultilineTextbox" time="0.045"/>
  <testcase classname="com.example.tests.MultilineTextboxTest" name="CaptionFontSize" time="0.025"/>
  <testcase classname="com.example.tests.MultilineTextboxTest" name="CaptionTextColor" time="0.022"/>
  <testcase classname="com.example.tests.MultilineTextboxTest" name="CaptionBackgroundColor" time="0.014"/>
  <testcase classname="com.example.tests.MultilineTextboxTest" name="MultilineCaptionFontFamily" time="0.022"/>
  <testcase classname="com.example.tests.MultilineTextboxTest" name="MultilineCaptionFontBold" time="0.019"/>
  <testcase classname="com.example.tests.MultilineTextboxTest" name="VerifymultilineValueFontSize" time="0.012"/>
  <testcase classname="com.example.tests.MultilineTextboxTest" name="MultilineValueFontFamily" time="0.025"/>
  <testcase classname="com.example.tests.MultilineTextboxTest" name="MultilineValueFontStyle" time="0.014"/>
  <testcase classname="com.example.tests.MultilineTextboxTest" name="MultilineValueTextColor1" time="0.015"/>
  <testcase classname="com.example.tests.MultilineTextboxTest" name="MultilineValueBackgroundColor1" time="0.012"/>
  <testcase classname="com.example.tests.MultilineTextboxTest" name="Mandatory_Field_Validation" time="2.602"/>
  <testcase classname="com.example.tests.HeadingLabelTest" name="Multilingual" time="17.158"/>
  <testcase classname="com.example.tests.HeadingLabelTest" name="verify_LanguageData_On_Translator_Click" time="0.019"/>
  <testcase classname="com.example.tests.HeadingLabelTest" name="verifyHeadingLabelCaption" time="0.026"/>
  <testcase classname="com.example.tests.HeadingLabelTest" name="verifyshowCaption" time="0.031"/>
  <testcase classname="com.example.tests.HeadingLabelTest" name="VerifyHeadingLabelValueFontSize" time="0.04"/>
  <testcase classname="com.example.tests.HeadingLabelTest" name="VerifyHeadingLabelValueFontFamily" time="0.045"/>
  <testcase classname="com.example.tests.HeadingLabelTest" name="Verify_HeadingLabel_Value_FontColor" time="0.134"/>
  <testcase classname="com.example.tests.HeadingLabelTest" name="VerifyHeadingLabelValueBackgroundColor" time="0.019"/>
  <testcase classname="com.example.tests.HeadingLabelTest" name="VerifyHeadingLabelValuefontstyle" time="0.024"/>
  <testcase classname="com.example.tests.UpdateButtonTest" name="Multilingual" time="17.531"/>
  <testcase classname="com.example.tests.UpdateButtonTest" name="verifyHindiCaptionSavedAndVisibleForUpdateButton" time="0.192"/>
  <testcase classname="com.example.tests.UpdateButtonTest" name="verifySaveButtonNameChnageInHindi" time="0.12">
    <failure type="java.lang.AssertionError" message="[FAIL] Hindi Update button is not visible expected [true] but found [false]">
      <![CDATA[java.lang.AssertionError: [FAIL] Hindi Update button is not visible expected [true] but found [false]
at com.example.pages.UpdateButtonPage.verifySaveButtonNameChnageInHindi(UpdateButtonPage.java:73)
at com.example.tests.UpdateButtonTest.verifySaveButtonNameChnageInHindi(UpdateButtonTest.java:72)
at java.base/java.util.ArrayList.forEach(ArrayList.java:1511)
... Removed 30 stack frames]]>
    </failure>
  </testcase> <!-- verifySaveButtonNameChnageInHindi -->
  <testcase classname="com.example.tests.UpdateButtonTest" name="verifyFormButtonNameRemainsEnglishAfterLanguageChange" time="0.209"/>
  <testcase classname="com.example.tests.UpdateButtonTest" name="verifyCaptionPropertyIsVisibleForCaptionTestControl" time="30.008">
    <failure type="com.microsoft.playwright.TimeoutError" message="Error {
  message=&amp;apos;Timeout 30000ms exceeded.
  name=&amp;apos;TimeoutError
  stack=&amp;apos;TimeoutError: Timeout 30000ms exceeded.
    at ProgressController.run (C:\Users\DELL\AppData\Local\Temp\playwright-java-8115715589163879982\package\lib\server\progress.js:86:28)
    at FrameDispatcher._runCommand (C:\Users\DELL\AppData\Local\Temp\playwright-java-8115715589163879982\package\lib\server\dispatchers\dispatcher.js:91:31)
    at DispatcherConnection.dispatch (C:\Users\DELL\AppData\Local\Temp\playwright-java-8115715589163879982\package\lib\server\dispatchers\dispatcher.js:325:39)
}
Call log:
-   - waiting for locator(&amp;quot;text= Caption Test&amp;quot;).first()
">
      <![CDATA[com.microsoft.playwright.TimeoutError: Error {
  message='Timeout 30000ms exceeded.
  name='TimeoutError
  stack='TimeoutError: Timeout 30000ms exceeded.
    at ProgressController.run (C:\Users\DELL\AppData\Local\Temp\playwright-java-8115715589163879982\package\lib\server\progress.js:86:28)
    at FrameDispatcher._runCommand (C:\Users\DELL\AppData\Local\Temp\playwright-java-8115715589163879982\package\lib\server\dispatchers\dispatcher.js:91:31)
    at DispatcherConnection.dispatch (C:\Users\DELL\AppData\Local\Temp\playwright-java-8115715589163879982\package\lib\server\dispatchers\dispatcher.js:325:39)
}
Call log:
-   - waiting for locator("text= Caption Test").first()

at com.microsoft.playwright.impl.WaitableResult.get(WaitableResult.java:52)
at com.microsoft.playwright.impl.ChannelOwner.runUntil(ChannelOwner.java:138)
at com.microsoft.playwright.impl.Connection.sendMessage(Connection.java:131)
at com.microsoft.playwright.impl.ChannelOwner.sendMessage(ChannelOwner.java:124)
at com.microsoft.playwright.impl.FrameImpl.clickImpl(FrameImpl.java:244)
at com.microsoft.playwright.impl.LocatorImpl.click(LocatorImpl.java:164)
at com.microsoft.playwright.Locator.click(Locator.java:2543)
at com.example.pages.UpdateButtonPage.verifyCaptionPropertyIsVisibleForCaptionTestControl(UpdateButtonPage.java:119)
at com.example.tests.UpdateButtonTest.verifyCaptionPropertyIsVisibleForCaptionTestControl(UpdateButtonTest.java:87)
at java.base/java.util.ArrayList.forEach(ArrayList.java:1511)
Caused by: com.microsoft.playwright.TimeoutError: Error {
  message='Timeout 30000ms exceeded.
  name='TimeoutError
  stack='TimeoutError: Timeout 30000ms exceeded.
    at ProgressController.run (C:\Users\DELL\AppData\Local\Temp\playwright-java-8115715589163879982\package\lib\server\progress.js:86:28)
    at FrameDispatcher._runCommand (C:\Users\DELL\AppData\Local\Temp\playwright-java-8115715589163879982\package\lib\server\dispatchers\dispatcher.js:91:31)
    at DispatcherConnection.dispatch (C:\Users\DELL\AppData\Local\Temp\playwright-java-8115715589163879982\package\lib\server\dispatchers\dispatcher.js:325:39)
}
Call log:
-   - waiting for locator("text= Caption Test").first()

at com.microsoft.playwright.impl.Connection.dispatch(Connection.java:257)
at com.microsoft.playwright.impl.Connection.processOneMessage(Connection.java:214)
at com.microsoft.playwright.impl.ChannelOwner.runUntil(ChannelOwner.java:136)
... 35 more
... Removed 27 stack frames]]>
    </failure>
  </testcase> <!-- verifyCaptionPropertyIsVisibleForCaptionTestControl -->
  <testcase classname="com.example.tests.UpdateButtonTest" name="verifyVisibilityYControlIsVisible" time="0.032"/>
  <testcase classname="com.example.tests.UpdateButtonTest" name="verifyVisibilityNControlIsNotVisible" time="0.021"/>
  <testcase classname="com.example.tests.UpdateButtonTest" name="verifyFontSizeIs30" time="0.069"/>
  <testcase classname="com.example.tests.UpdateButtonTest" name="verifyFontStyleIsBold" time="0.039"/>
  <testcase classname="com.example.tests.UpdateButtonTest" name="verifyFontColor" time="0.036"/>
  <testcase classname="com.example.tests.UpdateButtonTest" name="verifyBackgroundColor" time="0.041"/>
  <testcase classname="com.example.tests.AddButtontest" name="Multilingual" time="17.484"/>
  <testcase classname="com.example.tests.AddButtontest" name="verifyHindiCaptionSavedAndVisibleForUpdateButton" time="0.194"/>
  <testcase classname="com.example.tests.AddButtontest" name="verifySaveButtonNameChnageInHindi" time="0.179"/>
  <testcase classname="com.example.tests.AddButtontest" name="verifyFormButtonNameRemainsEnglishAfterLanguageChange" time="0.15"/>
  <testcase classname="com.example.tests.AddButtontest" name="verifyCaptionPropertyIsVisibleForCaptionTestControl" time="30.013">
    <failure type="com.microsoft.playwright.TimeoutError" message="Error {
  message=&amp;apos;Timeout 30000ms exceeded.
  name=&amp;apos;TimeoutError
  stack=&amp;apos;TimeoutError: Timeout 30000ms exceeded.
    at ProgressController.run (C:\Users\DELL\AppData\Local\Temp\playwright-java-8115715589163879982\package\lib\server\progress.js:86:28)
    at FrameDispatcher._runCommand (C:\Users\DELL\AppData\Local\Temp\playwright-java-8115715589163879982\package\lib\server\dispatchers\dispatcher.js:91:31)
    at DispatcherConnection.dispatch (C:\Users\DELL\AppData\Local\Temp\playwright-java-8115715589163879982\package\lib\server\dispatchers\dispatcher.js:325:39)
}
Call log:
-   - waiting for getByRole(AriaRole.BUTTON, new Page.GetByRoleOptions().setName(&amp;quot;Caption Test&amp;quot;))
">
      <![CDATA[com.microsoft.playwright.TimeoutError: Error {
  message='Timeout 30000ms exceeded.
  name='TimeoutError
  stack='TimeoutError: Timeout 30000ms exceeded.
    at ProgressController.run (C:\Users\DELL\AppData\Local\Temp\playwright-java-8115715589163879982\package\lib\server\progress.js:86:28)
    at FrameDispatcher._runCommand (C:\Users\DELL\AppData\Local\Temp\playwright-java-8115715589163879982\package\lib\server\dispatchers\dispatcher.js:91:31)
    at DispatcherConnection.dispatch (C:\Users\DELL\AppData\Local\Temp\playwright-java-8115715589163879982\package\lib\server\dispatchers\dispatcher.js:325:39)
}
Call log:
-   - waiting for getByRole(AriaRole.BUTTON, new Page.GetByRoleOptions().setName("Caption Test"))

at com.microsoft.playwright.impl.WaitableResult.get(WaitableResult.java:52)
at com.microsoft.playwright.impl.ChannelOwner.runUntil(ChannelOwner.java:138)
at com.microsoft.playwright.impl.Connection.sendMessage(Connection.java:131)
at com.microsoft.playwright.impl.ChannelOwner.sendMessage(ChannelOwner.java:124)
at com.microsoft.playwright.impl.FrameImpl.waitForSelectorImpl(FrameImpl.java:998)
at com.microsoft.playwright.impl.FrameImpl.waitForSelector(FrameImpl.java:988)
at com.microsoft.playwright.impl.LocatorImpl.elementHandle(LocatorImpl.java:232)
at com.microsoft.playwright.impl.LocatorImpl.lambda$withElement$0(LocatorImpl.java:80)
at com.microsoft.playwright.impl.ChannelOwner.withTitle(ChannelOwner.java:98)
at com.microsoft.playwright.impl.LocatorImpl.withElement(LocatorImpl.java:71)
at com.microsoft.playwright.impl.LocatorImpl.scrollIntoViewIfNeeded(LocatorImpl.java:507)
at com.microsoft.playwright.Locator.scrollIntoViewIfNeeded(Locator.java:4499)
at com.example.pages.AddButton.verifyCaptionPropertyIsVisibleForCaptionTestControl(AddButton.java:89)
at com.example.tests.AddButtontest.verifyCaptionPropertyIsVisibleForCaptionTestControl(AddButtontest.java:93)
at java.base/java.util.ArrayList.forEach(ArrayList.java:1511)
Caused by: com.microsoft.playwright.TimeoutError: Error {
  message='Timeout 30000ms exceeded.
  name='TimeoutError
  stack='TimeoutError: Timeout 30000ms exceeded.
    at ProgressController.run (C:\Users\DELL\AppData\Local\Temp\playwright-java-8115715589163879982\package\lib\server\progress.js:86:28)
    at FrameDispatcher._runCommand (C:\Users\DELL\AppData\Local\Temp\playwright-java-8115715589163879982\package\lib\server\dispatchers\dispatcher.js:91:31)
    at DispatcherConnection.dispatch (C:\Users\DELL\AppData\Local\Temp\playwright-java-8115715589163879982\package\lib\server\dispatchers\dispatcher.js:325:39)
}
Call log:
-   - waiting for getByRole(AriaRole.BUTTON, new Page.GetByRoleOptions().setName("Caption Test"))

at com.microsoft.playwright.impl.Connection.dispatch(Connection.java:257)
at com.microsoft.playwright.impl.Connection.processOneMessage(Connection.java:214)
at com.microsoft.playwright.impl.ChannelOwner.runUntil(ChannelOwner.java:136)
... 40 more
... Removed 27 stack frames]]>
    </failure>
  </testcase> <!-- verifyCaptionPropertyIsVisibleForCaptionTestControl -->
  <testcase classname="com.example.tests.AddButtontest" name="verifyVisibilityYControlIsVisible" time="0.033"/>
  <testcase classname="com.example.tests.AddButtontest" name="verifyVisibilityNControlIsNotVisible" time="0.023"/>
  <testcase classname="com.example.tests.AddButtontest" name="verifyFontSizeIs30" time="0.073"/>
  <testcase classname="com.example.tests.AddButtontest" name="verifyFontStyleIsBold" time="0.04"/>
  <testcase classname="com.example.tests.AddButtontest" name="verifyFontColor" time="0.039"/>
  <testcase classname="com.example.tests.AddButtontest" name="verifyBackgroundColor" time="0.048"/>
  <testcase classname="com.example.tests.SaveButtonTest" name="Multilingual" time="17.463"/>
  <testcase classname="com.example.tests.SaveButtonTest" name="verifySaveButtonNameChnageInHindi" time="0.185"/>
  <testcase classname="com.example.tests.SaveButtonTest" name="verifyFormButtonNameRemainsEnglishAfterLanguageChange" time="0.119"/>
  <testcase classname="com.example.tests.SaveButtonTest" name="verifyHindiInputSavedAndVisibleInGrid" time="1.145"/>
  <testcase classname="com.example.tests.SaveButtonTest" name="verifySaveButtonNameInHindi" time="0.151"/>
  <testcase classname="com.example.tests.SaveButtonTest" name="verifyCaptionPropertyIsVisibleForCaptionTestControl" time="0.22"/>
  <testcase classname="com.example.tests.SaveButtonTest" name="verifyVisibilityYControlIsVisible" time="0.026"/>
  <testcase classname="com.example.tests.SaveButtonTest" name="verifyVisibilityNControlIsNotVisible" time="0.52"/>
  <testcase classname="com.example.tests.SaveButtonTest" name="verifyFontSizeIs25" time="0.168"/>
  <testcase classname="com.example.tests.SaveButtonTest" name="verifyFontStyleIsBold" time="0.079"/>
  <testcase classname="com.example.tests.SaveButtonTest" name="verifyFontColor" time="0.064"/>
  <testcase classname="com.example.tests.SaveButtonTest" name="verifyBackgroundColor" time="0.039"/>
  <testcase classname="com.example.tests.ButtonTest" name="loginFunctionality" time="6.859"/>
  <testcase classname="com.example.tests.ButtonTest" name="testAdminRole" time="5.06"/>
  <testcase classname="com.example.tests.ButtonTest" name="verifyButtonNameInHindi" time="5.794"/>
  <testcase classname="com.example.tests.ButtonTest" name="verifyFormButtonNameRemainsEnglishAfterLanguageChange" time="0.144"/>
  <testcase classname="com.example.tests.ButtonTest" name="verifyCaptionPropertyIsVisibleForCaptionTestControl" time="0.186"/>
  <testcase classname="com.example.tests.ButtonTest" name="verifyImageIsLeftOfCaptionForImageButton" time="0.211"/>
  <testcase classname="com.example.tests.ButtonTest" name="verifyWidthButtonSizeIs50" time="0.073"/>
  <testcase classname="com.example.tests.ButtonTest" name="verifyVisibilityYControlIsVisible" time="0.024"/>
  <testcase classname="com.example.tests.ButtonTest" name="verifyVisibilityNControlIsNotVisible" time="0.034"/>
  <testcase classname="com.example.tests.ButtonTest" name="verifyFontSizeIs25" time="0.077"/>
  <testcase classname="com.example.tests.ButtonTest" name="verifyFontStyleIsBold" time="0.077"/>
  <testcase classname="com.example.tests.ButtonTest" name="verifyFontColor" time="0.067"/>
  <testcase classname="com.example.tests.ButtonTest" name="verifyBackgroundColor" time="0.083"/>
  <testcase classname="com.example.tests.DropdownListTest" name="loginFunctionality" time="5.96"/>
  <testcase classname="com.example.tests.DropdownListTest" name="testAdminRole" time="5.074"/>
  <testcase classname="com.example.tests.DropdownListTest" name="verifyDropdownNameInHindi" time="6.033"/>
  <testcase classname="com.example.tests.DropdownListTest" name="verifyHindiCaptionForComplaintType" time="0.152"/>
  <testcase classname="com.example.tests.DropdownListTest" name="verifyFormButtonNameRemainsEnglishAfterLanguageChange" time="0.142"/>
  <testcase classname="com.example.tests.DropdownListTest" name="verifyCaptionPropertyIsVisibleForCaptionTestControl" time="0.155">
    <failure type="java.lang.AssertionError" message="[FAIL] Caption property is not visible to the user expected [true] but found [false]">
      <![CDATA[java.lang.AssertionError: [FAIL] Caption property is not visible to the user expected [true] but found [false]
at com.example.tests.DropdownListTest.verifyCaptionPropertyIsVisibleForCaptionTestControl(DropdownListTest.java:152)
at java.base/java.util.ArrayList.forEach(ArrayList.java:1511)
... Removed 30 stack frames]]>
    </failure>
  </testcase> <!-- verifyCaptionPropertyIsVisibleForCaptionTestControl -->
  <testcase classname="com.example.tests.DropdownListTest" name="verifyImageIsLeftOfCaptionForImageButton" time="0.027">
    <failure type="java.lang.AssertionError" message="[FAIL] Image button is not visible expected [true] but found [false]">
      <![CDATA[java.lang.AssertionError: [FAIL] Image button is not visible expected [true] but found [false]
at com.example.tests.DropdownListTest.verifyImageIsLeftOfCaptionForImageButton(DropdownListTest.java:172)
at java.base/java.util.ArrayList.forEach(ArrayList.java:1511)
... Removed 30 stack frames]]>
    </failure>
  </testcase> <!-- verifyImageIsLeftOfCaptionForImageButton -->
  <testcase classname="com.example.tests.DropdownListTest" name="verifyWidthButtonSizeIs50" time="0.779">
    <failure type="java.lang.AssertionError" message="[FAIL] Width button size is not in the range 45 to 60. Actual width: 69.7708740234375 expected [true] but found [false]">
      <![CDATA[java.lang.AssertionError: [FAIL] Width button size is not in the range 45 to 60. Actual width: 69.7708740234375 expected [true] but found [false]
at com.example.tests.DropdownListTest.verifyWidthButtonSizeIs50(DropdownListTest.java:228)
at java.base/java.util.ArrayList.forEach(ArrayList.java:1511)
... Removed 30 stack frames]]>
    </failure>
  </testcase> <!-- verifyWidthButtonSizeIs50 -->
  <testcase classname="com.example.tests.CheckBoxTest" name="loginFunctionality" time="5.943"/>
  <testcase classname="com.example.tests.CheckBoxTest" name="testAdminRole" time="5.079"/>
  <testcase classname="com.example.tests.CheckBoxTest" name="testControlTestProject" time="9.007"/>
  <testcase classname="com.example.tests.CheckBoxTest" name="verifyCheckbox_control_testSuccessfullyOpen" time="0.008"/>
  <testcase classname="com.example.tests.CheckboxDropDownTest" name="loginFunctionality" time="5.956"/>
  <testcase classname="com.example.tests.CheckboxDropDownTest" name="testAdminRole" time="2.08"/>
  <testcase classname="com.example.tests.CheckboxDropDownTest" name="testControlTestProject" time="11.427"/>
  <testcase classname="com.example.tests.CheckboxDropDownTest" name="verifyCheckboxDropDownFontSize" time="0.037"/>
  <testcase classname="com.example.tests.CheckboxDropDownTest" name="verifyUniqueControlNamesOnSingleForm" time="0.014"/>
  <testcase classname="com.example.tests.CheckboxDropDownTest" name="verifyCaptionFontColor" time="0.002"/>
  <testcase classname="com.example.tests.CheckboxDropDownTest" name="verifyBackgroundColor_Checkbox" time="0.003"/>
  <testcase classname="com.example.tests.GridTest" name="loginFunctionality" time="6.405"/>
  <testcase classname="com.example.tests.GridTest" name="testAdminRole" time="5.071"/>
  <testcase classname="com.example.tests.GridTest" name="testControlTestProject" time="8.189"/>
  <testcase classname="com.example.tests.GridTest" name="verify_GridForm_SuccessfullyOpen" time="0.657"/>
  <testcase classname="com.example.tests.GridTest" name="verifyTranslatorWorking" time="0.527"/>
  <testcase classname="com.example.tests.GridTest" name="verifyGridCaptionFontSize" time="1.564"/>
  <testcase classname="com.example.tests.GridTest" name="verifyGridCaptionFontColor" time="0.004"/>
  <testcase classname="com.example.tests.GridTest" name="verifyGridEnabled" time="1.423"/>
  <testcase classname="com.example.tests.Labeltest" name="loginFunctionality" time="5.896"/>
  <testcase classname="com.example.tests.Labeltest" name="testAdminRole" time="2.081"/>
  <testcase classname="com.example.tests.Labeltest" name="testControlTestProject" time="13.533"/>
  <testcase classname="com.example.tests.Labeltest" name="verifyLabel_control_PageSuccessfullyOpen" time="0.008"/>
  <testcase classname="com.example.tests.Labeltest" name="verifyCaptionVisiblity" time="0.697"/>
  <testcase classname="com.example.tests.Labeltest" name="verifyFormSubmissionWithoutFillingzTheMandatoryField" time="0.287"/>
  <testcase classname="com.example.tests.Labeltest" name="verifyTranslatorWorking" time="1.166"/>
  <testcase classname="com.example.tests.Labeltest" name="verifyUniqueControlNamesOnSingleForm" time="0.031"/>
  <testcase classname="com.example.tests.Labeltest" name="verifyCheckboxDisplayed" time="0.62"/>
  <testcase classname="com.example.tests.Labeltest" name="verifyCaptionFontSize" time="0.58"/>
  <testcase classname="com.example.tests.Labeltest" name="verifyCaptionFotColor" time="0.539"/>
  <testcase classname="com.example.tests.Labeltest" name="verifyBackgroundColor_Checkbox" time="0.552"/>
  <testcase classname="com.example.tests.Labeltest" name="verifyWidthOfTheControl" time="0.658"/>
  <testcase classname="com.example.tests.Labeltest" name="verifyCheckboxEnabled" time="0.595"/>
</testsuite> <!-- AppSavy Tests -->
