<?xml version="1.0" encoding="UTF-8"?>
<!-- Generated by org.testng.reporters.JUnitXMLReporter -->
<testsuite ignored="0" hostname="DESKTOP-B566NJ2" failures="0" tests="22" name="Login and Dashboard Tests" time="95.115" errors="0" timestamp="2026-02-02T08:58:38 IST">
  <testcase classname="com.example.tests.LoginTest2" name="testSuccessfulLogin" time="6.089"/>
  <testcase classname="com.example.tests.AdminRoleTest" name="testAdminRoleFunctionality" time="5.767"/>
  <testcase classname="com.example.tests.AdminRoleTest" name="testAdminRole" time="3.471"/>
  <testcase classname="com.example.tests.AdminRoleTest" name="testUserButton" time="1.796"/>
  <testcase classname="com.example.tests.ControlTestPro" name="loginFunctionality" time="5.815"/>
  <testcase classname="com.example.tests.ControlTestPro" name="testAdminRole" time="2.073"/>
  <testcase classname="com.example.tests.ControlTestPro" name="testControlTestProject" time="10.34"/>
  <testcase classname="com.example.tests.Multilingualtest" name="Multilingual" time="18.619"/>
  <testcase classname="com.example.tests.Multilingualtest" name="testMultilingualFunctionality" time="5.722"/>
  <testcase classname="com.example.tests.Multilingualtest" name="testMultilingualFunctionality" time="4.087"/>
  <testcase classname="com.example.tests.Multilingualtest" name="testTextboxCaptionColorSizeAndBackground" time="0.113"/>
  <testcase classname="com.example.tests.Multilingualtest" name="testMaxLengthFunctionality" time="0.142"/>
  <testcase classname="com.example.tests.Multilingualtest" name="testTextboxvalueColorSizeAndBackground" time="0.074"/>
  <testcase classname="com.example.tests.Multilingualtest" name="testMaxLengthMandatoryValidation" time="1.678"/>
  <testcase classname="com.example.tests.Multilingualtest" name="testverifyCaptionShowTest" time="0.05"/>
  <testcase classname="com.example.tests.Multilingualtest" name="testVerifyCaptionNotShown" time="0.02"/>
  <testcase classname="com.example.tests.Multilingualtest" name="testInvalidEmailShowsErrorPopup" time="1.959"/>
  <testcase classname="com.example.tests.Multilingualtest" name="testValidEmailSubmitsFormSuccessfully" time="1.997"/>
  <testcase classname="com.example.tests.Multilingualtest" name="testCaptionIsDisplayedOnLeftOfTextbox" time="0.078"/>
  <testcase classname="com.example.tests.Multilingualtest" name="testVerifyAlphanumericDataTypeAllowsAlphaNumericInput" time="6.046"/>
  <testcase classname="com.example.tests.Multilingualtest" name="testDefaultValueVisible" time="1.912"/>
  <testcase classname="com.example.tests.Multilingualtest" name="testUniqueProperty" time="2.095"/>
</testsuite> <!-- Login and Dashboard Tests -->
