<?xml version="1.0" encoding="UTF-8"?>
<testng-results ignored="0" total="14" passed="14" failed="0" skipped="0">
  <reporter-output>
  </reporter-output>
  <suite started-at="2026-03-05T12:07:20 IST" name="Playwright POM + ExtentReports Suite" finished-at="2026-03-05T12:08:10 IST" duration-ms="50459">
    <groups>
    </groups>
    <test started-at="2026-03-05T12:07:20 IST" name="AppSavy Tests" finished-at="2026-03-05T12:08:10 IST" duration-ms="50459">
      <class name="com.example.tests.Labeltest">
        <test-method is-config="true" signature="setupPlaywright()[pri:0, instance:com.example.tests.Labeltest@2cd76f31]" started-at="2026-03-05T12:07:20 IST" name="setupPlaywright" finished-at="2026-03-05T12:07:39 IST" duration-ms="18628" status="PASS">
          <reporter-output>
          </reporter-output>
        </test-method> <!-- setupPlaywright -->
        <test-method is-config="true" signature="initPages()[pri:0, instance:com.example.tests.Labeltest@2cd76f31]" started-at="2026-03-05T12:07:39 IST" name="initPages" finished-at="2026-03-05T12:07:41 IST" duration-ms="2033" status="PASS">
          <reporter-output>
          </reporter-output>
        </test-method> <!-- initPages -->
        <test-method signature="loginFunctionality()[pri:1, instance:com.example.tests.Labeltest@2cd76f31]" started-at="2026-03-05T12:07:41 IST" name="loginFunctionality" description="Verify Admin Role Functionality" finished-at="2026-03-05T12:07:49 IST" duration-ms="7844" status="PASS">
          <reporter-output>
          </reporter-output>
        </test-method> <!-- loginFunctionality -->
        <test-method is-config="true" signature="captureFailureScreenshot(org.testng.ITestResult)[pri:0, instance:com.example.tests.Labeltest@2cd76f31]" started-at="2026-03-05T12:07:49 IST" name="captureFailureScreenshot" finished-at="2026-03-05T12:07:49 IST" duration-ms="0" status="PASS">
          <params>
            <param index="0">
              <value>
                <![CDATA[[TestResult name=loginFunctionality status=SUCCESS method=Labeltest.loginFunctionality()[pri:1, instance:com.example.tests.Labeltest@2cd76f31] output={null}]]]>
              </value>
            </param>
          </params>
          <reporter-output>
          </reporter-output>
        </test-method> <!-- captureFailureScreenshot -->
        <test-method signature="testAdminRole()[pri:2, instance:com.example.tests.Labeltest@2cd76f31]" started-at="2026-03-05T12:07:49 IST" name="testAdminRole" description="Verify Admin Role Functionality" finished-at="2026-03-05T12:07:51 IST" duration-ms="2078" status="PASS">
          <reporter-output>
          </reporter-output>
        </test-method> <!-- testAdminRole -->
        <test-method is-config="true" signature="captureFailureScreenshot(org.testng.ITestResult)[pri:0, instance:com.example.tests.Labeltest@2cd76f31]" started-at="2026-03-05T12:07:51 IST" name="captureFailureScreenshot" finished-at="2026-03-05T12:07:51 IST" duration-ms="1" status="PASS">
          <params>
            <param index="0">
              <value>
                <![CDATA[[TestResult name=testAdminRole status=SUCCESS method=Labeltest.testAdminRole()[pri:2, instance:com.example.tests.Labeltest@2cd76f31] output={null}]]]>
              </value>
            </param>
          </params>
          <reporter-output>
          </reporter-output>
        </test-method> <!-- captureFailureScreenshot -->
        <test-method signature="testControlTestProject()[pri:3, instance:com.example.tests.Labeltest@2cd76f31]" started-at="2026-03-05T12:07:51 IST" name="testControlTestProject" description="Verify Control Test Functionality" finished-at="2026-03-05T12:08:05 IST" duration-ms="14139" status="PASS">
          <reporter-output>
          </reporter-output>
        </test-method> <!-- testControlTestProject -->
        <test-method is-config="true" signature="captureFailureScreenshot(org.testng.ITestResult)[pri:0, instance:com.example.tests.Labeltest@2cd76f31]" started-at="2026-03-05T12:08:05 IST" name="captureFailureScreenshot" finished-at="2026-03-05T12:08:05 IST" duration-ms="1" status="PASS">
          <params>
            <param index="0">
              <value>
                <![CDATA[[TestResult name=testControlTestProject status=SUCCESS method=Labeltest.testControlTestProject()[pri:3, instance:com.example.tests.Labeltest@2cd76f31] output={null}]]]>
              </value>
            </param>
          </params>
          <reporter-output>
          </reporter-output>
        </test-method> <!-- captureFailureScreenshot -->
        <test-method signature="verifyLabel_control_PageSuccessfullyOpen()[pri:5, instance:com.example.tests.Labeltest@2cd76f31]" started-at="2026-03-05T12:08:05 IST" name="verifyLabel_control_PageSuccessfullyOpen" description="by fetching the page title, verifying the correct page is opened" finished-at="2026-03-05T12:08:05 IST" duration-ms="15" status="PASS">
          <reporter-output>
          </reporter-output>
        </test-method> <!-- verifyLabel_control_PageSuccessfullyOpen -->
        <test-method signature="verifyCaptionVisiblity()[pri:6, instance:com.example.tests.Labeltest@2cd76f31]" started-at="2026-03-05T12:08:05 IST" name="verifyCaptionVisiblity" description="verifying that caption of the control is visible" finished-at="2026-03-05T12:08:06 IST" duration-ms="552" status="PASS">
          <reporter-output>
          </reporter-output>
        </test-method> <!-- verifyCaptionVisiblity -->
        <test-method is-config="true" signature="captureFailureScreenshot(org.testng.ITestResult)[pri:0, instance:com.example.tests.Labeltest@2cd76f31]" started-at="2026-03-05T12:08:05 IST" name="captureFailureScreenshot" finished-at="2026-03-05T12:08:05 IST" duration-ms="0" status="PASS">
          <params>
            <param index="0">
              <value>
                <![CDATA[[TestResult name=verifyLabel_control_PageSuccessfullyOpen status=SUCCESS method=Labeltest.verifyLabel_control_PageSuccessfullyOpen()[pri:5, instance:com.example.tests.Labeltest@2cd76f31] output={null}]]]>
              </value>
            </param>
          </params>
          <reporter-output>
          </reporter-output>
        </test-method> <!-- captureFailureScreenshot -->
        <test-method is-config="true" signature="captureFailureScreenshot(org.testng.ITestResult)[pri:0, instance:com.example.tests.Labeltest@2cd76f31]" started-at="2026-03-05T12:08:06 IST" name="captureFailureScreenshot" finished-at="2026-03-05T12:08:06 IST" duration-ms="1" status="PASS">
          <params>
            <param index="0">
              <value>
                <![CDATA[[TestResult name=verifyCaptionVisiblity status=SUCCESS method=Labeltest.verifyCaptionVisiblity()[pri:6, instance:com.example.tests.Labeltest@2cd76f31] output={null}]]]>
              </value>
            </param>
          </params>
          <reporter-output>
          </reporter-output>
        </test-method> <!-- captureFailureScreenshot -->
        <test-method signature="verifyFormSubmissionWithoutFillingzTheMandatoryField()[pri:7, instance:com.example.tests.Labeltest@2cd76f31]" started-at="2026-03-05T12:08:06 IST" name="verifyFormSubmissionWithoutFillingzTheMandatoryField" description="verify blank mandatory field submission is successful" finished-at="2026-03-05T12:08:06 IST" duration-ms="211" status="PASS">
          <reporter-output>
          </reporter-output>
        </test-method> <!-- verifyFormSubmissionWithoutFillingzTheMandatoryField -->
        <test-method is-config="true" signature="captureFailureScreenshot(org.testng.ITestResult)[pri:0, instance:com.example.tests.Labeltest@2cd76f31]" started-at="2026-03-05T12:08:06 IST" name="captureFailureScreenshot" finished-at="2026-03-05T12:08:06 IST" duration-ms="2" status="PASS">
          <params>
            <param index="0">
              <value>
                <![CDATA[[TestResult name=verifyFormSubmissionWithoutFillingzTheMandatoryField status=SUCCESS method=Labeltest.verifyFormSubmissionWithoutFillingzTheMandatoryField()[pri:7, instance:com.example.tests.Labeltest@2cd76f31] output={null}]]]>
              </value>
            </param>
          </params>
          <reporter-output>
          </reporter-output>
        </test-method> <!-- captureFailureScreenshot -->
        <test-method signature="verifyTranslatorWorking()[pri:8, instance:com.example.tests.Labeltest@2cd76f31]" started-at="2026-03-05T12:08:06 IST" name="verifyTranslatorWorking" description="verifying translator is working fine for Label control" finished-at="2026-03-05T12:08:07 IST" duration-ms="746" status="PASS">
          <reporter-output>
          </reporter-output>
        </test-method> <!-- verifyTranslatorWorking -->
        <test-method is-config="true" signature="captureFailureScreenshot(org.testng.ITestResult)[pri:0, instance:com.example.tests.Labeltest@2cd76f31]" started-at="2026-03-05T12:08:07 IST" name="captureFailureScreenshot" finished-at="2026-03-05T12:08:07 IST" duration-ms="1" status="PASS">
          <params>
            <param index="0">
              <value>
                <![CDATA[[TestResult name=verifyTranslatorWorking status=SUCCESS method=Labeltest.verifyTranslatorWorking()[pri:8, instance:com.example.tests.Labeltest@2cd76f31] output={null}]]]>
              </value>
            </param>
          </params>
          <reporter-output>
          </reporter-output>
        </test-method> <!-- captureFailureScreenshot -->
        <test-method signature="verifyUniqueControlNamesOnSingleForm()[pri:9, instance:com.example.tests.Labeltest@2cd76f31]" started-at="2026-03-05T12:08:07 IST" name="verifyUniqueControlNamesOnSingleForm" description="verifying unique control names on a single form" finished-at="2026-03-05T12:08:07 IST" duration-ms="19" status="PASS">
          <reporter-output>
          </reporter-output>
        </test-method> <!-- verifyUniqueControlNamesOnSingleForm -->
        <test-method is-config="true" signature="captureFailureScreenshot(org.testng.ITestResult)[pri:0, instance:com.example.tests.Labeltest@2cd76f31]" started-at="2026-03-05T12:08:07 IST" name="captureFailureScreenshot" finished-at="2026-03-05T12:08:07 IST" duration-ms="1" status="PASS">
          <params>
            <param index="0">
              <value>
                <![CDATA[[TestResult name=verifyUniqueControlNamesOnSingleForm status=SUCCESS method=Labeltest.verifyUniqueControlNamesOnSingleForm()[pri:9, instance:com.example.tests.Labeltest@2cd76f31] output={null}]]]>
              </value>
            </param>
          </params>
          <reporter-output>
          </reporter-output>
        </test-method> <!-- captureFailureScreenshot -->
        <test-method signature="verifyCheckboxDisplayed()[pri:10, instance:com.example.tests.Labeltest@2cd76f31]" started-at="2026-03-05T12:08:07 IST" name="verifyCheckboxDisplayed" description="verifying that checkbox are displayed on the form" finished-at="2026-03-05T12:08:07 IST" duration-ms="524" status="PASS">
          <reporter-output>
          </reporter-output>
        </test-method> <!-- verifyCheckboxDisplayed -->
        <test-method is-config="true" signature="captureFailureScreenshot(org.testng.ITestResult)[pri:0, instance:com.example.tests.Labeltest@2cd76f31]" started-at="2026-03-05T12:08:07 IST" name="captureFailureScreenshot" finished-at="2026-03-05T12:08:07 IST" duration-ms="2" status="PASS">
          <params>
            <param index="0">
              <value>
                <![CDATA[[TestResult name=verifyCheckboxDisplayed status=SUCCESS method=Labeltest.verifyCheckboxDisplayed()[pri:10, instance:com.example.tests.Labeltest@2cd76f31] output={null}]]]>
              </value>
            </param>
          </params>
          <reporter-output>
          </reporter-output>
        </test-method> <!-- captureFailureScreenshot -->
        <test-method signature="verifyCaptionFontSize()[pri:11, instance:com.example.tests.Labeltest@2cd76f31]" started-at="2026-03-05T12:08:07 IST" name="verifyCaptionFontSize" finished-at="2026-03-05T12:08:08 IST" duration-ms="494" status="PASS">
          <reporter-output>
          </reporter-output>
        </test-method> <!-- verifyCaptionFontSize -->
        <test-method is-config="true" signature="captureFailureScreenshot(org.testng.ITestResult)[pri:0, instance:com.example.tests.Labeltest@2cd76f31]" started-at="2026-03-05T12:08:08 IST" name="captureFailureScreenshot" finished-at="2026-03-05T12:08:08 IST" duration-ms="1" status="PASS">
          <params>
            <param index="0">
              <value>
                <![CDATA[[TestResult name=verifyCaptionFontSize status=SUCCESS method=Labeltest.verifyCaptionFontSize()[pri:11, instance:com.example.tests.Labeltest@2cd76f31] output={null}]]]>
              </value>
            </param>
          </params>
          <reporter-output>
          </reporter-output>
        </test-method> <!-- captureFailureScreenshot -->
        <test-method signature="verifyCaptionFotColor()[pri:12, instance:com.example.tests.Labeltest@2cd76f31]" started-at="2026-03-05T12:08:08 IST" name="verifyCaptionFotColor" finished-at="2026-03-05T12:08:08 IST" duration-ms="501" status="PASS">
          <reporter-output>
          </reporter-output>
        </test-method> <!-- verifyCaptionFotColor -->
        <test-method is-config="true" signature="captureFailureScreenshot(org.testng.ITestResult)[pri:0, instance:com.example.tests.Labeltest@2cd76f31]" started-at="2026-03-05T12:08:08 IST" name="captureFailureScreenshot" finished-at="2026-03-05T12:08:08 IST" duration-ms="0" status="PASS">
          <params>
            <param index="0">
              <value>
                <![CDATA[[TestResult name=verifyCaptionFotColor status=SUCCESS method=Labeltest.verifyCaptionFotColor()[pri:12, instance:com.example.tests.Labeltest@2cd76f31] output={null}]]]>
              </value>
            </param>
          </params>
          <reporter-output>
          </reporter-output>
        </test-method> <!-- captureFailureScreenshot -->
        <test-method signature="verifyBackgroundColor_Checkbox()[pri:13, instance:com.example.tests.Labeltest@2cd76f31]" started-at="2026-03-05T12:08:08 IST" name="verifyBackgroundColor_Checkbox" description="verifying that checkboxes are displayed on the form" finished-at="2026-03-05T12:08:09 IST" duration-ms="456" status="PASS">
          <reporter-output>
          </reporter-output>
        </test-method> <!-- verifyBackgroundColor_Checkbox -->
        <test-method is-config="true" signature="captureFailureScreenshot(org.testng.ITestResult)[pri:0, instance:com.example.tests.Labeltest@2cd76f31]" started-at="2026-03-05T12:08:09 IST" name="captureFailureScreenshot" finished-at="2026-03-05T12:08:09 IST" duration-ms="1" status="PASS">
          <params>
            <param index="0">
              <value>
                <![CDATA[[TestResult name=verifyBackgroundColor_Checkbox status=SUCCESS method=Labeltest.verifyBackgroundColor_Checkbox()[pri:13, instance:com.example.tests.Labeltest@2cd76f31] output={null}]]]>
              </value>
            </param>
          </params>
          <reporter-output>
          </reporter-output>
        </test-method> <!-- captureFailureScreenshot -->
        <test-method signature="verifyWidthOfTheControl()[pri:15, instance:com.example.tests.Labeltest@2cd76f31]" started-at="2026-03-05T12:08:09 IST" name="verifyWidthOfTheControl" description="verifying width of the checkbox control on the form" finished-at="2026-03-05T12:08:09 IST" duration-ms="571" status="PASS">
          <reporter-output>
          </reporter-output>
        </test-method> <!-- verifyWidthOfTheControl -->
        <test-method is-config="true" signature="captureFailureScreenshot(org.testng.ITestResult)[pri:0, instance:com.example.tests.Labeltest@2cd76f31]" started-at="2026-03-05T12:08:09 IST" name="captureFailureScreenshot" finished-at="2026-03-05T12:08:09 IST" duration-ms="1" status="PASS">
          <params>
            <param index="0">
              <value>
                <![CDATA[[TestResult name=verifyWidthOfTheControl status=SUCCESS method=Labeltest.verifyWidthOfTheControl()[pri:15, instance:com.example.tests.Labeltest@2cd76f31] output={null}]]]>
              </value>
            </param>
          </params>
          <reporter-output>
          </reporter-output>
        </test-method> <!-- captureFailureScreenshot -->
        <test-method signature="verifyCheckboxEnabled()[pri:16, instance:com.example.tests.Labeltest@2cd76f31]" started-at="2026-03-05T12:08:09 IST" name="verifyCheckboxEnabled" description="verifying that checkbox is enabled on the form" finished-at="2026-03-05T12:08:10 IST" duration-ms="515" status="PASS">
          <reporter-output>
          </reporter-output>
        </test-method> <!-- verifyCheckboxEnabled -->
        <test-method is-config="true" signature="captureFailureScreenshot(org.testng.ITestResult)[pri:0, instance:com.example.tests.Labeltest@2cd76f31]" started-at="2026-03-05T12:08:10 IST" name="captureFailureScreenshot" finished-at="2026-03-05T12:08:10 IST" duration-ms="0" status="PASS">
          <params>
            <param index="0">
              <value>
                <![CDATA[[TestResult name=verifyCheckboxEnabled status=SUCCESS method=Labeltest.verifyCheckboxEnabled()[pri:16, instance:com.example.tests.Labeltest@2cd76f31] output={null}]]]>
              </value>
            </param>
          </params>
          <reporter-output>
          </reporter-output>
        </test-method> <!-- captureFailureScreenshot -->
        <test-method is-config="true" signature="teardownPlaywright()[pri:0, instance:com.example.tests.Labeltest@2cd76f31]" started-at="2026-03-05T12:08:10 IST" name="teardownPlaywright" finished-at="2026-03-05T12:08:10 IST" duration-ms="603" status="PASS">
          <reporter-output>
          </reporter-output>
        </test-method> <!-- teardownPlaywright -->
      </class> <!-- com.example.tests.Labeltest -->
    </test> <!-- AppSavy Tests -->
  </suite> <!-- Playwright POM + ExtentReports Suite -->
</testng-results>
