<?xml version="1.0" encoding="UTF-8"?>
<testng-results ignored="0" total="5" passed="5" failed="0" skipped="0">
  <reporter-output>
  </reporter-output>
  <suite started-at="2026-03-17T08:17:59 IST" name="Default suite" finished-at="2026-03-17T08:19:00 IST" duration-ms="60592">
    <groups>
    </groups>
    <test started-at="2026-03-17T08:17:59 IST" name="Default test" finished-at="2026-03-17T08:19:00 IST" duration-ms="60592">
      <class name="com.example.tests.ShowHideTest">
        <test-method is-config="true" signature="setupPlaywright()[pri:0, instance:com.example.tests.ShowHideTest@3d285d7e]" started-at="2026-03-17T08:17:59 IST" name="setupPlaywright" finished-at="2026-03-17T08:18:11 IST" duration-ms="11137" status="PASS">
          <reporter-output>
          </reporter-output>
        </test-method> <!-- setupPlaywright -->
        <test-method is-config="true" signature="initPages()[pri:0, instance:com.example.tests.ShowHideTest@3d285d7e]" started-at="2026-03-17T08:18:11 IST" name="initPages" finished-at="2026-03-17T08:18:11 IST" duration-ms="12" status="PASS">
          <reporter-output>
          </reporter-output>
        </test-method> <!-- initPages -->
        <test-method signature="Multilingual()[pri:1, instance:com.example.tests.ShowHideTest@3d285d7e]" started-at="2026-03-17T08:18:11 IST" name="Multilingual" description="Naviagte to showHide (action) form" finished-at="2026-03-17T08:18:29 IST" duration-ms="18545" status="PASS">
          <reporter-output>
          </reporter-output>
        </test-method> <!-- Multilingual -->
        <test-method is-config="true" signature="captureFailureScreenshot(org.testng.ITestResult)[pri:0, instance:com.example.tests.ShowHideTest@3d285d7e]" started-at="2026-03-17T08:18:29 IST" name="captureFailureScreenshot" finished-at="2026-03-17T08:18:29 IST" duration-ms="2" status="PASS">
          <params>
            <param index="0">
              <value>
                <![CDATA[[TestResult name=Multilingual status=SUCCESS method=ShowHideTest.Multilingual()[pri:1, instance:com.example.tests.ShowHideTest@3d285d7e] output={null}]]]>
              </value>
            </param>
          </params>
          <reporter-output>
          </reporter-output>
        </test-method> <!-- captureFailureScreenshot -->
        <test-method signature="verifyShowLabelOnTypingTest()[pri:2, instance:com.example.tests.ShowHideTest@3d285d7e]" started-at="2026-03-17T08:18:29 IST" name="verifyShowLabelOnTypingTest" description="Verify Show label is visible after typing in textbox" finished-at="2026-03-17T08:18:29 IST" duration-ms="104" status="PASS">
          <reporter-output>
          </reporter-output>
        </test-method> <!-- verifyShowLabelOnTypingTest -->
        <test-method is-config="true" signature="captureFailureScreenshot(org.testng.ITestResult)[pri:0, instance:com.example.tests.ShowHideTest@3d285d7e]" started-at="2026-03-17T08:18:29 IST" name="captureFailureScreenshot" finished-at="2026-03-17T08:18:29 IST" duration-ms="1" status="PASS">
          <params>
            <param index="0">
              <value>
                <![CDATA[[TestResult name=verifyShowLabelOnTypingTest status=SUCCESS method=ShowHideTest.verifyShowLabelOnTypingTest()[pri:2, instance:com.example.tests.ShowHideTest@3d285d7e] output={null}]]]>
              </value>
            </param>
          </params>
          <reporter-output>
          </reporter-output>
        </test-method> <!-- captureFailureScreenshot -->
        <test-method signature="verifyHideLabelOnTypingTest()[pri:3, instance:com.example.tests.ShowHideTest@3d285d7e]" started-at="2026-03-17T08:18:29 IST" name="verifyHideLabelOnTypingTest" description="Verify Hide label is hidden after typing in textbox" finished-at="2026-03-17T08:18:39 IST" duration-ms="10106" status="PASS">
          <reporter-output>
          </reporter-output>
        </test-method> <!-- verifyHideLabelOnTypingTest -->
        <test-method is-config="true" signature="captureFailureScreenshot(org.testng.ITestResult)[pri:0, instance:com.example.tests.ShowHideTest@3d285d7e]" started-at="2026-03-17T08:18:39 IST" name="captureFailureScreenshot" finished-at="2026-03-17T08:18:39 IST" duration-ms="1" status="PASS">
          <params>
            <param index="0">
              <value>
                <![CDATA[[TestResult name=verifyHideLabelOnTypingTest status=SUCCESS method=ShowHideTest.verifyHideLabelOnTypingTest()[pri:3, instance:com.example.tests.ShowHideTest@3d285d7e] output={null}]]]>
              </value>
            </param>
          </params>
          <reporter-output>
          </reporter-output>
        </test-method> <!-- captureFailureScreenshot -->
        <test-method signature="verifyShowLabelOnCheckboxSelectTest()[pri:4, instance:com.example.tests.ShowHideTest@3d285d7e]" started-at="2026-03-17T08:18:39 IST" name="verifyShowLabelOnCheckboxSelectTest" description="Verify label becomes visible after selecting checkbox" finished-at="2026-03-17T08:18:49 IST" duration-ms="10073" status="PASS">
          <reporter-output>
          </reporter-output>
        </test-method> <!-- verifyShowLabelOnCheckboxSelectTest -->
        <test-method is-config="true" signature="captureFailureScreenshot(org.testng.ITestResult)[pri:0, instance:com.example.tests.ShowHideTest@3d285d7e]" started-at="2026-03-17T08:18:49 IST" name="captureFailureScreenshot" finished-at="2026-03-17T08:18:49 IST" duration-ms="1" status="PASS">
          <params>
            <param index="0">
              <value>
                <![CDATA[[TestResult name=verifyShowLabelOnCheckboxSelectTest status=SUCCESS method=ShowHideTest.verifyShowLabelOnCheckboxSelectTest()[pri:4, instance:com.example.tests.ShowHideTest@3d285d7e] output={null}]]]>
              </value>
            </param>
          </params>
          <reporter-output>
          </reporter-output>
        </test-method> <!-- captureFailureScreenshot -->
        <test-method signature="verifyHideLabelOnCheckboxSelectTest()[pri:5, instance:com.example.tests.ShowHideTest@3d285d7e]" started-at="2026-03-17T08:18:49 IST" name="verifyHideLabelOnCheckboxSelectTest" description="Verify HideLabelOnCheckboxChange is visible initially and gets hidden after selecting checkbox" finished-at="2026-03-17T08:19:00 IST" duration-ms="10080" status="PASS">
          <reporter-output>
          </reporter-output>
        </test-method> <!-- verifyHideLabelOnCheckboxSelectTest -->
        <test-method is-config="true" signature="captureFailureScreenshot(org.testng.ITestResult)[pri:0, instance:com.example.tests.ShowHideTest@3d285d7e]" started-at="2026-03-17T08:19:00 IST" name="captureFailureScreenshot" finished-at="2026-03-17T08:19:00 IST" duration-ms="1" status="PASS">
          <params>
            <param index="0">
              <value>
                <![CDATA[[TestResult name=verifyHideLabelOnCheckboxSelectTest status=SUCCESS method=ShowHideTest.verifyHideLabelOnCheckboxSelectTest()[pri:5, instance:com.example.tests.ShowHideTest@3d285d7e] output={null}]]]>
              </value>
            </param>
          </params>
          <reporter-output>
          </reporter-output>
        </test-method> <!-- captureFailureScreenshot -->
        <test-method is-config="true" signature="teardownPlaywright()[pri:0, instance:com.example.tests.ShowHideTest@3d285d7e]" started-at="2026-03-17T08:19:00 IST" name="teardownPlaywright" finished-at="2026-03-17T08:19:00 IST" duration-ms="459" status="PASS">
          <reporter-output>
          </reporter-output>
        </test-method> <!-- teardownPlaywright -->
      </class> <!-- com.example.tests.ShowHideTest -->
    </test> <!-- Default test -->
  </suite> <!-- Default suite -->
</testng-results>
