<?xml version="1.0" encoding="UTF-8"?>
<!-- Generated by org.testng.reporters.JUnitReportReporter -->
<testsuite hostname="DESKTOP-B566NJ2" failures="0" tests="16" name="com.example.tests.Multilingualtest" time="9.421" errors="1" timestamp="2026-02-02T16:03:17 IST" skipped="15">
  <testcase classname="com.example.tests.Multilingualtest" name="setupPlaywright" time="9.419">
    <error type="java.lang.ExceptionInInitializerError">
      <![CDATA[java.lang.ExceptionInInitializerError
at com.example.tests.BaseTest.setupPlaywright(BaseTest.java:26)
at java.base/jdk.internal.reflect.NativeMethodAccessorImpl.invoke0(Native Method)
at java.base/jdk.internal.reflect.NativeMethodAccessorImpl.invoke(NativeMethodAccessorImpl.java:77)
at java.base/jdk.internal.reflect.DelegatingMethodAccessorImpl.invoke(DelegatingMethodAccessorImpl.java:43)
at java.base/java.lang.reflect.Method.invoke(Method.java:568)
at org.testng.internal.invokers.MethodInvocationHelper.invokeMethod(MethodInvocationHelper.java:141)
at org.testng.internal.invokers.MethodInvocationHelper.invokeMethodConsideringTimeout(MethodInvocationHelper.java:71)
at org.testng.internal.invokers.ConfigInvoker.invokeConfigurationMethod(ConfigInvoker.java:400)
at org.testng.internal.invokers.ConfigInvoker.invokeConfigurations(ConfigInvoker.java:333)
at org.testng.internal.invokers.TestMethodWorker.invokeBeforeClassMethods(TestMethodWorker.java:188)
at org.testng.internal.invokers.TestMethodWorker.run(TestMethodWorker.java:128)
at java.base/java.util.ArrayList.forEach(ArrayList.java:1511)
at org.testng.TestRunner.privateRun(TestRunner.java:741)
at org.testng.TestRunner.run(TestRunner.java:616)
at org.testng.SuiteRunner.runTest(SuiteRunner.java:421)
at org.testng.SuiteRunner.runSequentially(SuiteRunner.java:413)
at org.testng.SuiteRunner.privateRun(SuiteRunner.java:373)
at org.testng.SuiteRunner.run(SuiteRunner.java:312)
at org.testng.SuiteRunnerWorker.runSuite(SuiteRunnerWorker.java:52)
at org.testng.SuiteRunnerWorker.run(SuiteRunnerWorker.java:95)
at org.testng.TestNG.runSuitesSequentially(TestNG.java:1274)
at org.testng.TestNG.runSuitesLocally(TestNG.java:1208)
at org.testng.TestNG.runSuites(TestNG.java:1112)
at org.testng.TestNG.run(TestNG.java:1079)
at org.testng.remote.AbstractRemoteTestNG.run(AbstractRemoteTestNG.java:115)
at org.testng.remote.RemoteTestNG.initAndRun(RemoteTestNG.java:293)
at org.testng.remote.RemoteTestNG.main(RemoteTestNG.java:91)
Caused by: java.lang.RuntimeException: config.properties not found in classpath
at com.example.utils.ConfigReader.<clinit>(ConfigReader.java:13)
... 27 more
]]>
    </error>
  </testcase> <!-- setupPlaywright -->
  <testcase classname="com.example.tests.Multilingualtest" name="Multilingual" time="0.000">
    <skipped/>
  </testcase> <!-- Multilingual -->
  <testcase classname="com.example.tests.Multilingualtest" name="testMultilingualFunctionality" time="0.000">
    <skipped/>
  </testcase> <!-- testMultilingualFunctionality -->
  <testcase classname="com.example.tests.Multilingualtest" name="testMultilingualFunctionality" time="0.000">
    <skipped/>
  </testcase> <!-- testMultilingualFunctionality -->
  <testcase classname="com.example.tests.Multilingualtest" name="testTextboxCaptionColorSizeAndBackground" time="0.000">
    <skipped/>
  </testcase> <!-- testTextboxCaptionColorSizeAndBackground -->
  <testcase classname="com.example.tests.Multilingualtest" name="testMaxLengthFunctionality" time="0.000">
    <skipped/>
  </testcase> <!-- testMaxLengthFunctionality -->
  <testcase classname="com.example.tests.Multilingualtest" name="testTextboxvalueColorSizeAndBackground" time="0.000">
    <skipped/>
  </testcase> <!-- testTextboxvalueColorSizeAndBackground -->
  <testcase classname="com.example.tests.Multilingualtest" name="testMaxLengthMandatoryValidation" time="0.000">
    <skipped/>
  </testcase> <!-- testMaxLengthMandatoryValidation -->
  <testcase classname="com.example.tests.Multilingualtest" name="testverifyCaptionShowTest" time="0.000">
    <skipped/>
  </testcase> <!-- testverifyCaptionShowTest -->
  <testcase classname="com.example.tests.Multilingualtest" name="testVerifyCaptionNotShown" time="0.000">
    <skipped/>
  </testcase> <!-- testVerifyCaptionNotShown -->
  <testcase classname="com.example.tests.Multilingualtest" name="testInvalidEmailShowsErrorPopup" time="0.000">
    <skipped/>
  </testcase> <!-- testInvalidEmailShowsErrorPopup -->
  <testcase classname="com.example.tests.Multilingualtest" name="testValidEmailSubmitsFormSuccessfully" time="0.000">
    <skipped/>
  </testcase> <!-- testValidEmailSubmitsFormSuccessfully -->
  <testcase classname="com.example.tests.Multilingualtest" name="testCaptionIsDisplayedOnLeftOfTextbox" time="0.000">
    <skipped/>
  </testcase> <!-- testCaptionIsDisplayedOnLeftOfTextbox -->
  <testcase classname="com.example.tests.Multilingualtest" name="testVerifyAlphanumericDataTypeAllowsAlphaNumericInput" time="0.000">
    <skipped/>
  </testcase> <!-- testVerifyAlphanumericDataTypeAllowsAlphaNumericInput -->
  <testcase classname="com.example.tests.Multilingualtest" name="testDefaultValueVisible" time="0.002">
    <skipped/>
  </testcase> <!-- testDefaultValueVisible -->
  <testcase classname="com.example.tests.Multilingualtest" name="testUniqueProperty" time="0.000">
    <skipped/>
  </testcase> <!-- testUniqueProperty -->
</testsuite> <!-- com.example.tests.Multilingualtest -->
