<?xml version="1.0" encoding="UTF-8"?>
<!-- Generated by org.testng.reporters.JUnitReportReporter -->
<testsuite hostname="DESKTOP-B566NJ2" failures="0" tests="16" name="com.example.tests.MultilineTextboxTest2" time="17.565" errors="0" timestamp="2026-02-05T17:38:02 IST" skipped="0">
  <testcase classname="com.example.tests.MultilineTextboxTest2" name="Multilingual" time="13.906"/>
  <testcase classname="com.example.tests.MultilineTextboxTest2" name="verify_LanguageData_On_Translator_Click" time="0.019"/>
  <testcase classname="com.example.tests.MultilineTextboxTest2" name="testverifyCaptionShowTest" time="0.027"/>
  <testcase classname="com.example.tests.MultilineTextboxTest2" name="testMultilineDefaultValueVisible" time="0.058"/>
  <testcase classname="com.example.tests.MultilineTextboxTest2" name="testMultilineMaxLength" time="3.234"/>
  <testcase classname="com.example.tests.MultilineTextboxTest2" name="testCaptionIsDisplayedOnLeftOfTextbox" time="0.069"/>
  <testcase classname="com.example.tests.MultilineTextboxTest2" name="testMultilineValueFontSize" time="0.035"/>
  <testcase classname="com.example.tests.MultilineTextboxTest2" name="testMultilineValueTextColor" time="0.019"/>
  <testcase classname="com.example.tests.MultilineTextboxTest2" name="testMultilineValueBackgroundColor" time="0.018"/>
  <testcase classname="com.example.tests.MultilineTextboxTest2" name="testMultilineCaptionFontFamily" time="0.025"/>
  <testcase classname="com.example.tests.MultilineTextboxTest2" name="testMultilineCaptionFontBold" time="0.017"/>
  <testcase classname="com.example.tests.MultilineTextboxTest2" name="testMultilineValueFontSize1" time="0.030"/>
  <testcase classname="com.example.tests.MultilineTextboxTest2" name="testMultilineValueFontFamily" time="0.028"/>
  <testcase classname="com.example.tests.MultilineTextboxTest2" name="testMultilineValueFontStyleItalic" time="0.040"/>
  <testcase classname="com.example.tests.MultilineTextboxTest2" name="testMultilineValueTextColor1" time="0.022"/>
  <testcase classname="com.example.tests.MultilineTextboxTest2" name="testMultilineValueBackgroundColor1" time="0.018"/>
</testsuite> <!-- com.example.tests.MultilineTextboxTest2 -->
