<?xml version="1.0" encoding="UTF-8"?>
<!-- Generated by org.testng.reporters.JUnitReportReporter -->
<testsuite hostname="DESKTOP-B566NJ2" failures="0" tests="9" name="com.example.tests.HeadingLabelTest" time="18.498" errors="0" timestamp="2026-03-08T16:59:36 IST" skipped="0">
  <testcase classname="com.example.tests.HeadingLabelTest" name="Multilingual" time="18.330"/>
  <testcase classname="com.example.tests.HeadingLabelTest" name="verify_LanguageData_On_Translator_Click" time="0.016"/>
  <testcase classname="com.example.tests.HeadingLabelTest" name="verifyHeadingLabelCaption" time="0.031"/>
  <testcase classname="com.example.tests.HeadingLabelTest" name="verifyshowCaption" time="0.022"/>
  <testcase classname="com.example.tests.HeadingLabelTest" name="VerifyHeadingLabelValueFontSize" time="0.037"/>
  <testcase classname="com.example.tests.HeadingLabelTest" name="VerifyHeadingLabelValueFontFamily" time="0.011"/>
  <testcase classname="com.example.tests.HeadingLabelTest" name="Verify_HeadingLabel_Value_FontColor" time="0.019"/>
  <testcase classname="com.example.tests.HeadingLabelTest" name="VerifyHeadingLabelValueBackgroundColor" time="0.014"/>
  <testcase classname="com.example.tests.HeadingLabelTest" name="VerifyHeadingLabelValuefontstyle" time="0.018"/>
</testsuite> <!-- com.example.tests.HeadingLabelTest -->
