<?xml version="1.0" encoding="UTF-8"?>
<!-- Generated by org.testng.reporters.JUnitReportReporter -->
<testsuite hostname="DESKTOP-B566NJ2" failures="0" tests="12" name="tests.RadiobuttonApi2" time="99.370" errors="0" timestamp="2026-05-07T14:15:01 IST" skipped="0">
  <testcase classname="tests.RadiobuttonApi2" name="verifyCaptionFontSize" time="8.566"/>
  <testcase classname="tests.RadiobuttonApi2" name="verifyCaptionFontColor" time="8.298"/>
  <testcase classname="tests.RadiobuttonApi2" name="verifyCaptionFontFamily" time="7.265"/>
  <testcase classname="tests.RadiobuttonApi2" name="verifyCaptionFontStyle" time="6.261"/>
  <testcase classname="tests.RadiobuttonApi2" name="verifyCaptionBackgroundColor" time="5.897"/>
  <testcase classname="tests.RadiobuttonApi2" name="verifyValueFontSize" time="7.680"/>
  <testcase classname="tests.RadiobuttonApi2" name="verifyValueFontColor" time="7.762"/>
  <testcase classname="tests.RadiobuttonApi2" name="verifyValueFontFamily" time="7.115"/>
  <testcase classname="tests.RadiobuttonApi2" name="verifyValueFontStyle" time="6.332"/>
  <testcase classname="tests.RadiobuttonApi2" name="verifyCaptionText" time="17.562"/>
  <testcase classname="tests.RadiobuttonApi2" name="verifyDefaultValue" time="8.713"/>
  <testcase classname="tests.RadiobuttonApi2" name="verifyCaptionLeftAlignment" time="7.919"/>
</testsuite> <!-- tests.RadiobuttonApi2 -->
