<?xml version="1.0" encoding="UTF-8"?>
<!-- Generated by org.testng.reporters.JUnitReportReporter -->
<testsuite hostname="DESKTOP-B566NJ2" failures="0" tests="4" name="com.example.tests.CheckBoxTest" time="20.039" errors="0" timestamp="2026-02-27T16:33:27 IST" skipped="0">
  <testcase classname="com.example.tests.CheckBoxTest" name="loginFunctionality" time="5.944"/>
  <testcase classname="com.example.tests.CheckBoxTest" name="testAdminRole" time="5.079"/>
  <testcase classname="com.example.tests.CheckBoxTest" name="testControlTestProject" time="9.007"/>
  <testcase classname="com.example.tests.CheckBoxTest" name="verifyCheckbox_control_testSuccessfullyOpen" time="0.009"/>
</testsuite> <!-- com.example.tests.CheckBoxTest -->
