<?xml version="1.0" encoding="UTF-8"?>
<!-- Generated by org.testng.reporters.JUnitReportReporter -->
<testsuite hostname="DESKTOP-B566NJ2" failures="0" tests="17" name="com.example.tests.ShowHideTest" time="26.088" errors="0" timestamp="2026-03-20T14:50:11 IST" skipped="0">
  <testcase classname="com.example.tests.ShowHideTest" name="Multilingual" time="18.093"/>
  <testcase classname="com.example.tests.ShowHideTest" name="verifyShowLabelOnTypingTest" time="0.129"/>
  <testcase classname="com.example.tests.ShowHideTest" name="verifyHideLabelOnTypingTest" time="0.107"/>
  <testcase classname="com.example.tests.ShowHideTest" name="verifyShowLabelOnCheckboxSelectTest" time="0.078"/>
  <testcase classname="com.example.tests.ShowHideTest" name="verifyHideLabelOnCheckboxSelectTest" time="0.110"/>
  <testcase classname="com.example.tests.ShowHideTest" name="verifyShowLabelOnButtonClickTest" time="0.109"/>
  <testcase classname="com.example.tests.ShowHideTest" name="verifyHideLabelOnButtonClickTest" time="0.116"/>
  <testcase classname="com.example.tests.ShowHideTest" name="verifyShowLabelOnRadioButtonClickTest" time="0.103"/>
  <testcase classname="com.example.tests.ShowHideTest" name="verifyHideLabelOnRadioButtonClickTest" time="0.131"/>
  <testcase classname="com.example.tests.ShowHideTest" name="verifyShowLabelOnLabelClickTest" time="0.067"/>
  <testcase classname="com.example.tests.ShowHideTest" name="verifyHideLabelOnLabelClickTest" time="0.082"/>
  <testcase classname="com.example.tests.ShowHideTest" name="verifyShowLabelOnGraphClickTest" time="0.089"/>
  <testcase classname="com.example.tests.ShowHideTest" name="verifyHideLabelOnGraphClickTest" time="0.137"/>
  <testcase classname="com.example.tests.ShowHideTest" name="verifyShowLabelOnSelectIndexChangeTest" time="0.044"/>
  <testcase classname="com.example.tests.ShowHideTest" name="verifyHideLabelOnSelectIndexChangeTest" time="5.063"/>
  <testcase classname="com.example.tests.ShowHideTest" name="verifyShowLabelAfterUploadTest" time="1.332"/>
  <testcase classname="com.example.tests.ShowHideTest" name="verifyHideLabelAfterUploadTest" time="0.298"/>
</testsuite> <!-- com.example.tests.ShowHideTest -->
