<?xml version="1.0" encoding="UTF-8"?>
<!-- Generated by org.testng.reporters.JUnitReportReporter -->
<testsuite hostname="DESKTOP-B566NJ2" failures="0" tests="3" name="com.example.tests.AdminRoleTest" time="11.038" errors="0" timestamp="2026-02-02T08:58:38 IST" skipped="0">
  <testcase classname="com.example.tests.AdminRoleTest" name="testAdminRoleFunctionality" time="5.768"/>
  <testcase classname="com.example.tests.AdminRoleTest" name="testAdminRole" time="3.473"/>
  <testcase classname="com.example.tests.AdminRoleTest" name="testUserButton" time="1.797"/>
</testsuite> <!-- com.example.tests.AdminRoleTest -->
