<?xml version="1.0" encoding="UTF-8"?>
<!-- Generated by org.testng.reporters.JUnitReportReporter -->
<testsuite hostname="DESKTOP-B566NJ2" failures="0" tests="7" name="tests.CheckboxDropdownApi" time="10.252" errors="0" timestamp="2026-05-01T12:53:14 IST" skipped="0">
  <testcase classname="tests.CheckboxDropdownApi" name="verifyCaptionFontSize" time="0.123"/>
  <testcase classname="tests.CheckboxDropdownApi" name="verifyCaptionFontColor" time="0.032"/>
  <testcase classname="tests.CheckboxDropdownApi" name="verifyCaptionFontFamily" time="0.021"/>
  <testcase classname="tests.CheckboxDropdownApi" name="verifyCaptionFontStyle" time="0.021"/>
  <testcase classname="tests.CheckboxDropdownApi" name="verifyCaptionBackgroundColor" time="0.021"/>
  <testcase classname="tests.CheckboxDropdownApi" name="verifyCaptionText" time="10.014"/>
  <testcase classname="tests.CheckboxDropdownApi" name="verifyCaptionLeftAlignment" time="0.020"/>
</testsuite> <!-- tests.CheckboxDropdownApi -->
