<?xml version="1.0" encoding="UTF-8"?>
<!-- Generated by org.testng.reporters.JUnitReportReporter -->
<testsuite hostname="DESKTOP-B566NJ2" failures="0" tests="3" name="tests.MultilineTextboxApi2" time="18.619" errors="0" timestamp="2026-05-01T23:27:32 IST" skipped="0">
  <testcase classname="tests.MultilineTextboxApi2" name="verifyCaptionFontSize" time="6.647"/>
  <testcase classname="tests.MultilineTextboxApi2" name="verifyCaptionFontColor" time="6.293"/>
  <testcase classname="tests.MultilineTextboxApi2" name="verifyCaptionFontFamily" time="5.679"/>
</testsuite> <!-- tests.MultilineTextboxApi2 -->
