<?xml version="1.0" encoding="UTF-8"?>
<!-- Generated by org.testng.reporters.JUnitReportReporter -->
<testsuite hostname="DESKTOP-B566NJ2" failures="0" tests="14" name="com.example.tests.Labeltest" time="29.535" errors="0" timestamp="2026-03-08T16:59:36 IST" skipped="0">
  <testcase classname="com.example.tests.Labeltest" name="loginFunctionality" time="6.181"/>
  <testcase classname="com.example.tests.Labeltest" name="testAdminRole" time="2.059"/>
  <testcase classname="com.example.tests.Labeltest" name="testControlTestProject" time="14.674"/>
  <testcase classname="com.example.tests.Labeltest" name="verifyLabel_control_PageSuccessfullyOpen" time="0.005"/>
  <testcase classname="com.example.tests.Labeltest" name="verifyCaptionVisiblity" time="0.720"/>
  <testcase classname="com.example.tests.Labeltest" name="verifyFormSubmissionWithoutFillingzTheMandatoryField" time="0.290"/>
  <testcase classname="com.example.tests.Labeltest" name="verifyTranslatorWorking" time="1.384"/>
  <testcase classname="com.example.tests.Labeltest" name="verifyUniqueControlNamesOnSingleForm" time="0.024"/>
  <testcase classname="com.example.tests.Labeltest" name="verifyCheckboxDisplayed" time="0.755"/>
  <testcase classname="com.example.tests.Labeltest" name="verifyCaptionFontSize" time="0.654"/>
  <testcase classname="com.example.tests.Labeltest" name="verifyCaptionFotColor" time="0.650"/>
  <testcase classname="com.example.tests.Labeltest" name="verifyBackgroundColor_Checkbox" time="0.669"/>
  <testcase classname="com.example.tests.Labeltest" name="verifyWidthOfTheControl" time="0.729"/>
  <testcase classname="com.example.tests.Labeltest" name="verifyCheckboxEnabled" time="0.741"/>
</testsuite> <!-- com.example.tests.Labeltest -->
