<?xml version="1.0" encoding="UTF-8"?>
<!-- Generated by org.testng.reporters.JUnitReportReporter -->
<testsuite hostname="DESKTOP-B566NJ2" failures="0" tests="7" name="tests.CheckboxApi" time="10.232" errors="0" timestamp="2026-05-01T12:43:30 IST" skipped="0">
  <testcase classname="tests.CheckboxApi" name="verifyCaptionFontSize" time="0.110"/>
  <testcase classname="tests.CheckboxApi" name="verifyCaptionFontColor" time="0.022"/>
  <testcase classname="tests.CheckboxApi" name="verifyCaptionFontFamily" time="0.024"/>
  <testcase classname="tests.CheckboxApi" name="verifyCaptionFontStyle" time="0.019"/>
  <testcase classname="tests.CheckboxApi" name="verifyCaptionBackgroundColor" time="0.019"/>
  <testcase classname="tests.CheckboxApi" name="verifyCaptionText" time="10.014"/>
  <testcase classname="tests.CheckboxApi" name="verifyCaptionLeftAlignment" time="0.024"/>
</testsuite> <!-- tests.CheckboxApi -->
