<?xml version="1.0" encoding="UTF-8"?>
<!-- Generated by org.testng.reporters.JUnitReportReporter -->
<testsuite hostname="DESKTOP-B566NJ2" failures="2" tests="27" name="com.qa.test.AppSavy" time="139.642" errors="4" timestamp="2026-02-13T15:18:25 IST" skipped="0">
  <testcase classname="com.qa.test.AppSavy" name="testAdminRoleFunctionality" time="6.523"/>
  <testcase classname="com.qa.test.AppSavy" name="testAdminRole" time="3.477"/>
  <testcase classname="com.qa.test.AppSavy" name="testUserButton" time="1.930"/>
  <testcase classname="com.qa.test.AppSavy" name="testMultilingualFunctionality" time="1.090"/>
  <testcase classname="com.qa.test.AppSavy" name="testMultilingualFunctionality" time="0.503"/>
  <testcase classname="com.qa.test.AppSavy" name="testCaptionFontSize" time="0.078"/>
  <testcase classname="com.qa.test.AppSavy" name="testCaptionTextColor" time="0.033"/>
  <testcase classname="com.qa.test.AppSavy" name="testCaptionBackgroundColor" time="0.197"/>
  <testcase classname="com.qa.test.AppSavy" name="testMaxLengthFunctionality" time="0.199"/>
  <testcase classname="com.qa.test.AppSavy" name="testValueFontSize" time="0.020"/>
  <testcase classname="com.qa.test.AppSavy" name="testValueTextColor" time="0.024"/>
  <testcase classname="com.qa.test.AppSavy" name="testValueBackgroundColor" time="0.025">
    <failure message="Background color mismatch expected [rgb(220, 25, 245)] but found [rgb(249, 16, 86)]" type="java.lang.AssertionError">
      <![CDATA[java.lang.AssertionError: Background color mismatch expected [rgb(220, 25, 245)] but found [rgb(249, 16, 86)]
at org.testng.Assert.fail(Assert.java:111)
at org.testng.Assert.failNotEquals(Assert.java:1590)
at org.testng.Assert.assertEqualsImpl(Assert.java:150)
at org.testng.Assert.assertEquals(Assert.java:132)
at org.testng.Assert.assertEquals(Assert.java:656)
at com.example.pages.Textbox.verifyValueBackgroundColor(Textbox.java:192)
at com.qa.test.AppSavy.testValueBackgroundColor(AppSavy.java:141)
at java.base/jdk.internal.reflect.NativeMethodAccessorImpl.invoke0(Native Method)
at java.base/jdk.internal.reflect.NativeMethodAccessorImpl.invoke(NativeMethodAccessorImpl.java:77)
at java.base/jdk.internal.reflect.DelegatingMethodAccessorImpl.invoke(DelegatingMethodAccessorImpl.java:43)
at java.base/java.lang.reflect.Method.invoke(Method.java:568)
at org.testng.internal.invokers.MethodInvocationHelper.invokeMethod(MethodInvocationHelper.java:141)
at org.testng.internal.invokers.TestInvoker.invokeMethod(TestInvoker.java:687)
at org.testng.internal.invokers.TestInvoker.invokeTestMethod(TestInvoker.java:230)
at org.testng.internal.invokers.MethodRunner.runInSequence(MethodRunner.java:63)
at org.testng.internal.invokers.TestInvoker$MethodInvocationAgent.invoke(TestInvoker.java:995)
at org.testng.internal.invokers.TestInvoker.invokeTestMethods(TestInvoker.java:203)
at org.testng.internal.invokers.TestMethodWorker.invokeTestMethods(TestMethodWorker.java:154)
at org.testng.internal.invokers.TestMethodWorker.run(TestMethodWorker.java:134)
at java.base/java.util.ArrayList.forEach(ArrayList.java:1511)
at org.testng.TestRunner.privateRun(TestRunner.java:741)
at org.testng.TestRunner.run(TestRunner.java:616)
at org.testng.SuiteRunner.runTest(SuiteRunner.java:421)
at org.testng.SuiteRunner.runSequentially(SuiteRunner.java:413)
at org.testng.SuiteRunner.privateRun(SuiteRunner.java:373)
at org.testng.SuiteRunner.run(SuiteRunner.java:312)
at org.testng.SuiteRunnerWorker.runSuite(SuiteRunnerWorker.java:52)
at org.testng.SuiteRunnerWorker.run(SuiteRunnerWorker.java:95)
at org.testng.TestNG.runSuitesSequentially(TestNG.java:1274)
at org.testng.TestNG.runSuitesLocally(TestNG.java:1208)
at org.testng.TestNG.runSuites(TestNG.java:1112)
at org.testng.TestNG.run(TestNG.java:1079)
at org.testng.remote.AbstractRemoteTestNG.run(AbstractRemoteTestNG.java:115)
at org.testng.remote.RemoteTestNG.initAndRun(RemoteTestNG.java:293)
at org.testng.remote.RemoteTestNG.main(RemoteTestNG.java:91)
]]>
    </failure>
  </testcase> <!-- testValueBackgroundColor -->
  <testcase classname="com.qa.test.AppSavy" name="testMaxLengthMandatoryValidation" time="0.113"/>
  <testcase classname="com.qa.test.AppSavy" name="testverifyCaptionShowTest" time="0.040"/>
  <testcase classname="com.qa.test.AppSavy" name="testVerifyCaptionNotShown" time="0.023"/>
  <testcase classname="com.qa.test.AppSavy" name="testInvalidEmailShowsErrorPopup" time="0.210"/>
  <testcase classname="com.qa.test.AppSavy" name="testValidEmailSubmitsFormSuccessfully" time="0.291"/>
  <testcase classname="com.qa.test.AppSavy" name="testCaptionIsDisplayedOnLeftOfTextbox" time="0.086"/>
  <testcase classname="com.qa.test.AppSavy" name="testVerifyAlphanumericDataTypeAllowsAlphaNumericInput" time="0.417"/>
  <testcase classname="com.qa.test.AppSavy" name="testDefaultValueVisible" time="0.116"/>
  <testcase classname="com.qa.test.AppSavy" name="testUniqueProperty" time="0.348"/>
  <testcase classname="com.qa.test.AppSavy" name="verifyCaptionLanguageWhenMultilingualIsNo" time="33.511">
    <error message="Error {
  message=&#039;Timeout 30000ms exceeded.
  name=&#039;TimeoutError
  stack=&#039;TimeoutError: Timeout 30000ms exceeded.
    at ProgressController.run (C:\Users\DELL\AppData\Local\Temp\playwright-java-12699044510765208715\package\lib\server\progress.js:78:26)
    at Frame.click (C:\Users\DELL\AppData\Local\Temp\playwright-java-12699044510765208715\package\lib\server\frames.js:1013:23)
    at FrameDispatcher.click (C:\Users\DELL\AppData\Local\Temp\playwright-java-12699044510765208715\package\lib\server\dispatchers\frameDispatcher.js:157:30)
    at FrameDispatcher._handleCommand (C:\Users\DELL\AppData\Local\Temp\playwright-java-12699044510765208715\package\lib\server\dispatchers\dispatcher.js:94:40)
    at DispatcherConnection.dispatch (C:\Users\DELL\AppData\Local\Temp\playwright-java-12699044510765208715\package\lib\server\dispatchers\dispatcher.js:361:39)
}
Call log:
- waiting for locator(&quot;#span11773&quot;)
-   locator resolved to &lt;span id=&quot;span11773&quot; class=&quot;nav-label&quot;&gt;Ankit Test Menu&lt;/span&gt;
- attempting click action
-   waiting for element to be visible, enabled and stable
-   element is visible, enabled and stable
-   scrolling into view if needed
-   done scrolling
-   &lt;div id=&quot;iboxMain&quot; class=&quot;col-sm-12 col-md-12 col-lg-12&quot;&gt;…&lt;/div&gt; from &lt;div class=&quot;gray-bg&quot; id=&quot;page-wrapper&quot;&gt;…&lt;/div&gt; subtree intercepts pointer events
- retrying click action, attempt #1
-   waiting for element to be visible, enabled and stable
-   element is visible, enabled and stable
-   scrolling into view if needed
-   done scrolling
-   &lt;div class=&quot;gray-bg&quot; id=&quot;page-wrapper&quot;&gt;…&lt;/div&gt; intercepts pointer events
- retrying click action, attempt #2
-   waiting 20ms
-   waiting for element to be visible, enabled and stable
-   element is visible, enabled and stable
-   scrolling into view if needed
-   done scrolling
-   &lt;div id=&quot;iboxMain&quot; class=&quot;col-sm-12 col-md-12 col-lg-12&quot;&gt;…&lt;/div&gt; from &lt;div class=&quot;gray-bg&quot; id=&quot;page-wrapper&quot;&gt;…&lt;/div&gt; subtree intercepts pointer events
- retrying click action, attempt #3
-   waiting 100ms
-   waiting for element to be visible, enabled and stable
-   element is visible, enabled and stable
-   scrolling into view if needed
-   done scrolling
-   &lt;div id=&quot;iboxMain&quot; class=&quot;col-sm-12 col-md-12 col-lg-12&quot;&gt;…&lt;/div&gt; from &lt;div class=&quot;gray-bg&quot; id=&quot;page-wrapper&quot;&gt;…&lt;/div&gt; subtree intercepts pointer events
- retrying click action, attempt #4
-   waiting 100ms
-   waiting for element to be visible, enabled and stable
-   element is visible, enabled and stable
-   scrolling into view if needed
-   done scrolling
-   &lt;div id=&quot;iboxMain&quot; class=&quot;col-sm-12 col-md-12 col-lg-12&quot;&gt;…&lt;/div&gt; from &lt;div class=&quot;gray-bg&quot; id=&quot;page-wrapper&quot;&gt;…&lt;/div&gt; subtree intercepts pointer events
- retrying click action, attempt #5
-   waiting 500ms
-   waiting for element to be visible, enabled and stable
-   element is visible, enabled and stable
-   scrolling into view if needed
-   done scrolling
-   &lt;div class=&quot;gray-bg&quot; id=&quot;page-wrapper&quot;&gt;…&lt;/div&gt; intercepts pointer events
- retrying click action, attempt #6
-   waiting 500ms
-   waiting for element to be visible, enabled and stable
-   element is visible, enabled and stable
-   scrolling into view if needed
-   done scrolling
-   &lt;div id=&quot;iboxMain&quot; class=&quot;col-sm-12 col-md-12 col-lg-12&quot;&gt;…&lt;/div&gt; from &lt;div class=&quot;gray-bg&quot; id=&quot;page-wrapper&quot;&gt;…&lt;/div&gt; subtree intercepts pointer events
- retrying click action, attempt #7
-   waiting 500ms
-   waiting for element to be visible, enabled and stable
-   element is visible, enabled and stable
-   scrolling into view if needed
-   done scrolling
-   &lt;div id=&quot;iboxMain&quot; class=&quot;col-sm-12 col-md-12 col-lg-12&quot;&gt;…&lt;/div&gt; from &lt;div class=&quot;gray-bg&quot; id=&quot;page-wrapper&quot;&gt;…&lt;/div&gt; subtree intercepts pointer events
- retrying click action, attempt #8
-   waiting 500ms
-   waiting for element to be visible, enabled and stable
-   element is visible, enabled and stable
-   scrolling into view if needed
-   done scrolling
-   &lt;div id=&quot;iboxMain&quot; class=&quot;col-sm-12 col-md-12 col-lg-12&quot;&gt;…&lt;/div&gt; from &lt;div class=&quot;gray-bg&quot; id=&quot;page-wrapper&quot;&gt;…&lt;/div&gt; subtree intercepts pointer events
- retrying click action, attempt #9
-   waiting 500ms
-   waiting for element to be visible, enabled and stable
-   element is visible, enabled and stable
-   scrolling into view if needed
-   done scrolling
-   &lt;div class=&quot;gray-bg&quot; id=&quot;page-wrapper&quot;&gt;…&lt;/div&gt; intercepts pointer events
- retrying click action, attempt #10
-   waiting 500ms
-   waiting for element to be visible, enabled and stable
-   element is visible, enabled and stable
-   scrolling into view if needed
-   done scrolling
-   &lt;div id=&quot;iboxMain&quot; class=&quot;col-sm-12 col-md-12 col-lg-12&quot;&gt;…&lt;/div&gt; from &lt;div class=&quot;gray-bg&quot; id=&quot;page-wrapper&quot;&gt;…&lt;/div&gt; subtree intercepts pointer events
- retrying click action, attempt #11
-   waiting 500ms
-   waiting for element to be visible, enabled and stable
-   element is visible, enabled and stable
-   scrolling into view if needed
-   done scrolling
-   &lt;div id=&quot;iboxMain&quot; class=&quot;col-sm-12 col-md-12 col-lg-12&quot;&gt;…&lt;/div&gt; from &lt;div class=&quot;gray-bg&quot; id=&quot;page-wrapper&quot;&gt;…&lt;/div&gt; subtree intercepts pointer events
- retrying click action, attempt #12
-   waiting 500ms
-   waiting for element to be visible, enabled and stable
-   element is visible, enabled and stable
-   scrolling into view if needed
-   done scrolling
-   &lt;div id=&quot;iboxMain&quot; class=&quot;col-sm-12 col-md-12 col-lg-12&quot;&gt;…&lt;/div&gt; from &lt;div class=&quot;gray-bg&quot; id=&quot;page-wrapper&quot;&gt;…&lt;/div&gt; subtree intercepts pointer events
- retrying click action, attempt #13
-   waiting 500ms
-   waiting for element to be visible, enabled and stable
-   element is visible, enabled and stable
-   scrolling into view if needed
-   done scrolling
-   &lt;div class=&quot;gray-bg&quot; id=&quot;page-wrapper&quot;&gt;…&lt;/div&gt; intercepts pointer events
- retrying click action, attempt #14
-   waiting 500ms
-   waiting for element to be visible, enabled and stable
-   element is visible, enabled and stable
-   scrolling into view if needed
-   done scrolling
-   &lt;div id=&quot;iboxMain&quot; class=&quot;col-sm-12 col-md-12 col-lg-12&quot;&gt;…&lt;/div&gt; from &lt;div class=&quot;gray-bg&quot; id=&quot;page-wrapper&quot;&gt;…&lt;/div&gt; subtree intercepts pointer events
- retrying click action, attempt #15
-   waiting 500ms
-   waiting for element to be visible, enabled and stable
-   element is visible, enabled and stable
-   scrolling into view if needed
-   done scrolling
-   &lt;div id=&quot;iboxMain&quot; class=&quot;col-sm-12 col-md-12 col-lg-12&quot;&gt;…&lt;/div&gt; from &lt;div class=&quot;gray-bg&quot; id=&quot;page-wrapper&quot;&gt;…&lt;/div&gt; subtree intercepts pointer events
- retrying click action, attempt #16
-   waiting 500ms
-   waiting for element to be visible, enabled and stable
-   element is visible, enabled and stable
-   scrolling into view if needed
-   done scrolling
-   &lt;div id=&quot;iboxMain&quot; class=&quot;col-sm-12 col-md-12 col-lg-12&quot;&gt;…&lt;/div&gt; from &lt;div class=&quot;gray-bg&quot; id=&quot;page-wrapper&quot;&gt;…&lt;/div&gt; subtree intercepts pointer events
- retrying click action, attempt #17
-   waiting 500ms
-   waiting for element to be visible, enabled and stable
-   element is visible, enabled and stable
-   scrolling into view if needed
-   done scrolling
-   &lt;div class=&quot;gray-bg&quot; id=&quot;page-wrapper&quot;&gt;…&lt;/div&gt; intercepts pointer events
- retrying click action, attempt #18
-   waiting 500ms
-   waiting for element to be visible, enabled and stable
-   element is visible, enabled and stable
-   scrolling into view if needed
-   done scrolling
-   &lt;div id=&quot;iboxMain&quot; class=&quot;col-sm-12 col-md-12 col-lg-12&quot;&gt;…&lt;/div&gt; from &lt;div class=&quot;gray-bg&quot; id=&quot;page-wrapper&quot;&gt;…&lt;/div&gt; subtree intercepts pointer events
- retrying click action, attempt #19
-   waiting 500ms
-   waiting for element to be visible, enabled and stable
-   element is visible, enabled and stable
-   scrolling into view if needed
-   done scrolling
-   &lt;div id=&quot;iboxMain&quot; class=&quot;col-sm-12 col-md-12 col-lg-12&quot;&gt;…&lt;/div&gt; from &lt;div class=&quot;gray-bg&quot; id=&quot;page-wrapper&quot;&gt;…&lt;/div&gt; subtree intercepts pointer events
- retrying click action, attempt #20
-   waiting 500ms
-   waiting for element to be visible, enabled and stable
-   element is visible, enabled and stable
-   scrolling into view if needed
-   done scrolling
-   &lt;div id=&quot;iboxMain&quot; class=&quot;col-sm-12 col-md-12 col-lg-12&quot;&gt;…&lt;/div&gt; from &lt;div class=&quot;gray-bg&quot; id=&quot;page-wrapper&quot;&gt;…&lt;/div&gt; subtree intercepts pointer events
- retrying click action, attempt #21
-   waiting 500ms
-   waiting for element to be visible, enabled and stable
-   element is visible, enabled and stable
-   scrolling into view if needed
-   done scrolling
-   &lt;div class=&quot;gray-bg&quot; id=&quot;page-wrapper&quot;&gt;…&lt;/div&gt; intercepts pointer events
- retrying click action, attempt #22
-   waiting 500ms
-   waiting for element to be visible, enabled and stable
-   element is visible, enabled and stable
-   scrolling into view if needed
-   done scrolling
-   &lt;div id=&quot;iboxMain&quot; class=&quot;col-sm-12 col-md-12 col-lg-12&quot;&gt;…&lt;/div&gt; from &lt;div class=&quot;gray-bg&quot; id=&quot;page-wrapper&quot;&gt;…&lt;/div&gt; subtree intercepts pointer events
- retrying click action, attempt #23
-   waiting 500ms
-   waiting for element to be visible, enabled and stable
-   element is visible, enabled and stable
-   scrolling into view if needed
-   done scrolling
-   &lt;div id=&quot;iboxMain&quot; class=&quot;col-sm-12 col-md-12 col-lg-12&quot;&gt;…&lt;/div&gt; from &lt;div class=&quot;gray-bg&quot; id=&quot;page-wrapper&quot;&gt;…&lt;/div&gt; subtree intercepts pointer events
- retrying click action, attempt #24
-   waiting 500ms
-   waiting for element to be visible, enabled and stable
-   element is visible, enabled and stable
-   scrolling into view if needed
-   done scrolling
-   &lt;div id=&quot;iboxMain&quot; class=&quot;col-sm-12 col-md-12 col-lg-12&quot;&gt;…&lt;/div&gt; from &lt;div class=&quot;gray-bg&quot; id=&quot;page-wrapper&quot;&gt;…&lt;/div&gt; subtree intercepts pointer events
- retrying click action, attempt #25
-   waiting 500ms
-   waiting for element to be visible, enabled and stable
-   element is visible, enabled and stable
-   scrolling into view if needed
-   done scrolling
-   &lt;div class=&quot;gray-bg&quot; id=&quot;page-wrapper&quot;&gt;…&lt;/div&gt; intercepts pointer events
- retrying click action, attempt #26
-   waiting 500ms
-   waiting for element to be visible, enabled and stable
-   element is visible, enabled and stable
-   scrolling into view if needed
-   done scrolling
-   &lt;div id=&quot;iboxMain&quot; class=&quot;col-sm-12 col-md-12 col-lg-12&quot;&gt;…&lt;/div&gt; from &lt;div class=&quot;gray-bg&quot; id=&quot;page-wrapper&quot;&gt;…&lt;/div&gt; subtree intercepts pointer events
- retrying click action, attempt #27
-   waiting 500ms
-   waiting for element to be visible, enabled and stable
-   element is visible, enabled and stable
-   scrolling into view if needed
-   done scrolling
-   &lt;div id=&quot;iboxMain&quot; class=&quot;col-sm-12 col-md-12 col-lg-12&quot;&gt;…&lt;/div&gt; from &lt;div class=&quot;gray-bg&quot; id=&quot;page-wrapper&quot;&gt;…&lt;/div&gt; subtree intercepts pointer events
- retrying click action, attempt #28
-   waiting 500ms
-   waiting for element to be visible, enabled and stable
-   element is visible, enabled and stable
-   scrolling into view if needed
-   done scrolling
-   &lt;div id=&quot;iboxMain&quot; class=&quot;col-sm-12 col-md-12 col-lg-12&quot;&gt;…&lt;/div&gt; from &lt;div class=&quot;gray-bg&quot; id=&quot;page-wrapper&quot;&gt;…&lt;/div&gt; subtree intercepts pointer events
- retrying click action, attempt #29
-   waiting 500ms
-   waiting for element to be visible, enabled and stable
-   element is visible, enabled and stable
-   scrolling into view if needed
-   done scrolling
-   &lt;div class=&quot;gray-bg&quot; id=&quot;page-wrapper&quot;&gt;…&lt;/div&gt; intercepts pointer events
- retrying click action, attempt #30
-   waiting 500ms
-   waiting for element to be visible, enabled and stable
-   element is visible, enabled and stable
-   scrolling into view if needed
-   done scrolling
-   &lt;div id=&quot;iboxMain&quot; class=&quot;col-sm-12 col-md-12 col-lg-12&quot;&gt;…&lt;/div&gt; from &lt;div class=&quot;gray-bg&quot; id=&quot;page-wrapper&quot;&gt;…&lt;/div&gt; subtree intercepts pointer events
- retrying click action, attempt #31
-   waiting 500ms
-   waiting for element to be visible, enabled and stable
-   element is visible, enabled and stable
-   scrolling into view if needed
-   done scrolling
-   &lt;div id=&quot;iboxMain&quot; class=&quot;col-sm-12 col-md-12 col-lg-12&quot;&gt;…&lt;/div&gt; from &lt;div class=&quot;gray-bg&quot; id=&quot;page-wrapper&quot;&gt;…&lt;/div&gt; subtree intercepts pointer events
- retrying click action, attempt #32
-   waiting 500ms
-   waiting for element to be visible, enabled and stable
-   element is visible, enabled and stable
-   scrolling into view if needed
-   done scrolling
-   &lt;div id=&quot;iboxMain&quot; class=&quot;col-sm-12 col-md-12 col-lg-12&quot;&gt;…&lt;/div&gt; from &lt;div class=&quot;gray-bg&quot; id=&quot;page-wrapper&quot;&gt;…&lt;/div&gt; subtree intercepts pointer events
- retrying click action, attempt #33
-   waiting 500ms
-   waiting for element to be visible, enabled and stable
-   element is visible, enabled and stable
-   scrolling into view if needed
-   done scrolling
-   &lt;div class=&quot;gray-bg&quot; id=&quot;page-wrapper&quot;&gt;…&lt;/div&gt; intercepts pointer events
- retrying click action, attempt #34
-   waiting 500ms
-   waiting for element to be visible, enabled and stable
-   element is visible, enabled and stable
-   scrolling into view if needed
-   done scrolling
-   &lt;div id=&quot;iboxMain&quot; class=&quot;col-sm-12 col-md-12 col-lg-12&quot;&gt;…&lt;/div&gt; from &lt;div class=&quot;gray-bg&quot; id=&quot;page-wrapper&quot;&gt;…&lt;/div&gt; subtree intercepts pointer events
- retrying click action, attempt #35
-   waiting 500ms
-   waiting for element to be visible, enabled and stable
-   element is visible, enabled and stable
-   scrolling into view if needed
-   done scrolling
-   &lt;div id=&quot;iboxMain&quot; class=&quot;col-sm-12 col-md-12 col-lg-12&quot;&gt;…&lt;/div&gt; from &lt;div class=&quot;gray-bg&quot; id=&quot;page-wrapper&quot;&gt;…&lt;/div&gt; subtree intercepts pointer events
- retrying click action, attempt #36
-   waiting 500ms
-   waiting for element to be visible, enabled and stable
-   element is visible, enabled and stable
-   scrolling into view if needed
-   done scrolling
-   &lt;div id=&quot;iboxMain&quot; class=&quot;col-sm-12 col-md-12 col-lg-12&quot;&gt;…&lt;/div&gt; from &lt;div class=&quot;gray-bg&quot; id=&quot;page-wrapper&quot;&gt;…&lt;/div&gt; subtree intercepts pointer events
- retrying click action, attempt #37
-   waiting 500ms
-   waiting for element to be visible, enabled and stable
-   element is visible, enabled and stable
-   scrolling into view if needed
-   done scrolling
-   &lt;div class=&quot;gray-bg&quot; id=&quot;page-wrapper&quot;&gt;…&lt;/div&gt; intercepts pointer events
- retrying click action, attempt #38
-   waiting 500ms
-   waiting for element to be visible, enabled and stable
-   element is visible, enabled and stable
-   scrolling into view if needed
-   done scrolling
-   &lt;div id=&quot;iboxMain&quot; class=&quot;col-sm-12 col-md-12 col-lg-12&quot;&gt;…&lt;/div&gt; from &lt;div class=&quot;gray-bg&quot; id=&quot;page-wrapper&quot;&gt;…&lt;/div&gt; subtree intercepts pointer events
- retrying click action, attempt #39
-   waiting 500ms
-   waiting for element to be visible, enabled and stable
-   element is visible, enabled and stable
-   scrolling into view if needed
-   done scrolling
-   &lt;div id=&quot;iboxMain&quot; class=&quot;col-sm-12 col-md-12 col-lg-12&quot;&gt;…&lt;/div&gt; from &lt;div class=&quot;gray-bg&quot; id=&quot;page-wrapper&quot;&gt;…&lt;/div&gt; subtree intercepts pointer events
- retrying click action, attempt #40
-   waiting 500ms
-   waiting for element to be visible, enabled and stable
-   element is visible, enabled and stable
-   scrolling into view if needed
-   done scrolling
-   &lt;div id=&quot;iboxMain&quot; class=&quot;col-sm-12 col-md-12 col-lg-12&quot;&gt;…&lt;/div&gt; from &lt;div class=&quot;gray-bg&quot; id=&quot;page-wrapper&quot;&gt;…&lt;/div&gt; subtree intercepts pointer events
- retrying click action, attempt #41
-   waiting 500ms
-   waiting for element to be visible, enabled and stable
-   element is visible, enabled and stable
-   scrolling into view if needed
-   done scrolling
-   &lt;div class=&quot;gray-bg&quot; id=&quot;page-wrapper&quot;&gt;…&lt;/div&gt; intercepts pointer events
- retrying click action, attempt #42
-   waiting 500ms
-   waiting for element to be visible, enabled and stable
-   element is visible, enabled and stable
-   scrolling into view if needed
-   done scrolling
-   &lt;div id=&quot;iboxMain&quot; class=&quot;col-sm-12 col-md-12 col-lg-12&quot;&gt;…&lt;/div&gt; from &lt;div class=&quot;gray-bg&quot; id=&quot;page-wrapper&quot;&gt;…&lt;/div&gt; subtree intercepts pointer events
- retrying click action, attempt #43
-   waiting 500ms
-   waiting for element to be visible, enabled and stable
-   element is visible, enabled and stable
-   scrolling into view if needed
-   done scrolling
-   &lt;div id=&quot;iboxMain&quot; class=&quot;col-sm-12 col-md-12 col-lg-12&quot;&gt;…&lt;/div&gt; from &lt;div class=&quot;gray-bg&quot; id=&quot;page-wrapper&quot;&gt;…&lt;/div&gt; subtree intercepts pointer events
- retrying click action, attempt #44
-   waiting 500ms
-   waiting for element to be visible, enabled and stable
-   element is visible, enabled and stable
-   scrolling into view if needed
-   done scrolling
-   &lt;div id=&quot;iboxMain&quot; class=&quot;col-sm-12 col-md-12 col-lg-12&quot;&gt;…&lt;/div&gt; from &lt;div class=&quot;gray-bg&quot; id=&quot;page-wrapper&quot;&gt;…&lt;/div&gt; subtree intercepts pointer events
- retrying click action, attempt #45
-   waiting 500ms
-   waiting for element to be visible, enabled and stable
-   element is visible, enabled and stable
-   scrolling into view if needed
-   done scrolling
-   &lt;div class=&quot;gray-bg&quot; id=&quot;page-wrapper&quot;&gt;…&lt;/div&gt; intercepts pointer events
- retrying click action, attempt #46
-   waiting 500ms
-   waiting for element to be visible, enabled and stable
-   element is visible, enabled and stable
-   scrolling into view if needed
-   done scrolling
-   &lt;div id=&quot;iboxMain&quot; class=&quot;col-sm-12 col-md-12 col-lg-12&quot;&gt;…&lt;/div&gt; from &lt;div class=&quot;gray-bg&quot; id=&quot;page-wrapper&quot;&gt;…&lt;/div&gt; subtree intercepts pointer events
- retrying click action, attempt #47
-   waiting 500ms
-   waiting for element to be visible, enabled and stable
-   element is visible, enabled and stable
-   scrolling into view if needed
-   done scrolling
-   &lt;div id=&quot;iboxMain&quot; class=&quot;col-sm-12 col-md-12 col-lg-12&quot;&gt;…&lt;/div&gt; from &lt;div class=&quot;gray-bg&quot; id=&quot;page-wrapper&quot;&gt;…&lt;/div&gt; subtree intercepts pointer events
- retrying click action, attempt #48
-   waiting 500ms
-   waiting for element to be visible, enabled and stable
-   element is visible, enabled and stable
-   scrolling into view if needed
-   done scrolling
-   &lt;div id=&quot;iboxMain&quot; class=&quot;col-sm-12 col-md-12 col-lg-12&quot;&gt;…&lt;/div&gt; from &lt;div class=&quot;gray-bg&quot; id=&quot;page-wrapper&quot;&gt;…&lt;/div&gt; subtree intercepts pointer events
- retrying click action, attempt #49
-   waiting 500ms
-   waiting for element to be visible, enabled and stable
-   element is visible, enabled and stable
-   scrolling into view if needed
-   done scrolling
-   &lt;div class=&quot;gray-bg&quot; id=&quot;page-wrapper&quot;&gt;…&lt;/div&gt; intercepts pointer events
- retrying click action, attempt #50
-   waiting 500ms
-   waiting for element to be visible, enabled and stable
-   element is visible, enabled and stable
-   scrolling into view if needed
-   done scrolling
-   &lt;div id=&quot;iboxMain&quot; class=&quot;col-sm-12 col-md-12 col-lg-12&quot;&gt;…&lt;/div&gt; from &lt;div class=&quot;gray-bg&quot; id=&quot;page-wrapper&quot;&gt;…&lt;/div&gt; subtree intercepts pointer events
- retrying click action, attempt #51
-   waiting 500ms
-   waiting for element to be visible, enabled and stable
-   element is visible, enabled and stable
-   scrolling into view if needed
-   done scrolling
-   &lt;div id=&quot;iboxMain&quot; class=&quot;col-sm-12 col-md-12 col-lg-12&quot;&gt;…&lt;/div&gt; from &lt;div class=&quot;gray-bg&quot; id=&quot;page-wrapper&quot;&gt;…&lt;/div&gt; subtree intercepts pointer events
- retrying click action, attempt #52
-   waiting 500ms
-   waiting for element to be visible, enabled and stable
-   element is visible, enabled and stable
-   scrolling into view if needed
-   done scrolling
-   &lt;div id=&quot;iboxMain&quot; class=&quot;col-sm-12 col-md-12 col-lg-12&quot;&gt;…&lt;/div&gt; from &lt;div class=&quot;gray-bg&quot; id=&quot;page-wrapper&quot;&gt;…&lt;/div&gt; subtree intercepts pointer events
- retrying click action, attempt #53
-   waiting 500ms
-   waiting for element to be visible, enabled and stable
-   element is visible, enabled and stable
-   scrolling into view if needed
-   done scrolling
-   &lt;div class=&quot;gray-bg&quot; id=&quot;page-wrapper&quot;&gt;…&lt;/div&gt; intercepts pointer events
- retrying click action, attempt #54
-   waiting 500ms
-   waiting for element to be visible, enabled and stable
-   element is visible, enabled and stable
-   scrolling into view if needed
-   done scrolling
-   &lt;div id=&quot;iboxMain&quot; class=&quot;col-sm-12 col-md-12 col-lg-12&quot;&gt;…&lt;/div&gt; from &lt;div class=&quot;gray-bg&quot; id=&quot;page-wrapper&quot;&gt;…&lt;/div&gt; subtree intercepts pointer events
- retrying click action, attempt #55
-   waiting 500ms
-   waiting for element to be visible, enabled and stable
-   element is visible, enabled and stable
-   scrolling into view if needed
-   done scrolling
-   &lt;div id=&quot;iboxMain&quot; class=&quot;col-sm-12 col-md-12 col-lg-12&quot;&gt;…&lt;/div&gt; from &lt;div class=&quot;gray-bg&quot; id=&quot;page-wrapper&quot;&gt;…&lt;/div&gt; subtree intercepts pointer events
- retrying click action, attempt #56
-   waiting 500ms
-   waiting for element to be visible, enabled and stable
-   element is visible, enabled and stable
-   scrolling into view if needed
-   done scrolling
-   &lt;div id=&quot;iboxMain&quot; class=&quot;col-sm-12 col-md-12 col-lg-12&quot;&gt;…&lt;/div&gt; from &lt;div class=&quot;gray-bg&quot; id=&quot;page-wrapper&quot;&gt;…&lt;/div&gt; subtree intercepts pointer events
- retrying click action, attempt #57
-   waiting 500ms
-   waiting for element to be visible, enabled and stable
-   element is visible, enabled and stable
-   scrolling into view if needed
-   done scrolling
-   &lt;div class=&quot;gray-bg&quot; id=&quot;page-wrapper&quot;&gt;…&lt;/div&gt; intercepts pointer events
- retrying click action, attempt #58
-   waiting 500ms
-   waiting for element to be visible, enabled and stable
-   element is visible, enabled and stable
-   scrolling into view if needed
-   done scrolling
-   &lt;div id=&quot;iboxMain&quot; class=&quot;col-sm-12 col-md-12 col-lg-12&quot;&gt;…&lt;/div&gt; from &lt;div class=&quot;gray-bg&quot; id=&quot;page-wrapper&quot;&gt;…&lt;/div&gt; subtree intercepts pointer events
- retrying click action, attempt #59
-   waiting 500ms
" type="com.microsoft.playwright.TimeoutError">
      <![CDATA[com.microsoft.playwright.TimeoutError: Error {
  message='Timeout 30000ms exceeded.
  name='TimeoutError
  stack='TimeoutError: Timeout 30000ms exceeded.
    at ProgressController.run (C:\Users\DELL\AppData\Local\Temp\playwright-java-12699044510765208715\package\lib\server\progress.js:78:26)
    at Frame.click (C:\Users\DELL\AppData\Local\Temp\playwright-java-12699044510765208715\package\lib\server\frames.js:1013:23)
    at FrameDispatcher.click (C:\Users\DELL\AppData\Local\Temp\playwright-java-12699044510765208715\package\lib\server\dispatchers\frameDispatcher.js:157:30)
    at FrameDispatcher._handleCommand (C:\Users\DELL\AppData\Local\Temp\playwright-java-12699044510765208715\package\lib\server\dispatchers\dispatcher.js:94:40)
    at DispatcherConnection.dispatch (C:\Users\DELL\AppData\Local\Temp\playwright-java-12699044510765208715\package\lib\server\dispatchers\dispatcher.js:361:39)
}
Call log:
- waiting for locator("#span11773")
-   locator resolved to <span id="span11773" class="nav-label">Ankit Test Menu</span>
- attempting click action
-   waiting for element to be visible, enabled and stable
-   element is visible, enabled and stable
-   scrolling into view if needed
-   done scrolling
-   <div id="iboxMain" class="col-sm-12 col-md-12 col-lg-12">…</div> from <div class="gray-bg" id="page-wrapper">…</div> subtree intercepts pointer events
- retrying click action, attempt #1
-   waiting for element to be visible, enabled and stable
-   element is visible, enabled and stable
-   scrolling into view if needed
-   done scrolling
-   <div class="gray-bg" id="page-wrapper">…</div> intercepts pointer events
- retrying click action, attempt #2
-   waiting 20ms
-   waiting for element to be visible, enabled and stable
-   element is visible, enabled and stable
-   scrolling into view if needed
-   done scrolling
-   <div id="iboxMain" class="col-sm-12 col-md-12 col-lg-12">…</div> from <div class="gray-bg" id="page-wrapper">…</div> subtree intercepts pointer events
- retrying click action, attempt #3
-   waiting 100ms
-   waiting for element to be visible, enabled and stable
-   element is visible, enabled and stable
-   scrolling into view if needed
-   done scrolling
-   <div id="iboxMain" class="col-sm-12 col-md-12 col-lg-12">…</div> from <div class="gray-bg" id="page-wrapper">…</div> subtree intercepts pointer events
- retrying click action, attempt #4
-   waiting 100ms
-   waiting for element to be visible, enabled and stable
-   element is visible, enabled and stable
-   scrolling into view if needed
-   done scrolling
-   <div id="iboxMain" class="col-sm-12 col-md-12 col-lg-12">…</div> from <div class="gray-bg" id="page-wrapper">…</div> subtree intercepts pointer events
- retrying click action, attempt #5
-   waiting 500ms
-   waiting for element to be visible, enabled and stable
-   element is visible, enabled and stable
-   scrolling into view if needed
-   done scrolling
-   <div class="gray-bg" id="page-wrapper">…</div> intercepts pointer events
- retrying click action, attempt #6
-   waiting 500ms
-   waiting for element to be visible, enabled and stable
-   element is visible, enabled and stable
-   scrolling into view if needed
-   done scrolling
-   <div id="iboxMain" class="col-sm-12 col-md-12 col-lg-12">…</div> from <div class="gray-bg" id="page-wrapper">…</div> subtree intercepts pointer events
- retrying click action, attempt #7
-   waiting 500ms
-   waiting for element to be visible, enabled and stable
-   element is visible, enabled and stable
-   scrolling into view if needed
-   done scrolling
-   <div id="iboxMain" class="col-sm-12 col-md-12 col-lg-12">…</div> from <div class="gray-bg" id="page-wrapper">…</div> subtree intercepts pointer events
- retrying click action, attempt #8
-   waiting 500ms
-   waiting for element to be visible, enabled and stable
-   element is visible, enabled and stable
-   scrolling into view if needed
-   done scrolling
-   <div id="iboxMain" class="col-sm-12 col-md-12 col-lg-12">…</div> from <div class="gray-bg" id="page-wrapper">…</div> subtree intercepts pointer events
- retrying click action, attempt #9
-   waiting 500ms
-   waiting for element to be visible, enabled and stable
-   element is visible, enabled and stable
-   scrolling into view if needed
-   done scrolling
-   <div class="gray-bg" id="page-wrapper">…</div> intercepts pointer events
- retrying click action, attempt #10
-   waiting 500ms
-   waiting for element to be visible, enabled and stable
-   element is visible, enabled and stable
-   scrolling into view if needed
-   done scrolling
-   <div id="iboxMain" class="col-sm-12 col-md-12 col-lg-12">…</div> from <div class="gray-bg" id="page-wrapper">…</div> subtree intercepts pointer events
- retrying click action, attempt #11
-   waiting 500ms
-   waiting for element to be visible, enabled and stable
-   element is visible, enabled and stable
-   scrolling into view if needed
-   done scrolling
-   <div id="iboxMain" class="col-sm-12 col-md-12 col-lg-12">…</div> from <div class="gray-bg" id="page-wrapper">…</div> subtree intercepts pointer events
- retrying click action, attempt #12
-   waiting 500ms
-   waiting for element to be visible, enabled and stable
-   element is visible, enabled and stable
-   scrolling into view if needed
-   done scrolling
-   <div id="iboxMain" class="col-sm-12 col-md-12 col-lg-12">…</div> from <div class="gray-bg" id="page-wrapper">…</div> subtree intercepts pointer events
- retrying click action, attempt #13
-   waiting 500ms
-   waiting for element to be visible, enabled and stable
-   element is visible, enabled and stable
-   scrolling into view if needed
-   done scrolling
-   <div class="gray-bg" id="page-wrapper">…</div> intercepts pointer events
- retrying click action, attempt #14
-   waiting 500ms
-   waiting for element to be visible, enabled and stable
-   element is visible, enabled and stable
-   scrolling into view if needed
-   done scrolling
-   <div id="iboxMain" class="col-sm-12 col-md-12 col-lg-12">…</div> from <div class="gray-bg" id="page-wrapper">…</div> subtree intercepts pointer events
- retrying click action, attempt #15
-   waiting 500ms
-   waiting for element to be visible, enabled and stable
-   element is visible, enabled and stable
-   scrolling into view if needed
-   done scrolling
-   <div id="iboxMain" class="col-sm-12 col-md-12 col-lg-12">…</div> from <div class="gray-bg" id="page-wrapper">…</div> subtree intercepts pointer events
- retrying click action, attempt #16
-   waiting 500ms
-   waiting for element to be visible, enabled and stable
-   element is visible, enabled and stable
-   scrolling into view if needed
-   done scrolling
-   <div id="iboxMain" class="col-sm-12 col-md-12 col-lg-12">…</div> from <div class="gray-bg" id="page-wrapper">…</div> subtree intercepts pointer events
- retrying click action, attempt #17
-   waiting 500ms
-   waiting for element to be visible, enabled and stable
-   element is visible, enabled and stable
-   scrolling into view if needed
-   done scrolling
-   <div class="gray-bg" id="page-wrapper">…</div> intercepts pointer events
- retrying click action, attempt #18
-   waiting 500ms
-   waiting for element to be visible, enabled and stable
-   element is visible, enabled and stable
-   scrolling into view if needed
-   done scrolling
-   <div id="iboxMain" class="col-sm-12 col-md-12 col-lg-12">…</div> from <div class="gray-bg" id="page-wrapper">…</div> subtree intercepts pointer events
- retrying click action, attempt #19
-   waiting 500ms
-   waiting for element to be visible, enabled and stable
-   element is visible, enabled and stable
-   scrolling into view if needed
-   done scrolling
-   <div id="iboxMain" class="col-sm-12 col-md-12 col-lg-12">…</div> from <div class="gray-bg" id="page-wrapper">…</div> subtree intercepts pointer events
- retrying click action, attempt #20
-   waiting 500ms
-   waiting for element to be visible, enabled and stable
-   element is visible, enabled and stable
-   scrolling into view if needed
-   done scrolling
-   <div id="iboxMain" class="col-sm-12 col-md-12 col-lg-12">…</div> from <div class="gray-bg" id="page-wrapper">…</div> subtree intercepts pointer events
- retrying click action, attempt #21
-   waiting 500ms
-   waiting for element to be visible, enabled and stable
-   element is visible, enabled and stable
-   scrolling into view if needed
-   done scrolling
-   <div class="gray-bg" id="page-wrapper">…</div> intercepts pointer events
- retrying click action, attempt #22
-   waiting 500ms
-   waiting for element to be visible, enabled and stable
-   element is visible, enabled and stable
-   scrolling into view if needed
-   done scrolling
-   <div id="iboxMain" class="col-sm-12 col-md-12 col-lg-12">…</div> from <div class="gray-bg" id="page-wrapper">…</div> subtree intercepts pointer events
- retrying click action, attempt #23
-   waiting 500ms
-   waiting for element to be visible, enabled and stable
-   element is visible, enabled and stable
-   scrolling into view if needed
-   done scrolling
-   <div id="iboxMain" class="col-sm-12 col-md-12 col-lg-12">…</div> from <div class="gray-bg" id="page-wrapper">…</div> subtree intercepts pointer events
- retrying click action, attempt #24
-   waiting 500ms
-   waiting for element to be visible, enabled and stable
-   element is visible, enabled and stable
-   scrolling into view if needed
-   done scrolling
-   <div id="iboxMain" class="col-sm-12 col-md-12 col-lg-12">…</div> from <div class="gray-bg" id="page-wrapper">…</div> subtree intercepts pointer events
- retrying click action, attempt #25
-   waiting 500ms
-   waiting for element to be visible, enabled and stable
-   element is visible, enabled and stable
-   scrolling into view if needed
-   done scrolling
-   <div class="gray-bg" id="page-wrapper">…</div> intercepts pointer events
- retrying click action, attempt #26
-   waiting 500ms
-   waiting for element to be visible, enabled and stable
-   element is visible, enabled and stable
-   scrolling into view if needed
-   done scrolling
-   <div id="iboxMain" class="col-sm-12 col-md-12 col-lg-12">…</div> from <div class="gray-bg" id="page-wrapper">…</div> subtree intercepts pointer events
- retrying click action, attempt #27
-   waiting 500ms
-   waiting for element to be visible, enabled and stable
-   element is visible, enabled and stable
-   scrolling into view if needed
-   done scrolling
-   <div id="iboxMain" class="col-sm-12 col-md-12 col-lg-12">…</div> from <div class="gray-bg" id="page-wrapper">…</div> subtree intercepts pointer events
- retrying click action, attempt #28
-   waiting 500ms
-   waiting for element to be visible, enabled and stable
-   element is visible, enabled and stable
-   scrolling into view if needed
-   done scrolling
-   <div id="iboxMain" class="col-sm-12 col-md-12 col-lg-12">…</div> from <div class="gray-bg" id="page-wrapper">…</div> subtree intercepts pointer events
- retrying click action, attempt #29
-   waiting 500ms
-   waiting for element to be visible, enabled and stable
-   element is visible, enabled and stable
-   scrolling into view if needed
-   done scrolling
-   <div class="gray-bg" id="page-wrapper">…</div> intercepts pointer events
- retrying click action, attempt #30
-   waiting 500ms
-   waiting for element to be visible, enabled and stable
-   element is visible, enabled and stable
-   scrolling into view if needed
-   done scrolling
-   <div id="iboxMain" class="col-sm-12 col-md-12 col-lg-12">…</div> from <div class="gray-bg" id="page-wrapper">…</div> subtree intercepts pointer events
- retrying click action, attempt #31
-   waiting 500ms
-   waiting for element to be visible, enabled and stable
-   element is visible, enabled and stable
-   scrolling into view if needed
-   done scrolling
-   <div id="iboxMain" class="col-sm-12 col-md-12 col-lg-12">…</div> from <div class="gray-bg" id="page-wrapper">…</div> subtree intercepts pointer events
- retrying click action, attempt #32
-   waiting 500ms
-   waiting for element to be visible, enabled and stable
-   element is visible, enabled and stable
-   scrolling into view if needed
-   done scrolling
-   <div id="iboxMain" class="col-sm-12 col-md-12 col-lg-12">…</div> from <div class="gray-bg" id="page-wrapper">…</div> subtree intercepts pointer events
- retrying click action, attempt #33
-   waiting 500ms
-   waiting for element to be visible, enabled and stable
-   element is visible, enabled and stable
-   scrolling into view if needed
-   done scrolling
-   <div class="gray-bg" id="page-wrapper">…</div> intercepts pointer events
- retrying click action, attempt #34
-   waiting 500ms
-   waiting for element to be visible, enabled and stable
-   element is visible, enabled and stable
-   scrolling into view if needed
-   done scrolling
-   <div id="iboxMain" class="col-sm-12 col-md-12 col-lg-12">…</div> from <div class="gray-bg" id="page-wrapper">…</div> subtree intercepts pointer events
- retrying click action, attempt #35
-   waiting 500ms
-   waiting for element to be visible, enabled and stable
-   element is visible, enabled and stable
-   scrolling into view if needed
-   done scrolling
-   <div id="iboxMain" class="col-sm-12 col-md-12 col-lg-12">…</div> from <div class="gray-bg" id="page-wrapper">…</div> subtree intercepts pointer events
- retrying click action, attempt #36
-   waiting 500ms
-   waiting for element to be visible, enabled and stable
-   element is visible, enabled and stable
-   scrolling into view if needed
-   done scrolling
-   <div id="iboxMain" class="col-sm-12 col-md-12 col-lg-12">…</div> from <div class="gray-bg" id="page-wrapper">…</div> subtree intercepts pointer events
- retrying click action, attempt #37
-   waiting 500ms
-   waiting for element to be visible, enabled and stable
-   element is visible, enabled and stable
-   scrolling into view if needed
-   done scrolling
-   <div class="gray-bg" id="page-wrapper">…</div> intercepts pointer events
- retrying click action, attempt #38
-   waiting 500ms
-   waiting for element to be visible, enabled and stable
-   element is visible, enabled and stable
-   scrolling into view if needed
-   done scrolling
-   <div id="iboxMain" class="col-sm-12 col-md-12 col-lg-12">…</div> from <div class="gray-bg" id="page-wrapper">…</div> subtree intercepts pointer events
- retrying click action, attempt #39
-   waiting 500ms
-   waiting for element to be visible, enabled and stable
-   element is visible, enabled and stable
-   scrolling into view if needed
-   done scrolling
-   <div id="iboxMain" class="col-sm-12 col-md-12 col-lg-12">…</div> from <div class="gray-bg" id="page-wrapper">…</div> subtree intercepts pointer events
- retrying click action, attempt #40
-   waiting 500ms
-   waiting for element to be visible, enabled and stable
-   element is visible, enabled and stable
-   scrolling into view if needed
-   done scrolling
-   <div id="iboxMain" class="col-sm-12 col-md-12 col-lg-12">…</div> from <div class="gray-bg" id="page-wrapper">…</div> subtree intercepts pointer events
- retrying click action, attempt #41
-   waiting 500ms
-   waiting for element to be visible, enabled and stable
-   element is visible, enabled and stable
-   scrolling into view if needed
-   done scrolling
-   <div class="gray-bg" id="page-wrapper">…</div> intercepts pointer events
- retrying click action, attempt #42
-   waiting 500ms
-   waiting for element to be visible, enabled and stable
-   element is visible, enabled and stable
-   scrolling into view if needed
-   done scrolling
-   <div id="iboxMain" class="col-sm-12 col-md-12 col-lg-12">…</div> from <div class="gray-bg" id="page-wrapper">…</div> subtree intercepts pointer events
- retrying click action, attempt #43
-   waiting 500ms
-   waiting for element to be visible, enabled and stable
-   element is visible, enabled and stable
-   scrolling into view if needed
-   done scrolling
-   <div id="iboxMain" class="col-sm-12 col-md-12 col-lg-12">…</div> from <div class="gray-bg" id="page-wrapper">…</div> subtree intercepts pointer events
- retrying click action, attempt #44
-   waiting 500ms
-   waiting for element to be visible, enabled and stable
-   element is visible, enabled and stable
-   scrolling into view if needed
-   done scrolling
-   <div id="iboxMain" class="col-sm-12 col-md-12 col-lg-12">…</div> from <div class="gray-bg" id="page-wrapper">…</div> subtree intercepts pointer events
- retrying click action, attempt #45
-   waiting 500ms
-   waiting for element to be visible, enabled and stable
-   element is visible, enabled and stable
-   scrolling into view if needed
-   done scrolling
-   <div class="gray-bg" id="page-wrapper">…</div> intercepts pointer events
- retrying click action, attempt #46
-   waiting 500ms
-   waiting for element to be visible, enabled and stable
-   element is visible, enabled and stable
-   scrolling into view if needed
-   done scrolling
-   <div id="iboxMain" class="col-sm-12 col-md-12 col-lg-12">…</div> from <div class="gray-bg" id="page-wrapper">…</div> subtree intercepts pointer events
- retrying click action, attempt #47
-   waiting 500ms
-   waiting for element to be visible, enabled and stable
-   element is visible, enabled and stable
-   scrolling into view if needed
-   done scrolling
-   <div id="iboxMain" class="col-sm-12 col-md-12 col-lg-12">…</div> from <div class="gray-bg" id="page-wrapper">…</div> subtree intercepts pointer events
- retrying click action, attempt #48
-   waiting 500ms
-   waiting for element to be visible, enabled and stable
-   element is visible, enabled and stable
-   scrolling into view if needed
-   done scrolling
-   <div id="iboxMain" class="col-sm-12 col-md-12 col-lg-12">…</div> from <div class="gray-bg" id="page-wrapper">…</div> subtree intercepts pointer events
- retrying click action, attempt #49
-   waiting 500ms
-   waiting for element to be visible, enabled and stable
-   element is visible, enabled and stable
-   scrolling into view if needed
-   done scrolling
-   <div class="gray-bg" id="page-wrapper">…</div> intercepts pointer events
- retrying click action, attempt #50
-   waiting 500ms
-   waiting for element to be visible, enabled and stable
-   element is visible, enabled and stable
-   scrolling into view if needed
-   done scrolling
-   <div id="iboxMain" class="col-sm-12 col-md-12 col-lg-12">…</div> from <div class="gray-bg" id="page-wrapper">…</div> subtree intercepts pointer events
- retrying click action, attempt #51
-   waiting 500ms
-   waiting for element to be visible, enabled and stable
-   element is visible, enabled and stable
-   scrolling into view if needed
-   done scrolling
-   <div id="iboxMain" class="col-sm-12 col-md-12 col-lg-12">…</div> from <div class="gray-bg" id="page-wrapper">…</div> subtree intercepts pointer events
- retrying click action, attempt #52
-   waiting 500ms
-   waiting for element to be visible, enabled and stable
-   element is visible, enabled and stable
-   scrolling into view if needed
-   done scrolling
-   <div id="iboxMain" class="col-sm-12 col-md-12 col-lg-12">…</div> from <div class="gray-bg" id="page-wrapper">…</div> subtree intercepts pointer events
- retrying click action, attempt #53
-   waiting 500ms
-   waiting for element to be visible, enabled and stable
-   element is visible, enabled and stable
-   scrolling into view if needed
-   done scrolling
-   <div class="gray-bg" id="page-wrapper">…</div> intercepts pointer events
- retrying click action, attempt #54
-   waiting 500ms
-   waiting for element to be visible, enabled and stable
-   element is visible, enabled and stable
-   scrolling into view if needed
-   done scrolling
-   <div id="iboxMain" class="col-sm-12 col-md-12 col-lg-12">…</div> from <div class="gray-bg" id="page-wrapper">…</div> subtree intercepts pointer events
- retrying click action, attempt #55
-   waiting 500ms
-   waiting for element to be visible, enabled and stable
-   element is visible, enabled and stable
-   scrolling into view if needed
-   done scrolling
-   <div id="iboxMain" class="col-sm-12 col-md-12 col-lg-12">…</div> from <div class="gray-bg" id="page-wrapper">…</div> subtree intercepts pointer events
- retrying click action, attempt #56
-   waiting 500ms
-   waiting for element to be visible, enabled and stable
-   element is visible, enabled and stable
-   scrolling into view if needed
-   done scrolling
-   <div id="iboxMain" class="col-sm-12 col-md-12 col-lg-12">…</div> from <div class="gray-bg" id="page-wrapper">…</div> subtree intercepts pointer events
- retrying click action, attempt #57
-   waiting 500ms
-   waiting for element to be visible, enabled and stable
-   element is visible, enabled and stable
-   scrolling into view if needed
-   done scrolling
-   <div class="gray-bg" id="page-wrapper">…</div> intercepts pointer events
- retrying click action, attempt #58
-   waiting 500ms
-   waiting for element to be visible, enabled and stable
-   element is visible, enabled and stable
-   scrolling into view if needed
-   done scrolling
-   <div id="iboxMain" class="col-sm-12 col-md-12 col-lg-12">…</div> from <div class="gray-bg" id="page-wrapper">…</div> subtree intercepts pointer events
- retrying click action, attempt #59
-   waiting 500ms

at com.microsoft.playwright.impl.WaitableResult.get(WaitableResult.java:52)
at com.microsoft.playwright.impl.ChannelOwner.runUntil(ChannelOwner.java:120)
at com.microsoft.playwright.impl.Connection.sendMessage(Connection.java:130)
at com.microsoft.playwright.impl.ChannelOwner.sendMessage(ChannelOwner.java:106)
at com.microsoft.playwright.impl.FrameImpl.clickImpl(FrameImpl.java:252)
at com.microsoft.playwright.impl.FrameImpl.lambda$click$8(FrameImpl.java:243)
at com.microsoft.playwright.impl.LoggingSupport.lambda$withLogging$0(LoggingSupport.java:36)
at com.microsoft.playwright.impl.LoggingSupport.withLogging(LoggingSupport.java:47)
at com.microsoft.playwright.impl.ChannelOwner.withLogging(ChannelOwner.java:89)
at com.microsoft.playwright.impl.LoggingSupport.withLogging(LoggingSupport.java:35)
at com.microsoft.playwright.impl.FrameImpl.click(FrameImpl.java:243)
at com.microsoft.playwright.impl.LocatorImpl.click(LocatorImpl.java:160)
at com.microsoft.playwright.Locator.click(Locator.java:2406)
at com.example.pages.ControlTestProject.radioBtn(ControlTestProject.java:55)
at com.qa.test.AppSavy.verifyCaptionLanguageWhenMultilingualIsNo(AppSavy.java:208)
at java.base/jdk.internal.reflect.NativeMethodAccessorImpl.invoke0(Native Method)
at java.base/jdk.internal.reflect.NativeMethodAccessorImpl.invoke(NativeMethodAccessorImpl.java:77)
at java.base/jdk.internal.reflect.DelegatingMethodAccessorImpl.invoke(DelegatingMethodAccessorImpl.java:43)
at java.base/java.lang.reflect.Method.invoke(Method.java:568)
at org.testng.internal.invokers.MethodInvocationHelper.invokeMethod(MethodInvocationHelper.java:141)
at org.testng.internal.invokers.TestInvoker.invokeMethod(TestInvoker.java:687)
at org.testng.internal.invokers.TestInvoker.invokeTestMethod(TestInvoker.java:230)
at org.testng.internal.invokers.MethodRunner.runInSequence(MethodRunner.java:63)
at org.testng.internal.invokers.TestInvoker$MethodInvocationAgent.invoke(TestInvoker.java:995)
at org.testng.internal.invokers.TestInvoker.invokeTestMethods(TestInvoker.java:203)
at org.testng.internal.invokers.TestMethodWorker.invokeTestMethods(TestMethodWorker.java:154)
at org.testng.internal.invokers.TestMethodWorker.run(TestMethodWorker.java:134)
at java.base/java.util.ArrayList.forEach(ArrayList.java:1511)
at org.testng.TestRunner.privateRun(TestRunner.java:741)
at org.testng.TestRunner.run(TestRunner.java:616)
at org.testng.SuiteRunner.runTest(SuiteRunner.java:421)
at org.testng.SuiteRunner.runSequentially(SuiteRunner.java:413)
at org.testng.SuiteRunner.privateRun(SuiteRunner.java:373)
at org.testng.SuiteRunner.run(SuiteRunner.java:312)
at org.testng.SuiteRunnerWorker.runSuite(SuiteRunnerWorker.java:52)
at org.testng.SuiteRunnerWorker.run(SuiteRunnerWorker.java:95)
at org.testng.TestNG.runSuitesSequentially(TestNG.java:1274)
at org.testng.TestNG.runSuitesLocally(TestNG.java:1208)
at org.testng.TestNG.runSuites(TestNG.java:1112)
at org.testng.TestNG.run(TestNG.java:1079)
at org.testng.remote.AbstractRemoteTestNG.run(AbstractRemoteTestNG.java:115)
at org.testng.remote.RemoteTestNG.initAndRun(RemoteTestNG.java:293)
at org.testng.remote.RemoteTestNG.main(RemoteTestNG.java:91)
Caused by: com.microsoft.playwright.TimeoutError: Error {
  message='Timeout 30000ms exceeded.
  name='TimeoutError
  stack='TimeoutError: Timeout 30000ms exceeded.
    at ProgressController.run (C:\Users\DELL\AppData\Local\Temp\playwright-java-12699044510765208715\package\lib\server\progress.js:78:26)
    at Frame.click (C:\Users\DELL\AppData\Local\Temp\playwright-java-12699044510765208715\package\lib\server\frames.js:1013:23)
    at FrameDispatcher.click (C:\Users\DELL\AppData\Local\Temp\playwright-java-12699044510765208715\package\lib\server\dispatchers\frameDispatcher.js:157:30)
    at FrameDispatcher._handleCommand (C:\Users\DELL\AppData\Local\Temp\playwright-java-12699044510765208715\package\lib\server\dispatchers\dispatcher.js:94:40)
    at DispatcherConnection.dispatch (C:\Users\DELL\AppData\Local\Temp\playwright-java-12699044510765208715\package\lib\server\dispatchers\dispatcher.js:361:39)
}
Call log:
- waiting for locator("#span11773")
-   locator resolved to <span id="span11773" class="nav-label">Ankit Test Menu</span>
- attempting click action
-   waiting for element to be visible, enabled and stable
-   element is visible, enabled and stable
-   scrolling into view if needed
-   done scrolling
-   <div id="iboxMain" class="col-sm-12 col-md-12 col-lg-12">…</div> from <div class="gray-bg" id="page-wrapper">…</div> subtree intercepts pointer events
- retrying click action, attempt #1
-   waiting for element to be visible, enabled and stable
-   element is visible, enabled and stable
-   scrolling into view if needed
-   done scrolling
-   <div class="gray-bg" id="page-wrapper">…</div> intercepts pointer events
- retrying click action, attempt #2
-   waiting 20ms
-   waiting for element to be visible, enabled and stable
-   element is visible, enabled and stable
-   scrolling into view if needed
-   done scrolling
-   <div id="iboxMain" class="col-sm-12 col-md-12 col-lg-12">…</div> from <div class="gray-bg" id="page-wrapper">…</div> subtree intercepts pointer events
- retrying click action, attempt #3
-   waiting 100ms
-   waiting for element to be visible, enabled and stable
-   element is visible, enabled and stable
-   scrolling into view if needed
-   done scrolling
-   <div id="iboxMain" class="col-sm-12 col-md-12 col-lg-12">…</div> from <div class="gray-bg" id="page-wrapper">…</div> subtree intercepts pointer events
- retrying click action, attempt #4
-   waiting 100ms
-   waiting for element to be visible, enabled and stable
-   element is visible, enabled and stable
-   scrolling into view if needed
-   done scrolling
-   <div id="iboxMain" class="col-sm-12 col-md-12 col-lg-12">…</div> from <div class="gray-bg" id="page-wrapper">…</div> subtree intercepts pointer events
- retrying click action, attempt #5
-   waiting 500ms
-   waiting for element to be visible, enabled and stable
-   element is visible, enabled and stable
-   scrolling into view if needed
-   done scrolling
-   <div class="gray-bg" id="page-wrapper">…</div> intercepts pointer events
- retrying click action, attempt #6
-   waiting 500ms
-   waiting for element to be visible, enabled and stable
-   element is visible, enabled and stable
-   scrolling into view if needed
-   done scrolling
-   <div id="iboxMain" class="col-sm-12 col-md-12 col-lg-12">…</div> from <div class="gray-bg" id="page-wrapper">…</div> subtree intercepts pointer events
- retrying click action, attempt #7
-   waiting 500ms
-   waiting for element to be visible, enabled and stable
-   element is visible, enabled and stable
-   scrolling into view if needed
-   done scrolling
-   <div id="iboxMain" class="col-sm-12 col-md-12 col-lg-12">…</div> from <div class="gray-bg" id="page-wrapper">…</div> subtree intercepts pointer events
- retrying click action, attempt #8
-   waiting 500ms
-   waiting for element to be visible, enabled and stable
-   element is visible, enabled and stable
-   scrolling into view if needed
-   done scrolling
-   <div id="iboxMain" class="col-sm-12 col-md-12 col-lg-12">…</div> from <div class="gray-bg" id="page-wrapper">…</div> subtree intercepts pointer events
- retrying click action, attempt #9
-   waiting 500ms
-   waiting for element to be visible, enabled and stable
-   element is visible, enabled and stable
-   scrolling into view if needed
-   done scrolling
-   <div class="gray-bg" id="page-wrapper">…</div> intercepts pointer events
- retrying click action, attempt #10
-   waiting 500ms
-   waiting for element to be visible, enabled and stable
-   element is visible, enabled and stable
-   scrolling into view if needed
-   done scrolling
-   <div id="iboxMain" class="col-sm-12 col-md-12 col-lg-12">…</div> from <div class="gray-bg" id="page-wrapper">…</div> subtree intercepts pointer events
- retrying click action, attempt #11
-   waiting 500ms
-   waiting for element to be visible, enabled and stable
-   element is visible, enabled and stable
-   scrolling into view if needed
-   done scrolling
-   <div id="iboxMain" class="col-sm-12 col-md-12 col-lg-12">…</div> from <div class="gray-bg" id="page-wrapper">…</div> subtree intercepts pointer events
- retrying click action, attempt #12
-   waiting 500ms
-   waiting for element to be visible, enabled and stable
-   element is visible, enabled and stable
-   scrolling into view if needed
-   done scrolling
-   <div id="iboxMain" class="col-sm-12 col-md-12 col-lg-12">…</div> from <div class="gray-bg" id="page-wrapper">…</div> subtree intercepts pointer events
- retrying click action, attempt #13
-   waiting 500ms
-   waiting for element to be visible, enabled and stable
-   element is visible, enabled and stable
-   scrolling into view if needed
-   done scrolling
-   <div class="gray-bg" id="page-wrapper">…</div> intercepts pointer events
- retrying click action, attempt #14
-   waiting 500ms
-   waiting for element to be visible, enabled and stable
-   element is visible, enabled and stable
-   scrolling into view if needed
-   done scrolling
-   <div id="iboxMain" class="col-sm-12 col-md-12 col-lg-12">…</div> from <div class="gray-bg" id="page-wrapper">…</div> subtree intercepts pointer events
- retrying click action, attempt #15
-   waiting 500ms
-   waiting for element to be visible, enabled and stable
-   element is visible, enabled and stable
-   scrolling into view if needed
-   done scrolling
-   <div id="iboxMain" class="col-sm-12 col-md-12 col-lg-12">…</div> from <div class="gray-bg" id="page-wrapper">…</div> subtree intercepts pointer events
- retrying click action, attempt #16
-   waiting 500ms
-   waiting for element to be visible, enabled and stable
-   element is visible, enabled and stable
-   scrolling into view if needed
-   done scrolling
-   <div id="iboxMain" class="col-sm-12 col-md-12 col-lg-12">…</div> from <div class="gray-bg" id="page-wrapper">…</div> subtree intercepts pointer events
- retrying click action, attempt #17
-   waiting 500ms
-   waiting for element to be visible, enabled and stable
-   element is visible, enabled and stable
-   scrolling into view if needed
-   done scrolling
-   <div class="gray-bg" id="page-wrapper">…</div> intercepts pointer events
- retrying click action, attempt #18
-   waiting 500ms
-   waiting for element to be visible, enabled and stable
-   element is visible, enabled and stable
-   scrolling into view if needed
-   done scrolling
-   <div id="iboxMain" class="col-sm-12 col-md-12 col-lg-12">…</div> from <div class="gray-bg" id="page-wrapper">…</div> subtree intercepts pointer events
- retrying click action, attempt #19
-   waiting 500ms
-   waiting for element to be visible, enabled and stable
-   element is visible, enabled and stable
-   scrolling into view if needed
-   done scrolling
-   <div id="iboxMain" class="col-sm-12 col-md-12 col-lg-12">…</div> from <div class="gray-bg" id="page-wrapper">…</div> subtree intercepts pointer events
- retrying click action, attempt #20
-   waiting 500ms
-   waiting for element to be visible, enabled and stable
-   element is visible, enabled and stable
-   scrolling into view if needed
-   done scrolling
-   <div id="iboxMain" class="col-sm-12 col-md-12 col-lg-12">…</div> from <div class="gray-bg" id="page-wrapper">…</div> subtree intercepts pointer events
- retrying click action, attempt #21
-   waiting 500ms
-   waiting for element to be visible, enabled and stable
-   element is visible, enabled and stable
-   scrolling into view if needed
-   done scrolling
-   <div class="gray-bg" id="page-wrapper">…</div> intercepts pointer events
- retrying click action, attempt #22
-   waiting 500ms
-   waiting for element to be visible, enabled and stable
-   element is visible, enabled and stable
-   scrolling into view if needed
-   done scrolling
-   <div id="iboxMain" class="col-sm-12 col-md-12 col-lg-12">…</div> from <div class="gray-bg" id="page-wrapper">…</div> subtree intercepts pointer events
- retrying click action, attempt #23
-   waiting 500ms
-   waiting for element to be visible, enabled and stable
-   element is visible, enabled and stable
-   scrolling into view if needed
-   done scrolling
-   <div id="iboxMain" class="col-sm-12 col-md-12 col-lg-12">…</div> from <div class="gray-bg" id="page-wrapper">…</div> subtree intercepts pointer events
- retrying click action, attempt #24
-   waiting 500ms
-   waiting for element to be visible, enabled and stable
-   element is visible, enabled and stable
-   scrolling into view if needed
-   done scrolling
-   <div id="iboxMain" class="col-sm-12 col-md-12 col-lg-12">…</div> from <div class="gray-bg" id="page-wrapper">…</div> subtree intercepts pointer events
- retrying click action, attempt #25
-   waiting 500ms
-   waiting for element to be visible, enabled and stable
-   element is visible, enabled and stable
-   scrolling into view if needed
-   done scrolling
-   <div class="gray-bg" id="page-wrapper">…</div> intercepts pointer events
- retrying click action, attempt #26
-   waiting 500ms
-   waiting for element to be visible, enabled and stable
-   element is visible, enabled and stable
-   scrolling into view if needed
-   done scrolling
-   <div id="iboxMain" class="col-sm-12 col-md-12 col-lg-12">…</div> from <div class="gray-bg" id="page-wrapper">…</div> subtree intercepts pointer events
- retrying click action, attempt #27
-   waiting 500ms
-   waiting for element to be visible, enabled and stable
-   element is visible, enabled and stable
-   scrolling into view if needed
-   done scrolling
-   <div id="iboxMain" class="col-sm-12 col-md-12 col-lg-12">…</div> from <div class="gray-bg" id="page-wrapper">…</div> subtree intercepts pointer events
- retrying click action, attempt #28
-   waiting 500ms
-   waiting for element to be visible, enabled and stable
-   element is visible, enabled and stable
-   scrolling into view if needed
-   done scrolling
-   <div id="iboxMain" class="col-sm-12 col-md-12 col-lg-12">…</div> from <div class="gray-bg" id="page-wrapper">…</div> subtree intercepts pointer events
- retrying click action, attempt #29
-   waiting 500ms
-   waiting for element to be visible, enabled and stable
-   element is visible, enabled and stable
-   scrolling into view if needed
-   done scrolling
-   <div class="gray-bg" id="page-wrapper">…</div> intercepts pointer events
- retrying click action, attempt #30
-   waiting 500ms
-   waiting for element to be visible, enabled and stable
-   element is visible, enabled and stable
-   scrolling into view if needed
-   done scrolling
-   <div id="iboxMain" class="col-sm-12 col-md-12 col-lg-12">…</div> from <div class="gray-bg" id="page-wrapper">…</div> subtree intercepts pointer events
- retrying click action, attempt #31
-   waiting 500ms
-   waiting for element to be visible, enabled and stable
-   element is visible, enabled and stable
-   scrolling into view if needed
-   done scrolling
-   <div id="iboxMain" class="col-sm-12 col-md-12 col-lg-12">…</div> from <div class="gray-bg" id="page-wrapper">…</div> subtree intercepts pointer events
- retrying click action, attempt #32
-   waiting 500ms
-   waiting for element to be visible, enabled and stable
-   element is visible, enabled and stable
-   scrolling into view if needed
-   done scrolling
-   <div id="iboxMain" class="col-sm-12 col-md-12 col-lg-12">…</div> from <div class="gray-bg" id="page-wrapper">…</div> subtree intercepts pointer events
- retrying click action, attempt #33
-   waiting 500ms
-   waiting for element to be visible, enabled and stable
-   element is visible, enabled and stable
-   scrolling into view if needed
-   done scrolling
-   <div class="gray-bg" id="page-wrapper">…</div> intercepts pointer events
- retrying click action, attempt #34
-   waiting 500ms
-   waiting for element to be visible, enabled and stable
-   element is visible, enabled and stable
-   scrolling into view if needed
-   done scrolling
-   <div id="iboxMain" class="col-sm-12 col-md-12 col-lg-12">…</div> from <div class="gray-bg" id="page-wrapper">…</div> subtree intercepts pointer events
- retrying click action, attempt #35
-   waiting 500ms
-   waiting for element to be visible, enabled and stable
-   element is visible, enabled and stable
-   scrolling into view if needed
-   done scrolling
-   <div id="iboxMain" class="col-sm-12 col-md-12 col-lg-12">…</div> from <div class="gray-bg" id="page-wrapper">…</div> subtree intercepts pointer events
- retrying click action, attempt #36
-   waiting 500ms
-   waiting for element to be visible, enabled and stable
-   element is visible, enabled and stable
-   scrolling into view if needed
-   done scrolling
-   <div id="iboxMain" class="col-sm-12 col-md-12 col-lg-12">…</div> from <div class="gray-bg" id="page-wrapper">…</div> subtree intercepts pointer events
- retrying click action, attempt #37
-   waiting 500ms
-   waiting for element to be visible, enabled and stable
-   element is visible, enabled and stable
-   scrolling into view if needed
-   done scrolling
-   <div class="gray-bg" id="page-wrapper">…</div> intercepts pointer events
- retrying click action, attempt #38
-   waiting 500ms
-   waiting for element to be visible, enabled and stable
-   element is visible, enabled and stable
-   scrolling into view if needed
-   done scrolling
-   <div id="iboxMain" class="col-sm-12 col-md-12 col-lg-12">…</div> from <div class="gray-bg" id="page-wrapper">…</div> subtree intercepts pointer events
- retrying click action, attempt #39
-   waiting 500ms
-   waiting for element to be visible, enabled and stable
-   element is visible, enabled and stable
-   scrolling into view if needed
-   done scrolling
-   <div id="iboxMain" class="col-sm-12 col-md-12 col-lg-12">…</div> from <div class="gray-bg" id="page-wrapper">…</div> subtree intercepts pointer events
- retrying click action, attempt #40
-   waiting 500ms
-   waiting for element to be visible, enabled and stable
-   element is visible, enabled and stable
-   scrolling into view if needed
-   done scrolling
-   <div id="iboxMain" class="col-sm-12 col-md-12 col-lg-12">…</div> from <div class="gray-bg" id="page-wrapper">…</div> subtree intercepts pointer events
- retrying click action, attempt #41
-   waiting 500ms
-   waiting for element to be visible, enabled and stable
-   element is visible, enabled and stable
-   scrolling into view if needed
-   done scrolling
-   <div class="gray-bg" id="page-wrapper">…</div> intercepts pointer events
- retrying click action, attempt #42
-   waiting 500ms
-   waiting for element to be visible, enabled and stable
-   element is visible, enabled and stable
-   scrolling into view if needed
-   done scrolling
-   <div id="iboxMain" class="col-sm-12 col-md-12 col-lg-12">…</div> from <div class="gray-bg" id="page-wrapper">…</div> subtree intercepts pointer events
- retrying click action, attempt #43
-   waiting 500ms
-   waiting for element to be visible, enabled and stable
-   element is visible, enabled and stable
-   scrolling into view if needed
-   done scrolling
-   <div id="iboxMain" class="col-sm-12 col-md-12 col-lg-12">…</div> from <div class="gray-bg" id="page-wrapper">…</div> subtree intercepts pointer events
- retrying click action, attempt #44
-   waiting 500ms
-   waiting for element to be visible, enabled and stable
-   element is visible, enabled and stable
-   scrolling into view if needed
-   done scrolling
-   <div id="iboxMain" class="col-sm-12 col-md-12 col-lg-12">…</div> from <div class="gray-bg" id="page-wrapper">…</div> subtree intercepts pointer events
- retrying click action, attempt #45
-   waiting 500ms
-   waiting for element to be visible, enabled and stable
-   element is visible, enabled and stable
-   scrolling into view if needed
-   done scrolling
-   <div class="gray-bg" id="page-wrapper">…</div> intercepts pointer events
- retrying click action, attempt #46
-   waiting 500ms
-   waiting for element to be visible, enabled and stable
-   element is visible, enabled and stable
-   scrolling into view if needed
-   done scrolling
-   <div id="iboxMain" class="col-sm-12 col-md-12 col-lg-12">…</div> from <div class="gray-bg" id="page-wrapper">…</div> subtree intercepts pointer events
- retrying click action, attempt #47
-   waiting 500ms
-   waiting for element to be visible, enabled and stable
-   element is visible, enabled and stable
-   scrolling into view if needed
-   done scrolling
-   <div id="iboxMain" class="col-sm-12 col-md-12 col-lg-12">…</div> from <div class="gray-bg" id="page-wrapper">…</div> subtree intercepts pointer events
- retrying click action, attempt #48
-   waiting 500ms
-   waiting for element to be visible, enabled and stable
-   element is visible, enabled and stable
-   scrolling into view if needed
-   done scrolling
-   <div id="iboxMain" class="col-sm-12 col-md-12 col-lg-12">…</div> from <div class="gray-bg" id="page-wrapper">…</div> subtree intercepts pointer events
- retrying click action, attempt #49
-   waiting 500ms
-   waiting for element to be visible, enabled and stable
-   element is visible, enabled and stable
-   scrolling into view if needed
-   done scrolling
-   <div class="gray-bg" id="page-wrapper">…</div> intercepts pointer events
- retrying click action, attempt #50
-   waiting 500ms
-   waiting for element to be visible, enabled and stable
-   element is visible, enabled and stable
-   scrolling into view if needed
-   done scrolling
-   <div id="iboxMain" class="col-sm-12 col-md-12 col-lg-12">…</div> from <div class="gray-bg" id="page-wrapper">…</div> subtree intercepts pointer events
- retrying click action, attempt #51
-   waiting 500ms
-   waiting for element to be visible, enabled and stable
-   element is visible, enabled and stable
-   scrolling into view if needed
-   done scrolling
-   <div id="iboxMain" class="col-sm-12 col-md-12 col-lg-12">…</div> from <div class="gray-bg" id="page-wrapper">…</div> subtree intercepts pointer events
- retrying click action, attempt #52
-   waiting 500ms
-   waiting for element to be visible, enabled and stable
-   element is visible, enabled and stable
-   scrolling into view if needed
-   done scrolling
-   <div id="iboxMain" class="col-sm-12 col-md-12 col-lg-12">…</div> from <div class="gray-bg" id="page-wrapper">…</div> subtree intercepts pointer events
- retrying click action, attempt #53
-   waiting 500ms
-   waiting for element to be visible, enabled and stable
-   element is visible, enabled and stable
-   scrolling into view if needed
-   done scrolling
-   <div class="gray-bg" id="page-wrapper">…</div> intercepts pointer events
- retrying click action, attempt #54
-   waiting 500ms
-   waiting for element to be visible, enabled and stable
-   element is visible, enabled and stable
-   scrolling into view if needed
-   done scrolling
-   <div id="iboxMain" class="col-sm-12 col-md-12 col-lg-12">…</div> from <div class="gray-bg" id="page-wrapper">…</div> subtree intercepts pointer events
- retrying click action, attempt #55
-   waiting 500ms
-   waiting for element to be visible, enabled and stable
-   element is visible, enabled and stable
-   scrolling into view if needed
-   done scrolling
-   <div id="iboxMain" class="col-sm-12 col-md-12 col-lg-12">…</div> from <div class="gray-bg" id="page-wrapper">…</div> subtree intercepts pointer events
- retrying click action, attempt #56
-   waiting 500ms
-   waiting for element to be visible, enabled and stable
-   element is visible, enabled and stable
-   scrolling into view if needed
-   done scrolling
-   <div id="iboxMain" class="col-sm-12 col-md-12 col-lg-12">…</div> from <div class="gray-bg" id="page-wrapper">…</div> subtree intercepts pointer events
- retrying click action, attempt #57
-   waiting 500ms
-   waiting for element to be visible, enabled and stable
-   element is visible, enabled and stable
-   scrolling into view if needed
-   done scrolling
-   <div class="gray-bg" id="page-wrapper">…</div> intercepts pointer events
- retrying click action, attempt #58
-   waiting 500ms
-   waiting for element to be visible, enabled and stable
-   element is visible, enabled and stable
-   scrolling into view if needed
-   done scrolling
-   <div id="iboxMain" class="col-sm-12 col-md-12 col-lg-12">…</div> from <div class="gray-bg" id="page-wrapper">…</div> subtree intercepts pointer events
- retrying click action, attempt #59
-   waiting 500ms

at com.microsoft.playwright.impl.Connection.dispatch(Connection.java:254)
at com.microsoft.playwright.impl.Connection.processOneMessage(Connection.java:211)
at com.microsoft.playwright.impl.ChannelOwner.runUntil(ChannelOwner.java:118)
... 41 more
]]>
    </error>
  </testcase> <!-- verifyCaptionLanguageWhenMultilingualIsNo -->
  <testcase classname="com.qa.test.AppSavy" name="verifyCaptionSpecialCharactersSupport" time="30.190">
    <error message="Error {
  message=&#039;Timeout 30000ms exceeded.
  name=&#039;TimeoutError
  stack=&#039;TimeoutError: Timeout 30000ms exceeded.
    at ProgressController.run (C:\Users\DELL\AppData\Local\Temp\playwright-java-12699044510765208715\package\lib\server\progress.js:78:26)
    at Frame._callOnElementOnceMatches (C:\Users\DELL\AppData\Local\Temp\playwright-java-12699044510765208715\package\lib\server\frames.js:1464:23)
    at Frame.innerText (C:\Users\DELL\AppData\Local\Temp\playwright-java-12699044510765208715\package\lib\server\frames.js:1083:17)
    at FrameDispatcher.innerText (C:\Users\DELL\AppData\Local\Temp\playwright-java-12699044510765208715\package\lib\server\dispatchers\frameDispatcher.js:185:32)
    at FrameDispatcher._handleCommand (C:\Users\DELL\AppData\Local\Temp\playwright-java-12699044510765208715\package\lib\server\dispatchers\dispatcher.js:94:40)
    at DispatcherConnection.dispatch (C:\Users\DELL\AppData\Local\Temp\playwright-java-12699044510765208715\package\lib\server\dispatchers\dispatcher.js:361:39)
}
Call log:
- waiting for locator(&quot;#lblCap109424&quot;)
" type="com.microsoft.playwright.TimeoutError">
      <![CDATA[com.microsoft.playwright.TimeoutError: Error {
  message='Timeout 30000ms exceeded.
  name='TimeoutError
  stack='TimeoutError: Timeout 30000ms exceeded.
    at ProgressController.run (C:\Users\DELL\AppData\Local\Temp\playwright-java-12699044510765208715\package\lib\server\progress.js:78:26)
    at Frame._callOnElementOnceMatches (C:\Users\DELL\AppData\Local\Temp\playwright-java-12699044510765208715\package\lib\server\frames.js:1464:23)
    at Frame.innerText (C:\Users\DELL\AppData\Local\Temp\playwright-java-12699044510765208715\package\lib\server\frames.js:1083:17)
    at FrameDispatcher.innerText (C:\Users\DELL\AppData\Local\Temp\playwright-java-12699044510765208715\package\lib\server\dispatchers\frameDispatcher.js:185:32)
    at FrameDispatcher._handleCommand (C:\Users\DELL\AppData\Local\Temp\playwright-java-12699044510765208715\package\lib\server\dispatchers\dispatcher.js:94:40)
    at DispatcherConnection.dispatch (C:\Users\DELL\AppData\Local\Temp\playwright-java-12699044510765208715\package\lib\server\dispatchers\dispatcher.js:361:39)
}
Call log:
- waiting for locator("#lblCap109424")

at com.microsoft.playwright.impl.WaitableResult.get(WaitableResult.java:52)
at com.microsoft.playwright.impl.ChannelOwner.runUntil(ChannelOwner.java:120)
at com.microsoft.playwright.impl.Connection.sendMessage(Connection.java:130)
at com.microsoft.playwright.impl.ChannelOwner.sendMessage(ChannelOwner.java:106)
at com.microsoft.playwright.impl.FrameImpl.innerTextImpl(FrameImpl.java:526)
at com.microsoft.playwright.impl.FrameImpl.lambda$innerText$22(FrameImpl.java:517)
at com.microsoft.playwright.impl.LoggingSupport.withLogging(LoggingSupport.java:47)
at com.microsoft.playwright.impl.ChannelOwner.withLogging(ChannelOwner.java:89)
at com.microsoft.playwright.impl.FrameImpl.innerText(FrameImpl.java:517)
at com.microsoft.playwright.impl.LocatorImpl.innerText(LocatorImpl.java:360)
at com.microsoft.playwright.Locator.innerText(Locator.java:3758)
at com.example.pages.Radiobutton.verifyCaptionAllowsSpecialCharactersAndSpaces(Radiobutton.java:51)
at com.qa.test.AppSavy.verifyCaptionSpecialCharactersSupport(AppSavy.java:218)
at java.base/jdk.internal.reflect.NativeMethodAccessorImpl.invoke0(Native Method)
at java.base/jdk.internal.reflect.NativeMethodAccessorImpl.invoke(NativeMethodAccessorImpl.java:77)
at java.base/jdk.internal.reflect.DelegatingMethodAccessorImpl.invoke(DelegatingMethodAccessorImpl.java:43)
at java.base/java.lang.reflect.Method.invoke(Method.java:568)
at org.testng.internal.invokers.MethodInvocationHelper.invokeMethod(MethodInvocationHelper.java:141)
at org.testng.internal.invokers.TestInvoker.invokeMethod(TestInvoker.java:687)
at org.testng.internal.invokers.TestInvoker.invokeTestMethod(TestInvoker.java:230)
at org.testng.internal.invokers.MethodRunner.runInSequence(MethodRunner.java:63)
at org.testng.internal.invokers.TestInvoker$MethodInvocationAgent.invoke(TestInvoker.java:995)
at org.testng.internal.invokers.TestInvoker.invokeTestMethods(TestInvoker.java:203)
at org.testng.internal.invokers.TestMethodWorker.invokeTestMethods(TestMethodWorker.java:154)
at org.testng.internal.invokers.TestMethodWorker.run(TestMethodWorker.java:134)
at java.base/java.util.ArrayList.forEach(ArrayList.java:1511)
at org.testng.TestRunner.privateRun(TestRunner.java:741)
at org.testng.TestRunner.run(TestRunner.java:616)
at org.testng.SuiteRunner.runTest(SuiteRunner.java:421)
at org.testng.SuiteRunner.runSequentially(SuiteRunner.java:413)
at org.testng.SuiteRunner.privateRun(SuiteRunner.java:373)
at org.testng.SuiteRunner.run(SuiteRunner.java:312)
at org.testng.SuiteRunnerWorker.runSuite(SuiteRunnerWorker.java:52)
at org.testng.SuiteRunnerWorker.run(SuiteRunnerWorker.java:95)
at org.testng.TestNG.runSuitesSequentially(TestNG.java:1274)
at org.testng.TestNG.runSuitesLocally(TestNG.java:1208)
at org.testng.TestNG.runSuites(TestNG.java:1112)
at org.testng.TestNG.run(TestNG.java:1079)
at org.testng.remote.AbstractRemoteTestNG.run(AbstractRemoteTestNG.java:115)
at org.testng.remote.RemoteTestNG.initAndRun(RemoteTestNG.java:293)
at org.testng.remote.RemoteTestNG.main(RemoteTestNG.java:91)
Caused by: com.microsoft.playwright.TimeoutError: Error {
  message='Timeout 30000ms exceeded.
  name='TimeoutError
  stack='TimeoutError: Timeout 30000ms exceeded.
    at ProgressController.run (C:\Users\DELL\AppData\Local\Temp\playwright-java-12699044510765208715\package\lib\server\progress.js:78:26)
    at Frame._callOnElementOnceMatches (C:\Users\DELL\AppData\Local\Temp\playwright-java-12699044510765208715\package\lib\server\frames.js:1464:23)
    at Frame.innerText (C:\Users\DELL\AppData\Local\Temp\playwright-java-12699044510765208715\package\lib\server\frames.js:1083:17)
    at FrameDispatcher.innerText (C:\Users\DELL\AppData\Local\Temp\playwright-java-12699044510765208715\package\lib\server\dispatchers\frameDispatcher.js:185:32)
    at FrameDispatcher._handleCommand (C:\Users\DELL\AppData\Local\Temp\playwright-java-12699044510765208715\package\lib\server\dispatchers\dispatcher.js:94:40)
    at DispatcherConnection.dispatch (C:\Users\DELL\AppData\Local\Temp\playwright-java-12699044510765208715\package\lib\server\dispatchers\dispatcher.js:361:39)
}
Call log:
- waiting for locator("#lblCap109424")

at com.microsoft.playwright.impl.Connection.dispatch(Connection.java:254)
at com.microsoft.playwright.impl.Connection.processOneMessage(Connection.java:211)
at com.microsoft.playwright.impl.ChannelOwner.runUntil(ChannelOwner.java:118)
... 39 more
]]>
    </error>
  </testcase> <!-- verifyCaptionSpecialCharactersSupport -->
  <testcase classname="com.qa.test.AppSavy" name="verifyDefaultRadioButtonValues" time="0.009">
    <failure message="expected [true] but found [false]" type="java.lang.AssertionError">
      <![CDATA[java.lang.AssertionError: expected [true] but found [false]
at org.testng.Assert.fail(Assert.java:111)
at org.testng.Assert.failNotEquals(Assert.java:1590)
at org.testng.Assert.assertTrue(Assert.java:57)
at org.testng.Assert.assertTrue(Assert.java:67)
at com.example.pages.Radiobutton.verifyRadioButtonDefaultValues(Radiobutton.java:65)
at com.qa.test.AppSavy.verifyDefaultRadioButtonValues(AppSavy.java:226)
at java.base/jdk.internal.reflect.NativeMethodAccessorImpl.invoke0(Native Method)
at java.base/jdk.internal.reflect.NativeMethodAccessorImpl.invoke(NativeMethodAccessorImpl.java:77)
at java.base/jdk.internal.reflect.DelegatingMethodAccessorImpl.invoke(DelegatingMethodAccessorImpl.java:43)
at java.base/java.lang.reflect.Method.invoke(Method.java:568)
at org.testng.internal.invokers.MethodInvocationHelper.invokeMethod(MethodInvocationHelper.java:141)
at org.testng.internal.invokers.TestInvoker.invokeMethod(TestInvoker.java:687)
at org.testng.internal.invokers.TestInvoker.invokeTestMethod(TestInvoker.java:230)
at org.testng.internal.invokers.MethodRunner.runInSequence(MethodRunner.java:63)
at org.testng.internal.invokers.TestInvoker$MethodInvocationAgent.invoke(TestInvoker.java:995)
at org.testng.internal.invokers.TestInvoker.invokeTestMethods(TestInvoker.java:203)
at org.testng.internal.invokers.TestMethodWorker.invokeTestMethods(TestMethodWorker.java:154)
at org.testng.internal.invokers.TestMethodWorker.run(TestMethodWorker.java:134)
at java.base/java.util.ArrayList.forEach(ArrayList.java:1511)
at org.testng.TestRunner.privateRun(TestRunner.java:741)
at org.testng.TestRunner.run(TestRunner.java:616)
at org.testng.SuiteRunner.runTest(SuiteRunner.java:421)
at org.testng.SuiteRunner.runSequentially(SuiteRunner.java:413)
at org.testng.SuiteRunner.privateRun(SuiteRunner.java:373)
at org.testng.SuiteRunner.run(SuiteRunner.java:312)
at org.testng.SuiteRunnerWorker.runSuite(SuiteRunnerWorker.java:52)
at org.testng.SuiteRunnerWorker.run(SuiteRunnerWorker.java:95)
at org.testng.TestNG.runSuitesSequentially(TestNG.java:1274)
at org.testng.TestNG.runSuitesLocally(TestNG.java:1208)
at org.testng.TestNG.runSuites(TestNG.java:1112)
at org.testng.TestNG.run(TestNG.java:1079)
at org.testng.remote.AbstractRemoteTestNG.run(AbstractRemoteTestNG.java:115)
at org.testng.remote.RemoteTestNG.initAndRun(RemoteTestNG.java:293)
at org.testng.remote.RemoteTestNG.main(RemoteTestNG.java:91)
]]>
    </failure>
  </testcase> <!-- verifyDefaultRadioButtonValues -->
  <testcase classname="com.qa.test.AppSavy" name="verifyRadioButtonOrderTest" time="30.009">
    <error message="Error {
  message=&#039;Timeout 30000ms exceeded.
  name=&#039;TimeoutError
  stack=&#039;TimeoutError: Timeout 30000ms exceeded.
    at ProgressController.run (C:\Users\DELL\AppData\Local\Temp\playwright-java-12699044510765208715\package\lib\server\progress.js:78:26)
    at Frame._callOnElementOnceMatches (C:\Users\DELL\AppData\Local\Temp\playwright-java-12699044510765208715\package\lib\server\frames.js:1464:23)
    at Frame.innerText (C:\Users\DELL\AppData\Local\Temp\playwright-java-12699044510765208715\package\lib\server\frames.js:1083:17)
    at FrameDispatcher.innerText (C:\Users\DELL\AppData\Local\Temp\playwright-java-12699044510765208715\package\lib\server\dispatchers\frameDispatcher.js:185:32)
    at FrameDispatcher._handleCommand (C:\Users\DELL\AppData\Local\Temp\playwright-java-12699044510765208715\package\lib\server\dispatchers\dispatcher.js:94:40)
    at DispatcherConnection.dispatch (C:\Users\DELL\AppData\Local\Temp\playwright-java-12699044510765208715\package\lib\server\dispatchers\dispatcher.js:361:39)
}
Call log:
- waiting for locator(&quot;label[id^=&#039;lbl&#039;][id$=&#039;_109423&#039;]&quot;).first()
" type="com.microsoft.playwright.TimeoutError">
      <![CDATA[com.microsoft.playwright.TimeoutError: Error {
  message='Timeout 30000ms exceeded.
  name='TimeoutError
  stack='TimeoutError: Timeout 30000ms exceeded.
    at ProgressController.run (C:\Users\DELL\AppData\Local\Temp\playwright-java-12699044510765208715\package\lib\server\progress.js:78:26)
    at Frame._callOnElementOnceMatches (C:\Users\DELL\AppData\Local\Temp\playwright-java-12699044510765208715\package\lib\server\frames.js:1464:23)
    at Frame.innerText (C:\Users\DELL\AppData\Local\Temp\playwright-java-12699044510765208715\package\lib\server\frames.js:1083:17)
    at FrameDispatcher.innerText (C:\Users\DELL\AppData\Local\Temp\playwright-java-12699044510765208715\package\lib\server\dispatchers\frameDispatcher.js:185:32)
    at FrameDispatcher._handleCommand (C:\Users\DELL\AppData\Local\Temp\playwright-java-12699044510765208715\package\lib\server\dispatchers\dispatcher.js:94:40)
    at DispatcherConnection.dispatch (C:\Users\DELL\AppData\Local\Temp\playwright-java-12699044510765208715\package\lib\server\dispatchers\dispatcher.js:361:39)
}
Call log:
- waiting for locator("label[id^='lbl'][id$='_109423']").first()

at com.microsoft.playwright.impl.WaitableResult.get(WaitableResult.java:52)
at com.microsoft.playwright.impl.ChannelOwner.runUntil(ChannelOwner.java:120)
at com.microsoft.playwright.impl.Connection.sendMessage(Connection.java:130)
at com.microsoft.playwright.impl.ChannelOwner.sendMessage(ChannelOwner.java:106)
at com.microsoft.playwright.impl.FrameImpl.innerTextImpl(FrameImpl.java:526)
at com.microsoft.playwright.impl.FrameImpl.lambda$innerText$22(FrameImpl.java:517)
at com.microsoft.playwright.impl.LoggingSupport.withLogging(LoggingSupport.java:47)
at com.microsoft.playwright.impl.ChannelOwner.withLogging(ChannelOwner.java:89)
at com.microsoft.playwright.impl.FrameImpl.innerText(FrameImpl.java:517)
at com.microsoft.playwright.impl.LocatorImpl.innerText(LocatorImpl.java:360)
at com.microsoft.playwright.Locator.innerText(Locator.java:3758)
at com.example.pages.Radiobutton.verifyRadioButtonOrderEasy(Radiobutton.java:82)
at com.qa.test.AppSavy.verifyRadioButtonOrderTest(AppSavy.java:236)
at java.base/jdk.internal.reflect.NativeMethodAccessorImpl.invoke0(Native Method)
at java.base/jdk.internal.reflect.NativeMethodAccessorImpl.invoke(NativeMethodAccessorImpl.java:77)
at java.base/jdk.internal.reflect.DelegatingMethodAccessorImpl.invoke(DelegatingMethodAccessorImpl.java:43)
at java.base/java.lang.reflect.Method.invoke(Method.java:568)
at org.testng.internal.invokers.MethodInvocationHelper.invokeMethod(MethodInvocationHelper.java:141)
at org.testng.internal.invokers.TestInvoker.invokeMethod(TestInvoker.java:687)
at org.testng.internal.invokers.TestInvoker.invokeTestMethod(TestInvoker.java:230)
at org.testng.internal.invokers.MethodRunner.runInSequence(MethodRunner.java:63)
at org.testng.internal.invokers.TestInvoker$MethodInvocationAgent.invoke(TestInvoker.java:995)
at org.testng.internal.invokers.TestInvoker.invokeTestMethods(TestInvoker.java:203)
at org.testng.internal.invokers.TestMethodWorker.invokeTestMethods(TestMethodWorker.java:154)
at org.testng.internal.invokers.TestMethodWorker.run(TestMethodWorker.java:134)
at java.base/java.util.ArrayList.forEach(ArrayList.java:1511)
at org.testng.TestRunner.privateRun(TestRunner.java:741)
at org.testng.TestRunner.run(TestRunner.java:616)
at org.testng.SuiteRunner.runTest(SuiteRunner.java:421)
at org.testng.SuiteRunner.runSequentially(SuiteRunner.java:413)
at org.testng.SuiteRunner.privateRun(SuiteRunner.java:373)
at org.testng.SuiteRunner.run(SuiteRunner.java:312)
at org.testng.SuiteRunnerWorker.runSuite(SuiteRunnerWorker.java:52)
at org.testng.SuiteRunnerWorker.run(SuiteRunnerWorker.java:95)
at org.testng.TestNG.runSuitesSequentially(TestNG.java:1274)
at org.testng.TestNG.runSuitesLocally(TestNG.java:1208)
at org.testng.TestNG.runSuites(TestNG.java:1112)
at org.testng.TestNG.run(TestNG.java:1079)
at org.testng.remote.AbstractRemoteTestNG.run(AbstractRemoteTestNG.java:115)
at org.testng.remote.RemoteTestNG.initAndRun(RemoteTestNG.java:293)
at org.testng.remote.RemoteTestNG.main(RemoteTestNG.java:91)
Caused by: com.microsoft.playwright.TimeoutError: Error {
  message='Timeout 30000ms exceeded.
  name='TimeoutError
  stack='TimeoutError: Timeout 30000ms exceeded.
    at ProgressController.run (C:\Users\DELL\AppData\Local\Temp\playwright-java-12699044510765208715\package\lib\server\progress.js:78:26)
    at Frame._callOnElementOnceMatches (C:\Users\DELL\AppData\Local\Temp\playwright-java-12699044510765208715\package\lib\server\frames.js:1464:23)
    at Frame.innerText (C:\Users\DELL\AppData\Local\Temp\playwright-java-12699044510765208715\package\lib\server\frames.js:1083:17)
    at FrameDispatcher.innerText (C:\Users\DELL\AppData\Local\Temp\playwright-java-12699044510765208715\package\lib\server\dispatchers\frameDispatcher.js:185:32)
    at FrameDispatcher._handleCommand (C:\Users\DELL\AppData\Local\Temp\playwright-java-12699044510765208715\package\lib\server\dispatchers\dispatcher.js:94:40)
    at DispatcherConnection.dispatch (C:\Users\DELL\AppData\Local\Temp\playwright-java-12699044510765208715\package\lib\server\dispatchers\dispatcher.js:361:39)
}
Call log:
- waiting for locator("label[id^='lbl'][id$='_109423']").first()

at com.microsoft.playwright.impl.Connection.dispatch(Connection.java:254)
at com.microsoft.playwright.impl.Connection.processOneMessage(Connection.java:211)
at com.microsoft.playwright.impl.ChannelOwner.runUntil(ChannelOwner.java:118)
... 39 more
]]>
    </error>
  </testcase> <!-- verifyRadioButtonOrderTest -->
  <testcase classname="com.qa.test.AppSavy" name="verifyNumericRadioButtonOptionsTest" time="30.167">
    <error message="Error {
  message=&#039;Timeout 30000ms exceeded.
  name=&#039;TimeoutError
  stack=&#039;TimeoutError: Timeout 30000ms exceeded.
    at ProgressController.run (C:\Users\DELL\AppData\Local\Temp\playwright-java-12699044510765208715\package\lib\server\progress.js:78:26)
    at Frame._callOnElementOnceMatches (C:\Users\DELL\AppData\Local\Temp\playwright-java-12699044510765208715\package\lib\server\frames.js:1464:23)
    at Frame.innerText (C:\Users\DELL\AppData\Local\Temp\playwright-java-12699044510765208715\package\lib\server\frames.js:1083:17)
    at FrameDispatcher.innerText (C:\Users\DELL\AppData\Local\Temp\playwright-java-12699044510765208715\package\lib\server\dispatchers\frameDispatcher.js:185:32)
    at FrameDispatcher._handleCommand (C:\Users\DELL\AppData\Local\Temp\playwright-java-12699044510765208715\package\lib\server\dispatchers\dispatcher.js:94:40)
    at DispatcherConnection.dispatch (C:\Users\DELL\AppData\Local\Temp\playwright-java-12699044510765208715\package\lib\server\dispatchers\dispatcher.js:361:39)
}
Call log:
- waiting for locator(&quot;label[id^=&#039;lbl&#039;][id$=&#039;_109424&#039;]&quot;).first()
" type="com.microsoft.playwright.TimeoutError">
      <![CDATA[com.microsoft.playwright.TimeoutError: Error {
  message='Timeout 30000ms exceeded.
  name='TimeoutError
  stack='TimeoutError: Timeout 30000ms exceeded.
    at ProgressController.run (C:\Users\DELL\AppData\Local\Temp\playwright-java-12699044510765208715\package\lib\server\progress.js:78:26)
    at Frame._callOnElementOnceMatches (C:\Users\DELL\AppData\Local\Temp\playwright-java-12699044510765208715\package\lib\server\frames.js:1464:23)
    at Frame.innerText (C:\Users\DELL\AppData\Local\Temp\playwright-java-12699044510765208715\package\lib\server\frames.js:1083:17)
    at FrameDispatcher.innerText (C:\Users\DELL\AppData\Local\Temp\playwright-java-12699044510765208715\package\lib\server\dispatchers\frameDispatcher.js:185:32)
    at FrameDispatcher._handleCommand (C:\Users\DELL\AppData\Local\Temp\playwright-java-12699044510765208715\package\lib\server\dispatchers\dispatcher.js:94:40)
    at DispatcherConnection.dispatch (C:\Users\DELL\AppData\Local\Temp\playwright-java-12699044510765208715\package\lib\server\dispatchers\dispatcher.js:361:39)
}
Call log:
- waiting for locator("label[id^='lbl'][id$='_109424']").first()

at com.microsoft.playwright.impl.WaitableResult.get(WaitableResult.java:52)
at com.microsoft.playwright.impl.ChannelOwner.runUntil(ChannelOwner.java:120)
at com.microsoft.playwright.impl.Connection.sendMessage(Connection.java:130)
at com.microsoft.playwright.impl.ChannelOwner.sendMessage(ChannelOwner.java:106)
at com.microsoft.playwright.impl.FrameImpl.innerTextImpl(FrameImpl.java:526)
at com.microsoft.playwright.impl.FrameImpl.lambda$innerText$22(FrameImpl.java:517)
at com.microsoft.playwright.impl.LoggingSupport.withLogging(LoggingSupport.java:47)
at com.microsoft.playwright.impl.ChannelOwner.withLogging(ChannelOwner.java:89)
at com.microsoft.playwright.impl.FrameImpl.innerText(FrameImpl.java:517)
at com.microsoft.playwright.impl.LocatorImpl.innerText(LocatorImpl.java:360)
at com.microsoft.playwright.Locator.innerText(Locator.java:3758)
at com.example.pages.Radiobutton.verifyNumericRadioOptions(Radiobutton.java:106)
at com.qa.test.AppSavy.verifyNumericRadioButtonOptionsTest(AppSavy.java:244)
at java.base/jdk.internal.reflect.NativeMethodAccessorImpl.invoke0(Native Method)
at java.base/jdk.internal.reflect.NativeMethodAccessorImpl.invoke(NativeMethodAccessorImpl.java:77)
at java.base/jdk.internal.reflect.DelegatingMethodAccessorImpl.invoke(DelegatingMethodAccessorImpl.java:43)
at java.base/java.lang.reflect.Method.invoke(Method.java:568)
at org.testng.internal.invokers.MethodInvocationHelper.invokeMethod(MethodInvocationHelper.java:141)
at org.testng.internal.invokers.TestInvoker.invokeMethod(TestInvoker.java:687)
at org.testng.internal.invokers.TestInvoker.invokeTestMethod(TestInvoker.java:230)
at org.testng.internal.invokers.MethodRunner.runInSequence(MethodRunner.java:63)
at org.testng.internal.invokers.TestInvoker$MethodInvocationAgent.invoke(TestInvoker.java:995)
at org.testng.internal.invokers.TestInvoker.invokeTestMethods(TestInvoker.java:203)
at org.testng.internal.invokers.TestMethodWorker.invokeTestMethods(TestMethodWorker.java:154)
at org.testng.internal.invokers.TestMethodWorker.run(TestMethodWorker.java:134)
at java.base/java.util.ArrayList.forEach(ArrayList.java:1511)
at org.testng.TestRunner.privateRun(TestRunner.java:741)
at org.testng.TestRunner.run(TestRunner.java:616)
at org.testng.SuiteRunner.runTest(SuiteRunner.java:421)
at org.testng.SuiteRunner.runSequentially(SuiteRunner.java:413)
at org.testng.SuiteRunner.privateRun(SuiteRunner.java:373)
at org.testng.SuiteRunner.run(SuiteRunner.java:312)
at org.testng.SuiteRunnerWorker.runSuite(SuiteRunnerWorker.java:52)
at org.testng.SuiteRunnerWorker.run(SuiteRunnerWorker.java:95)
at org.testng.TestNG.runSuitesSequentially(TestNG.java:1274)
at org.testng.TestNG.runSuitesLocally(TestNG.java:1208)
at org.testng.TestNG.runSuites(TestNG.java:1112)
at org.testng.TestNG.run(TestNG.java:1079)
at org.testng.remote.AbstractRemoteTestNG.run(AbstractRemoteTestNG.java:115)
at org.testng.remote.RemoteTestNG.initAndRun(RemoteTestNG.java:293)
at org.testng.remote.RemoteTestNG.main(RemoteTestNG.java:91)
Caused by: com.microsoft.playwright.TimeoutError: Error {
  message='Timeout 30000ms exceeded.
  name='TimeoutError
  stack='TimeoutError: Timeout 30000ms exceeded.
    at ProgressController.run (C:\Users\DELL\AppData\Local\Temp\playwright-java-12699044510765208715\package\lib\server\progress.js:78:26)
    at Frame._callOnElementOnceMatches (C:\Users\DELL\AppData\Local\Temp\playwright-java-12699044510765208715\package\lib\server\frames.js:1464:23)
    at Frame.innerText (C:\Users\DELL\AppData\Local\Temp\playwright-java-12699044510765208715\package\lib\server\frames.js:1083:17)
    at FrameDispatcher.innerText (C:\Users\DELL\AppData\Local\Temp\playwright-java-12699044510765208715\package\lib\server\dispatchers\frameDispatcher.js:185:32)
    at FrameDispatcher._handleCommand (C:\Users\DELL\AppData\Local\Temp\playwright-java-12699044510765208715\package\lib\server\dispatchers\dispatcher.js:94:40)
    at DispatcherConnection.dispatch (C:\Users\DELL\AppData\Local\Temp\playwright-java-12699044510765208715\package\lib\server\dispatchers\dispatcher.js:361:39)
}
Call log:
- waiting for locator("label[id^='lbl'][id$='_109424']").first()

at com.microsoft.playwright.impl.Connection.dispatch(Connection.java:254)
at com.microsoft.playwright.impl.Connection.processOneMessage(Connection.java:211)
at com.microsoft.playwright.impl.ChannelOwner.runUntil(ChannelOwner.java:118)
... 39 more
]]>
    </error>
  </testcase> <!-- verifyNumericRadioButtonOptionsTest -->
  <testcase classname="com.qa.test.AppSavy" name="verifyRadioCaptionNotVisibleTest" time="0.013"/>
</testsuite> <!-- com.qa.test.AppSavy -->
