<?xml version="1.0" encoding="UTF-8"?>
<!-- Generated by org.testng.reporters.JUnitReportReporter -->
<testsuite hostname="DESKTOP-B566NJ2" failures="0" tests="11" name="com.example.tests.GetDataTest" time="87.566" errors="0" timestamp="2026-03-16T15:04:19 IST" skipped="0">
  <testcase classname="com.example.tests.GetDataTest" name="Multilingual" time="18.612"/>
  <testcase classname="com.example.tests.GetDataTest" name="verifyGetDataTriggeredOnTyping" time="3.555"/>
  <testcase classname="com.example.tests.GetDataTest" name="verifyGetDataTriggeredOnCheckboxChange" time="1.796"/>
  <testcase classname="com.example.tests.GetDataTest" name="verifyGetDataTriggeredOnButtonClickLoadsDaysDropdown" time="2.591"/>
  <testcase classname="com.example.tests.GetDataTest" name="verifyGetDataTriggeredOnGridbuttonClickLoadsFestivalsDropdown" time="2.486"/>
  <testcase classname="com.example.tests.GetDataTest" name="verifyGetDataTriggeredOnLabelClickLoadsFruitsDropdown" time="4.521"/>
  <testcase classname="com.example.tests.GetDataTest" name="verifyGetDataTriggeredOnRadioButtonClickLoadsSpicesDropdown" time="36.561"/>
  <testcase classname="com.example.tests.GetDataTest" name="verifyGetDataTriggeredOnSelectedIndexChangeLoadsGroupDropdown" time="9.499"/>
  <testcase classname="com.example.tests.GetDataTest" name="verifyGetDataTriggeredOnGraphClickLoadsResultDropdown" time="2.390"/>
  <testcase classname="com.example.tests.GetDataTest" name="verifyGetDataTriggeredAfterDocumentUploadLoadsVegetablesDropdown" time="3.543"/>
  <testcase classname="com.example.tests.GetDataTest" name="verifyGetDataTriggeredOnPageLoad" time="2.012"/>
</testsuite> <!-- com.example.tests.GetDataTest -->
