<?xml version="1.0" encoding="UTF-8"?>
<!-- Generated by org.testng.reporters.JUnitReportReporter -->
<testsuite hostname="DESKTOP-B566NJ2" failures="0" tests="13" name="com.example.tests.ButtonTest" time="18.777" errors="0" timestamp="2026-03-08T16:59:36 IST" skipped="0">
  <testcase classname="com.example.tests.ButtonTest" name="loginFunctionality" time="6.154"/>
  <testcase classname="com.example.tests.ButtonTest" name="testAdminRole" time="5.071"/>
  <testcase classname="com.example.tests.ButtonTest" name="verifyButtonNameInHindi" time="6.420"/>
  <testcase classname="com.example.tests.ButtonTest" name="verifyFormButtonNameRemainsEnglishAfterLanguageChange" time="0.184"/>
  <testcase classname="com.example.tests.ButtonTest" name="verifyCaptionPropertyIsVisibleForCaptionTestControl" time="0.179"/>
  <testcase classname="com.example.tests.ButtonTest" name="verifyImageIsLeftOfCaptionForImageButton" time="0.278"/>
  <testcase classname="com.example.tests.ButtonTest" name="verifyWidthButtonSizeIs50" time="0.089"/>
  <testcase classname="com.example.tests.ButtonTest" name="verifyVisibilityYControlIsVisible" time="0.045"/>
  <testcase classname="com.example.tests.ButtonTest" name="verifyVisibilityNControlIsNotVisible" time="0.047"/>
  <testcase classname="com.example.tests.ButtonTest" name="verifyFontSizeIs25" time="0.071"/>
  <testcase classname="com.example.tests.ButtonTest" name="verifyFontStyleIsBold" time="0.071"/>
  <testcase classname="com.example.tests.ButtonTest" name="verifyFontColor" time="0.096"/>
  <testcase classname="com.example.tests.ButtonTest" name="verifyBackgroundColor" time="0.072"/>
</testsuite> <!-- com.example.tests.ButtonTest -->
