<?xml version="1.0" encoding="UTF-8"?>
<!-- Generated by org.testng.reporters.JUnitReportReporter -->
<testsuite hostname="DESKTOP-B566NJ2" failures="0" tests="12" name="com.example.tests.SaveButtonTest" time="22.424" errors="0" timestamp="2026-03-08T16:59:36 IST" skipped="0">
  <testcase classname="com.example.tests.SaveButtonTest" name="Multilingual" time="18.695"/>
  <testcase classname="com.example.tests.SaveButtonTest" name="verifySaveButtonNameChnageInHindi" time="0.223"/>
  <testcase classname="com.example.tests.SaveButtonTest" name="verifyFormButtonNameRemainsEnglishAfterLanguageChange" time="0.135"/>
  <testcase classname="com.example.tests.SaveButtonTest" name="verifyHindiInputSavedAndVisibleInGrid" time="1.729"/>
  <testcase classname="com.example.tests.SaveButtonTest" name="verifySaveButtonNameInHindi" time="0.244"/>
  <testcase classname="com.example.tests.SaveButtonTest" name="verifyCaptionPropertyIsVisibleForCaptionTestControl" time="0.223"/>
  <testcase classname="com.example.tests.SaveButtonTest" name="verifyVisibilityYControlIsVisible" time="0.688"/>
  <testcase classname="com.example.tests.SaveButtonTest" name="verifyVisibilityNControlIsNotVisible" time="0.036"/>
  <testcase classname="com.example.tests.SaveButtonTest" name="verifyFontSizeIs25" time="0.240"/>
  <testcase classname="com.example.tests.SaveButtonTest" name="verifyFontStyleIsBold" time="0.077"/>
  <testcase classname="com.example.tests.SaveButtonTest" name="verifyFontColor" time="0.067"/>
  <testcase classname="com.example.tests.SaveButtonTest" name="verifyBackgroundColor" time="0.067"/>
</testsuite> <!-- com.example.tests.SaveButtonTest -->
