<?xml version="1.0" encoding="UTF-8"?>
<!-- Generated by org.testng.reporters.JUnitReportReporter -->
<testsuite hostname="DESKTOP-B566NJ2" failures="0" tests="3" name="com.example.tests.ControlTestPro" time="18.233" errors="0" timestamp="2026-02-02T08:58:38 IST" skipped="0">
  <testcase classname="com.example.tests.ControlTestPro" name="loginFunctionality" time="5.817"/>
  <testcase classname="com.example.tests.ControlTestPro" name="testAdminRole" time="2.075"/>
  <testcase classname="com.example.tests.ControlTestPro" name="testControlTestProject" time="10.341"/>
</testsuite> <!-- com.example.tests.ControlTestPro -->
