<?xml version="1.0" encoding="UTF-8"?>
<!-- Generated by org.testng.reporters.JUnitReportReporter -->
<testsuite hostname="DESKTOP-B566NJ2" failures="0" tests="13" name="com.example.tests.ButtonTest" time="18.697" errors="0" timestamp="2026-02-27T16:33:27 IST" skipped="0">
  <testcase classname="com.example.tests.ButtonTest" name="loginFunctionality" time="6.859"/>
  <testcase classname="com.example.tests.ButtonTest" name="testAdminRole" time="5.061"/>
  <testcase classname="com.example.tests.ButtonTest" name="verifyButtonNameInHindi" time="5.794"/>
  <testcase classname="com.example.tests.ButtonTest" name="verifyFormButtonNameRemainsEnglishAfterLanguageChange" time="0.144"/>
  <testcase classname="com.example.tests.ButtonTest" name="verifyCaptionPropertyIsVisibleForCaptionTestControl" time="0.187"/>
  <testcase classname="com.example.tests.ButtonTest" name="verifyImageIsLeftOfCaptionForImageButton" time="0.213"/>
  <testcase classname="com.example.tests.ButtonTest" name="verifyWidthButtonSizeIs50" time="0.073"/>
  <testcase classname="com.example.tests.ButtonTest" name="verifyVisibilityYControlIsVisible" time="0.024"/>
  <testcase classname="com.example.tests.ButtonTest" name="verifyVisibilityNControlIsNotVisible" time="0.036"/>
  <testcase classname="com.example.tests.ButtonTest" name="verifyFontSizeIs25" time="0.079"/>
  <testcase classname="com.example.tests.ButtonTest" name="verifyFontStyleIsBold" time="0.077"/>
  <testcase classname="com.example.tests.ButtonTest" name="verifyFontColor" time="0.067"/>
  <testcase classname="com.example.tests.ButtonTest" name="verifyBackgroundColor" time="0.083"/>
</testsuite> <!-- com.example.tests.ButtonTest -->
