<?xml version="1.0" encoding="UTF-8"?>
<!-- Generated by org.testng.reporters.JUnitReportReporter -->
<testsuite hostname="DESKTOP-B566NJ2" failures="0" tests="7" name="com.example.tests.CheckboxDropDownTest" time="24.681" errors="0" timestamp="2026-03-19T16:18:45 IST" skipped="0">
  <testcase classname="com.example.tests.CheckboxDropDownTest" name="loginFunctionality" time="6.993"/>
  <testcase classname="com.example.tests.CheckboxDropDownTest" name="testAdminRole" time="2.140"/>
  <testcase classname="com.example.tests.CheckboxDropDownTest" name="testControlTestProject" time="15.396"/>
  <testcase classname="com.example.tests.CheckboxDropDownTest" name="verifyCheckboxDropDownFontSize" time="0.094"/>
  <testcase classname="com.example.tests.CheckboxDropDownTest" name="verifyUniqueControlNamesOnSingleForm" time="0.032"/>
  <testcase classname="com.example.tests.CheckboxDropDownTest" name="verifyCaptionFontColor" time="0.014"/>
  <testcase classname="com.example.tests.CheckboxDropDownTest" name="verifyBackgroundColor_Checkbox" time="0.012"/>
</testsuite> <!-- com.example.tests.CheckboxDropDownTest -->
