<?xml version="1.0" encoding="UTF-8"?>
<!-- Generated by org.testng.reporters.JUnitReportReporter -->
<testsuite hostname="DESKTOP-B566NJ2" failures="0" tests="8" name="com.example.tests.GridTest" time="23.845" errors="0" timestamp="2026-02-27T16:33:27 IST" skipped="0">
  <testcase classname="com.example.tests.GridTest" name="loginFunctionality" time="6.406"/>
  <testcase classname="com.example.tests.GridTest" name="testAdminRole" time="5.072"/>
  <testcase classname="com.example.tests.GridTest" name="testControlTestProject" time="8.189"/>
  <testcase classname="com.example.tests.GridTest" name="verify_GridForm_SuccessfullyOpen" time="0.657"/>
  <testcase classname="com.example.tests.GridTest" name="verifyTranslatorWorking" time="0.527"/>
  <testcase classname="com.example.tests.GridTest" name="verifyGridCaptionFontSize" time="1.565"/>
  <testcase classname="com.example.tests.GridTest" name="verifyGridCaptionFontColor" time="0.004"/>
  <testcase classname="com.example.tests.GridTest" name="verifyGridEnabled" time="1.425"/>
</testsuite> <!-- com.example.tests.GridTest -->
