<?xml version="1.0" encoding="UTF-8"?>
<!-- Generated by org.testng.reporters.JUnitReportReporter -->
<testsuite hostname="DESKTOP-B566NJ2" failures="0" tests="6" name="com.example.tests.Textbox2Test" time="43.270" errors="0" timestamp="2026-03-08T17:17:50 IST" skipped="0">
  <testcase classname="com.example.tests.Textbox2Test" name="Multilingual" time="29.045"/>
  <testcase classname="com.example.tests.Textbox2Test" name="MultilineDefaultValueVisible" time="0.433"/>
  <testcase classname="com.example.tests.Textbox2Test" name="verifyUniqueProperty" time="6.551"/>
  <testcase classname="com.example.tests.Textbox2Test" name="verifyMaxLengthTextbox" time="0.120"/>
  <testcase classname="com.example.tests.Textbox2Test" name="Mandatory_Field_Validation" time="1.222"/>
  <testcase classname="com.example.tests.Textbox2Test" name="verifyAlphanumericTextbox" time="5.899"/>
</testsuite> <!-- com.example.tests.Textbox2Test -->
