<?xml version="1.0" encoding="UTF-8"?>
<!-- Generated by org.testng.reporters.JUnitReportReporter -->
<testsuite hostname="DESKTOP-B566NJ2" failures="0" tests="15" name="com.example.tests.Radiobuttontest" time="15.573" errors="0" timestamp="2026-02-16T06:27:49 IST" skipped="0">
  <testcase classname="com.example.tests.Radiobuttontest" name="Multilingual" time="15.090"/>
  <testcase classname="com.example.tests.Radiobuttontest" name="verifyCaptionLanguageWhenMultilingualIsNo" time="0.028"/>
  <testcase classname="com.example.tests.Radiobuttontest" name="verifyCaptionsupportSpecialCharactersandsupports" time="0.010"/>
  <testcase classname="com.example.tests.Radiobuttontest" name="verifyDefaultRadioButtonValuesaredisplayed" time="0.037"/>
  <testcase classname="com.example.tests.Radiobuttontest" name="verifyRadioButtonOrderTest" time="0.028"/>
  <testcase classname="com.example.tests.Radiobuttontest" name="verifyNumericRadioButtonOptionsTest" time="0.026"/>
  <testcase classname="com.example.tests.Radiobuttontest" name="verifyRadioCaptionNotVisibleTest" time="0.009"/>
  <testcase classname="com.example.tests.Radiobuttontest" name="testRadioCaptionFontSize" time="0.040"/>
  <testcase classname="com.example.tests.Radiobuttontest" name="testRadioCaptionTextColor" time="0.028"/>
  <testcase classname="com.example.tests.Radiobuttontest" name="testRadioCaptionBackgroundColor" time="0.029"/>
  <testcase classname="com.example.tests.Radiobuttontest" name="testRadioValueFontSize" time="0.048"/>
  <testcase classname="com.example.tests.Radiobuttontest" name="testRadioValueFontColor" time="0.039"/>
  <testcase classname="com.example.tests.Radiobuttontest" name="verify_RadioButtonVisibilityTest" time="0.126"/>
  <testcase classname="com.example.tests.Radiobuttontest" name="verify_LanguageData_On_Translator_Click" time="0.010"/>
  <testcase classname="com.example.tests.Radiobuttontest" name="verify_Selected_RadioButton_Captions_Are_Different" time="0.025"/>
</testsuite> <!-- com.example.tests.Radiobuttontest -->
