<?xml version="1.0" encoding="UTF-8"?>
<!-- Generated by org.testng.reporters.JUnitReportReporter -->
<testsuite hostname="DESKTOP-B566NJ2" failures="0" tests="11" name="com.example.tests.AddButtontest" time="48.538" errors="1" timestamp="2026-02-27T16:33:27 IST" skipped="0">
  <testcase classname="com.example.tests.AddButtontest" name="Multilingual" time="17.485"/>
  <testcase classname="com.example.tests.AddButtontest" name="verifyHindiCaptionSavedAndVisibleForUpdateButton" time="0.194"/>
  <testcase classname="com.example.tests.AddButtontest" name="verifySaveButtonNameChnageInHindi" time="0.436"/>
  <testcase classname="com.example.tests.AddButtontest" name="verifyFormButtonNameRemainsEnglishAfterLanguageChange" time="0.150"/>
  <testcase classname="com.example.tests.AddButtontest" name="verifyCaptionPropertyIsVisibleForCaptionTestControl" time="30.013">
    <error message="Error {
  message=&#039;Timeout 30000ms exceeded.
  name=&#039;TimeoutError
  stack=&#039;TimeoutError: Timeout 30000ms exceeded.
    at ProgressController.run (C:\Users\DELL\AppData\Local\Temp\playwright-java-8115715589163879982\package\lib\server\progress.js:86:28)
    at FrameDispatcher._runCommand (C:\Users\DELL\AppData\Local\Temp\playwright-java-8115715589163879982\package\lib\server\dispatchers\dispatcher.js:91:31)
    at DispatcherConnection.dispatch (C:\Users\DELL\AppData\Local\Temp\playwright-java-8115715589163879982\package\lib\server\dispatchers\dispatcher.js:325:39)
}
Call log:
-   - waiting for getByRole(AriaRole.BUTTON, new Page.GetByRoleOptions().setName(&quot;Caption Test&quot;))
" type="com.microsoft.playwright.TimeoutError">
      <![CDATA[com.microsoft.playwright.TimeoutError: Error {
  message='Timeout 30000ms exceeded.
  name='TimeoutError
  stack='TimeoutError: Timeout 30000ms exceeded.
    at ProgressController.run (C:\Users\DELL\AppData\Local\Temp\playwright-java-8115715589163879982\package\lib\server\progress.js:86:28)
    at FrameDispatcher._runCommand (C:\Users\DELL\AppData\Local\Temp\playwright-java-8115715589163879982\package\lib\server\dispatchers\dispatcher.js:91:31)
    at DispatcherConnection.dispatch (C:\Users\DELL\AppData\Local\Temp\playwright-java-8115715589163879982\package\lib\server\dispatchers\dispatcher.js:325:39)
}
Call log:
-   - waiting for getByRole(AriaRole.BUTTON, new Page.GetByRoleOptions().setName("Caption Test"))

at com.microsoft.playwright.impl.WaitableResult.get(WaitableResult.java:52)
at com.microsoft.playwright.impl.ChannelOwner.runUntil(ChannelOwner.java:138)
at com.microsoft.playwright.impl.Connection.sendMessage(Connection.java:131)
at com.microsoft.playwright.impl.ChannelOwner.sendMessage(ChannelOwner.java:124)
at com.microsoft.playwright.impl.FrameImpl.waitForSelectorImpl(FrameImpl.java:998)
at com.microsoft.playwright.impl.FrameImpl.waitForSelector(FrameImpl.java:988)
at com.microsoft.playwright.impl.LocatorImpl.elementHandle(LocatorImpl.java:232)
at com.microsoft.playwright.impl.LocatorImpl.lambda$withElement$0(LocatorImpl.java:80)
at com.microsoft.playwright.impl.ChannelOwner.withTitle(ChannelOwner.java:98)
at com.microsoft.playwright.impl.LocatorImpl.withElement(LocatorImpl.java:71)
at com.microsoft.playwright.impl.LocatorImpl.scrollIntoViewIfNeeded(LocatorImpl.java:507)
at com.microsoft.playwright.Locator.scrollIntoViewIfNeeded(Locator.java:4499)
at com.example.pages.AddButton.verifyCaptionPropertyIsVisibleForCaptionTestControl(AddButton.java:89)
at com.example.tests.AddButtontest.verifyCaptionPropertyIsVisibleForCaptionTestControl(AddButtontest.java:93)
at java.base/jdk.internal.reflect.NativeMethodAccessorImpl.invoke0(Native Method)
at java.base/jdk.internal.reflect.NativeMethodAccessorImpl.invoke(NativeMethodAccessorImpl.java:77)
at java.base/jdk.internal.reflect.DelegatingMethodAccessorImpl.invoke(DelegatingMethodAccessorImpl.java:43)
at java.base/java.lang.reflect.Method.invoke(Method.java:568)
at org.testng.internal.invokers.MethodInvocationHelper.invokeMethod(MethodInvocationHelper.java:141)
at org.testng.internal.invokers.TestInvoker.invokeMethod(TestInvoker.java:687)
at org.testng.internal.invokers.TestInvoker.invokeTestMethod(TestInvoker.java:230)
at org.testng.internal.invokers.MethodRunner.runInSequence(MethodRunner.java:63)
at org.testng.internal.invokers.TestInvoker$MethodInvocationAgent.invoke(TestInvoker.java:995)
at org.testng.internal.invokers.TestInvoker.invokeTestMethods(TestInvoker.java:203)
at org.testng.internal.invokers.TestMethodWorker.invokeTestMethods(TestMethodWorker.java:154)
at org.testng.internal.invokers.TestMethodWorker.run(TestMethodWorker.java:134)
at java.base/java.util.ArrayList.forEach(ArrayList.java:1511)
at org.testng.TestRunner.privateRun(TestRunner.java:741)
at org.testng.TestRunner.run(TestRunner.java:616)
at org.testng.SuiteRunner.runTest(SuiteRunner.java:421)
at org.testng.SuiteRunner.runSequentially(SuiteRunner.java:413)
at org.testng.SuiteRunner.privateRun(SuiteRunner.java:373)
at org.testng.SuiteRunner.run(SuiteRunner.java:312)
at org.testng.SuiteRunnerWorker.runSuite(SuiteRunnerWorker.java:52)
at org.testng.SuiteRunnerWorker.run(SuiteRunnerWorker.java:95)
at org.testng.TestNG.runSuitesSequentially(TestNG.java:1274)
at org.testng.TestNG.runSuitesLocally(TestNG.java:1208)
at org.testng.TestNG.runSuites(TestNG.java:1112)
at org.testng.TestNG.run(TestNG.java:1079)
at org.testng.remote.AbstractRemoteTestNG.run(AbstractRemoteTestNG.java:115)
at org.testng.remote.RemoteTestNG.initAndRun(RemoteTestNG.java:293)
at org.testng.remote.RemoteTestNG.main(RemoteTestNG.java:91)
Caused by: com.microsoft.playwright.TimeoutError: Error {
  message='Timeout 30000ms exceeded.
  name='TimeoutError
  stack='TimeoutError: Timeout 30000ms exceeded.
    at ProgressController.run (C:\Users\DELL\AppData\Local\Temp\playwright-java-8115715589163879982\package\lib\server\progress.js:86:28)
    at FrameDispatcher._runCommand (C:\Users\DELL\AppData\Local\Temp\playwright-java-8115715589163879982\package\lib\server\dispatchers\dispatcher.js:91:31)
    at DispatcherConnection.dispatch (C:\Users\DELL\AppData\Local\Temp\playwright-java-8115715589163879982\package\lib\server\dispatchers\dispatcher.js:325:39)
}
Call log:
-   - waiting for getByRole(AriaRole.BUTTON, new Page.GetByRoleOptions().setName("Caption Test"))

at com.microsoft.playwright.impl.Connection.dispatch(Connection.java:257)
at com.microsoft.playwright.impl.Connection.processOneMessage(Connection.java:214)
at com.microsoft.playwright.impl.ChannelOwner.runUntil(ChannelOwner.java:136)
... 40 more
]]>
    </error>
  </testcase> <!-- verifyCaptionPropertyIsVisibleForCaptionTestControl -->
  <testcase classname="com.example.tests.AddButtontest" name="verifyVisibilityYControlIsVisible" time="0.034"/>
  <testcase classname="com.example.tests.AddButtontest" name="verifyVisibilityNControlIsNotVisible" time="0.024"/>
  <testcase classname="com.example.tests.AddButtontest" name="verifyFontSizeIs30" time="0.074"/>
  <testcase classname="com.example.tests.AddButtontest" name="verifyFontStyleIsBold" time="0.040"/>
  <testcase classname="com.example.tests.AddButtontest" name="verifyFontColor" time="0.039"/>
  <testcase classname="com.example.tests.AddButtontest" name="verifyBackgroundColor" time="0.049"/>
</testsuite> <!-- com.example.tests.AddButtontest -->
