<?xml version="1.0" encoding="UTF-8"?>
<!-- Generated by org.testng.reporters.JUnitReportReporter -->
<testsuite hostname="DESKTOP-B566NJ2" failures="0" tests="12" name="com.example.tests.SaveButtonTest" time="20.186" errors="0" timestamp="2026-02-27T16:33:27 IST" skipped="0">
  <testcase classname="com.example.tests.SaveButtonTest" name="Multilingual" time="17.464"/>
  <testcase classname="com.example.tests.SaveButtonTest" name="verifySaveButtonNameChnageInHindi" time="0.186"/>
  <testcase classname="com.example.tests.SaveButtonTest" name="verifyFormButtonNameRemainsEnglishAfterLanguageChange" time="0.119"/>
  <testcase classname="com.example.tests.SaveButtonTest" name="verifyHindiInputSavedAndVisibleInGrid" time="1.145"/>
  <testcase classname="com.example.tests.SaveButtonTest" name="verifySaveButtonNameInHindi" time="0.151"/>
  <testcase classname="com.example.tests.SaveButtonTest" name="verifyCaptionPropertyIsVisibleForCaptionTestControl" time="0.221"/>
  <testcase classname="com.example.tests.SaveButtonTest" name="verifyVisibilityYControlIsVisible" time="0.026"/>
  <testcase classname="com.example.tests.SaveButtonTest" name="verifyVisibilityNControlIsNotVisible" time="0.523"/>
  <testcase classname="com.example.tests.SaveButtonTest" name="verifyFontSizeIs25" time="0.169"/>
  <testcase classname="com.example.tests.SaveButtonTest" name="verifyFontStyleIsBold" time="0.079"/>
  <testcase classname="com.example.tests.SaveButtonTest" name="verifyFontColor" time="0.064"/>
  <testcase classname="com.example.tests.SaveButtonTest" name="verifyBackgroundColor" time="0.039"/>
</testsuite> <!-- com.example.tests.SaveButtonTest -->
