<?xml version="1.0" encoding="UTF-8"?>
<!-- Generated by org.testng.reporters.JUnitReportReporter -->
<testsuite hostname="DESKTOP-B566NJ2" failures="0" tests="17" name="com.example.tests.MultilineTextboxTest" time="20.546" errors="0" timestamp="2026-02-27T16:33:27 IST" skipped="0">
  <testcase classname="com.example.tests.MultilineTextboxTest" name="Multilingual" time="17.582"/>
  <testcase classname="com.example.tests.MultilineTextboxTest" name="verify_LanguageData_On_Translator_Click" time="0.018"/>
  <testcase classname="com.example.tests.MultilineTextboxTest" name="MultilineCaptionVisibility" time="0.018"/>
  <testcase classname="com.example.tests.MultilineTextboxTest" name="MultilineDefaultValueVisible" time="0.055"/>
  <testcase classname="com.example.tests.MultilineTextboxTest" name="MultilineMaxLength" time="0.043"/>
  <testcase classname="com.example.tests.MultilineTextboxTest" name="CaptionIsDisplayedOnLeftOfmultilineTextbox" time="0.045"/>
  <testcase classname="com.example.tests.MultilineTextboxTest" name="CaptionFontSize" time="0.026"/>
  <testcase classname="com.example.tests.MultilineTextboxTest" name="CaptionTextColor" time="0.023"/>
  <testcase classname="com.example.tests.MultilineTextboxTest" name="CaptionBackgroundColor" time="0.014"/>
  <testcase classname="com.example.tests.MultilineTextboxTest" name="MultilineCaptionFontFamily" time="0.022"/>
  <testcase classname="com.example.tests.MultilineTextboxTest" name="MultilineCaptionFontBold" time="0.019"/>
  <testcase classname="com.example.tests.MultilineTextboxTest" name="VerifymultilineValueFontSize" time="0.012"/>
  <testcase classname="com.example.tests.MultilineTextboxTest" name="MultilineValueFontFamily" time="0.025"/>
  <testcase classname="com.example.tests.MultilineTextboxTest" name="MultilineValueFontStyle" time="0.014"/>
  <testcase classname="com.example.tests.MultilineTextboxTest" name="MultilineValueTextColor1" time="0.016"/>
  <testcase classname="com.example.tests.MultilineTextboxTest" name="MultilineValueBackgroundColor1" time="0.012"/>
  <testcase classname="com.example.tests.MultilineTextboxTest" name="Mandatory_Field_Validation" time="2.602"/>
</testsuite> <!-- com.example.tests.MultilineTextboxTest -->
