<?xml version="1.0" encoding="UTF-8"?>
<!-- Generated by org.testng.reporters.JUnitReportReporter -->
<testsuite hostname="DESKTOP-B566NJ2" failures="0" tests="5" name="com.example.tests.ShowHideTest" time="48.914" errors="0" timestamp="2026-03-17T08:19:00 IST" skipped="0">
  <testcase classname="com.example.tests.ShowHideTest" name="Multilingual" time="18.546"/>
  <testcase classname="com.example.tests.ShowHideTest" name="verifyShowLabelOnTypingTest" time="0.105"/>
  <testcase classname="com.example.tests.ShowHideTest" name="verifyHideLabelOnTypingTest" time="10.107"/>
  <testcase classname="com.example.tests.ShowHideTest" name="verifyShowLabelOnCheckboxSelectTest" time="10.075"/>
  <testcase classname="com.example.tests.ShowHideTest" name="verifyHideLabelOnCheckboxSelectTest" time="10.081"/>
</testsuite> <!-- com.example.tests.ShowHideTest -->
