<?xml version="1.0" encoding="UTF-8"?>
<!-- Generated by org.testng.reporters.JUnitReportReporter -->
<testsuite hostname="DESKTOP-B566NJ2" failures="0" tests="13" name="tests.LabelApi2" time="86.174" errors="0" timestamp="2026-05-06T10:25:06 IST" skipped="0">
  <testcase classname="tests.LabelApi2" name="verifyCaptionFontSize" time="7.269"/>
  <testcase classname="tests.LabelApi2" name="verifyCaptionFontColor" time="5.676"/>
  <testcase classname="tests.LabelApi2" name="verifyCaptionFontFamily" time="6.133"/>
  <testcase classname="tests.LabelApi2" name="verifyCaptionFontStyle" time="6.080"/>
  <testcase classname="tests.LabelApi2" name="verifyCaptionBackgroundColor" time="6.444"/>
  <testcase classname="tests.LabelApi2" name="verifyValueFontSize" time="6.082"/>
  <testcase classname="tests.LabelApi2" name="verifyValueFontColor" time="5.661"/>
  <testcase classname="tests.LabelApi2" name="verifyValueFontFamily" time="6.463"/>
  <testcase classname="tests.LabelApi2" name="verifyValueFontStyle" time="6.963"/>
  <testcase classname="tests.LabelApi2" name="verifyValueBackgroundColor" time="6.118"/>
  <testcase classname="tests.LabelApi2" name="verifyCaptionText" time="10.991"/>
  <testcase classname="tests.LabelApi2" name="verifyDefaultValue" time="6.175"/>
  <testcase classname="tests.LabelApi2" name="verifyCaptionLeftAlignment" time="6.119"/>
</testsuite> <!-- tests.LabelApi2 -->
