<?xml version="1.0" encoding="UTF-8"?>
<!-- Generated by org.testng.reporters.JUnitReportReporter -->
<testsuite hostname="DESKTOP-B566NJ2" failures="0" tests="14" name="com.example.tests.Labeltest" time="27.251" errors="0" timestamp="2026-02-27T16:33:27 IST" skipped="0">
  <testcase classname="com.example.tests.Labeltest" name="loginFunctionality" time="5.896"/>
  <testcase classname="com.example.tests.Labeltest" name="testAdminRole" time="2.081"/>
  <testcase classname="com.example.tests.Labeltest" name="testControlTestProject" time="13.534"/>
  <testcase classname="com.example.tests.Labeltest" name="verifyLabel_control_PageSuccessfullyOpen" time="0.009"/>
  <testcase classname="com.example.tests.Labeltest" name="verifyCaptionVisiblity" time="0.697"/>
  <testcase classname="com.example.tests.Labeltest" name="verifyFormSubmissionWithoutFillingzTheMandatoryField" time="0.287"/>
  <testcase classname="com.example.tests.Labeltest" name="verifyTranslatorWorking" time="1.166"/>
  <testcase classname="com.example.tests.Labeltest" name="verifyUniqueControlNamesOnSingleForm" time="0.031"/>
  <testcase classname="com.example.tests.Labeltest" name="verifyCheckboxDisplayed" time="0.623"/>
  <testcase classname="com.example.tests.Labeltest" name="verifyCaptionFontSize" time="0.581"/>
  <testcase classname="com.example.tests.Labeltest" name="verifyCaptionFotColor" time="0.539"/>
  <testcase classname="com.example.tests.Labeltest" name="verifyBackgroundColor_Checkbox" time="0.553"/>
  <testcase classname="com.example.tests.Labeltest" name="verifyWidthOfTheControl" time="0.658"/>
  <testcase classname="com.example.tests.Labeltest" name="verifyCheckboxEnabled" time="0.596"/>
</testsuite> <!-- com.example.tests.Labeltest -->
