<?xml version="1.0" encoding="UTF-8"?>
<!-- Generated by org.testng.reporters.JUnitReportReporter -->
<testsuite hostname="DESKTOP-B566NJ2" failures="0" tests="6" name="tests.HeadingLabelApi2" time="47.410" errors="0" timestamp="2026-05-06T10:40:26 IST" skipped="0">
  <testcase classname="tests.HeadingLabelApi2" name="verifyValueFontSize" time="6.675"/>
  <testcase classname="tests.HeadingLabelApi2" name="verifyValueFontColor" time="6.151"/>
  <testcase classname="tests.HeadingLabelApi2" name="verifyValueFontFamily" time="6.213"/>
  <testcase classname="tests.HeadingLabelApi2" name="verifyValueFontStyle" time="6.048"/>
  <testcase classname="tests.HeadingLabelApi2" name="verifyValueBackgroundColor" time="6.233"/>
  <testcase classname="tests.HeadingLabelApi2" name="verifyCaptionText" time="16.090"/>
</testsuite> <!-- tests.HeadingLabelApi2 -->
