<?xml version="1.0" encoding="UTF-8"?>
<!-- Generated by org.testng.reporters.JUnitReportReporter -->
<testsuite hostname="DESKTOP-B566NJ2" failures="0" tests="9" name="com.example.tests.HeadingLabelTest" time="14.876" errors="0" timestamp="2026-02-16T06:27:49 IST" skipped="0">
  <testcase classname="com.example.tests.HeadingLabelTest" name="Multilingual" time="14.691"/>
  <testcase classname="com.example.tests.HeadingLabelTest" name="verify_LanguageData_On_Translator_Click" time="0.024"/>
  <testcase classname="com.example.tests.HeadingLabelTest" name="verifyHeadingLabelCaption" time="0.033"/>
  <testcase classname="com.example.tests.HeadingLabelTest" name="verifyshowCaption" time="0.032"/>
  <testcase classname="com.example.tests.HeadingLabelTest" name="VerifyHeadingLabelValueFontSize" time="0.028"/>
  <testcase classname="com.example.tests.HeadingLabelTest" name="VerifyHeadingLabelValueFontFamily" time="0.019"/>
  <testcase classname="com.example.tests.HeadingLabelTest" name="Verify_HeadingLabel_Value_FontColor" time="0.016"/>
  <testcase classname="com.example.tests.HeadingLabelTest" name="VerifyHeadingLabelValueBackgroundColor" time="0.015"/>
  <testcase classname="com.example.tests.HeadingLabelTest" name="VerifyHeadingLabelValuefontstyle" time="0.018"/>
</testsuite> <!-- com.example.tests.HeadingLabelTest -->
