<?xml version="1.0" encoding="UTF-8"?>
<!-- Generated by org.testng.reporters.JUnitReportReporter -->
<testsuite hostname="DESKTOP-B566NJ2" failures="0" tests="16" name="com.example.tests.Textboxtest" time="24.031" errors="0" timestamp="2026-02-27T16:33:27 IST" skipped="0">
  <testcase classname="com.example.tests.Textboxtest" name="Multilingual" time="19.210"/>
  <testcase classname="com.example.tests.Textboxtest" name="testMultilingualFunctionality" time="1.709"/>
  <testcase classname="com.example.tests.Textboxtest" name="testMultilingualFunctionality" time="1.253"/>
  <testcase classname="com.example.tests.Textboxtest" name="testCaptionFontSize" time="0.291"/>
  <testcase classname="com.example.tests.Textboxtest" name="testCaptionTextColor" time="0.086"/>
  <testcase classname="com.example.tests.Textboxtest" name="testCaptionBackgroundColor" time="0.045"/>
  <testcase classname="com.example.tests.Textboxtest" name="testMaxLengthFunctionality" time="0.213"/>
  <testcase classname="com.example.tests.Textboxtest" name="testValueFontSize" time="0.031"/>
  <testcase classname="com.example.tests.Textboxtest" name="testValueTextColor" time="0.022"/>
  <testcase classname="com.example.tests.Textboxtest" name="testValueBackgroundColor" time="0.012"/>
  <testcase classname="com.example.tests.Textboxtest" name="testverifyCaptionShowTest" time="0.032"/>
  <testcase classname="com.example.tests.Textboxtest" name="testVerifyCaptionNotShown" time="0.017"/>
  <testcase classname="com.example.tests.Textboxtest" name="testInvalidEmailShowsErrorPopup" time="0.185"/>
  <testcase classname="com.example.tests.Textboxtest" name="testValidEmailSubmitsFormSuccessfully" time="0.539"/>
  <testcase classname="com.example.tests.Textboxtest" name="testCaptionIsDisplayedOnLeftOfTextbox" time="0.240"/>
  <testcase classname="com.example.tests.Textboxtest" name="testDefaultValueVisible" time="0.146"/>
</testsuite> <!-- com.example.tests.Textboxtest -->
