<?xml version="1.0" encoding="UTF-8"?>
<!-- Generated by org.testng.reporters.JUnitReportReporter -->
<testsuite hostname="DESKTOP-B566NJ2" failures="0" tests="6" name="tests.HeadingLabelApi" time="10.244" errors="0" timestamp="2026-05-01T13:00:01 IST" skipped="0">
  <testcase classname="tests.HeadingLabelApi" name="verifyValueFontSize" time="0.058"/>
  <testcase classname="tests.HeadingLabelApi" name="verifyValueFontColor" time="0.087"/>
  <testcase classname="tests.HeadingLabelApi" name="verifyValueFontFamily" time="0.032"/>
  <testcase classname="tests.HeadingLabelApi" name="verifyValueFontStyle" time="0.026"/>
  <testcase classname="tests.HeadingLabelApi" name="verifyValueBackgroundColor" time="0.023"/>
  <testcase classname="tests.HeadingLabelApi" name="verifyCaptionText" time="10.018"/>
</testsuite> <!-- tests.HeadingLabelApi -->
