<?xml version="1.0" encoding="UTF-8"?>
<!-- Generated by org.testng.reporters.JUnitReportReporter -->
<testsuite hostname="DESKTOP-B566NJ2" failures="0" tests="4" name="com.example.tests.CheckBoxTest" time="19.818" errors="0" timestamp="2026-03-08T16:59:36 IST" skipped="0">
  <testcase classname="com.example.tests.CheckBoxTest" name="loginFunctionality" time="6.060"/>
  <testcase classname="com.example.tests.CheckBoxTest" name="testAdminRole" time="5.053"/>
  <testcase classname="com.example.tests.CheckBoxTest" name="testControlTestProject" time="8.699"/>
  <testcase classname="com.example.tests.CheckBoxTest" name="verifyCheckbox_control_testSuccessfullyOpen" time="0.006"/>
</testsuite> <!-- com.example.tests.CheckBoxTest -->
