<?xml version="1.0" encoding="UTF-8"?>
<!-- Generated by org.testng.reporters.JUnitReportReporter -->
<testsuite hostname="DESKTOP-B566NJ2" failures="0" tests="6" name="com.example.tests.Textbox2Test" time="28.282" errors="0" timestamp="2026-04-13T14:42:35 IST" skipped="0">
  <testcase classname="com.example.tests.Textbox2Test" name="Multilingual" time="18.290"/>
  <testcase classname="com.example.tests.Textbox2Test" name="MultilineDefaultValueVisible" time="0.062"/>
  <testcase classname="com.example.tests.Textbox2Test" name="verifyUniqueProperty" time="4.409"/>
  <testcase classname="com.example.tests.Textbox2Test" name="verifyMaxLengthTextbox" time="0.047"/>
  <testcase classname="com.example.tests.Textbox2Test" name="Mandatory_Field_Validation" time="0.353"/>
  <testcase classname="com.example.tests.Textbox2Test" name="verifyAlphanumericTextbox" time="5.121"/>
</testsuite> <!-- com.example.tests.Textbox2Test -->
