<?xml version="1.0" encoding="UTF-8"?>
<!-- Generated by org.testng.reporters.JUnitReportReporter -->
<testsuite hostname="DESKTOP-B566NJ2" failures="0" tests="14" name="com.example.tests.Textboxtest" time="31.165" errors="0" timestamp="2026-04-13T14:42:35 IST" skipped="0">
  <testcase classname="com.example.tests.Textboxtest" name="Multilingual" time="22.386"/>
  <testcase classname="com.example.tests.Textboxtest" name="testMultilingualFunctionality" time="1.710"/>
  <testcase classname="com.example.tests.Textboxtest" name="testMultilingualFunctionality" time="1.562"/>
  <testcase classname="com.example.tests.Textboxtest" name="testCaptionFontSize" time="0.210"/>
  <testcase classname="com.example.tests.Textboxtest" name="testCaptionTextColor" time="0.031"/>
  <testcase classname="com.example.tests.Textboxtest" name="testCaptionBackgroundColor" time="0.022"/>
  <testcase classname="com.example.tests.Textboxtest" name="testValueFontSize" time="0.031"/>
  <testcase classname="com.example.tests.Textboxtest" name="testValueTextColor" time="0.036"/>
  <testcase classname="com.example.tests.Textboxtest" name="testValueBackgroundColor" time="0.033"/>
  <testcase classname="com.example.tests.Textboxtest" name="testverifyCaptionShowTest" time="0.038"/>
  <testcase classname="com.example.tests.Textboxtest" name="testVerifyCaptionNotShown" time="0.022"/>
  <testcase classname="com.example.tests.Textboxtest" name="testInvalidEmailShowsErrorPopup" time="2.175"/>
  <testcase classname="com.example.tests.Textboxtest" name="testValidEmailSubmitsFormSuccessfully" time="2.468"/>
  <testcase classname="com.example.tests.Textboxtest" name="testCaptionIsDisplayedOnLeftOfTextbox" time="0.441"/>
</testsuite> <!-- com.example.tests.Textboxtest -->
