<?xml version="1.0" encoding="UTF-8"?>
<!-- Generated by org.testng.reporters.JUnitReportReporter -->
<testsuite hostname="DESKTOP-B566NJ2" failures="0" tests="7" name="tests.ChechkboxApi2" time="53.131" errors="0" timestamp="2026-05-06T09:55:00 IST" skipped="0">
  <testcase classname="tests.ChechkboxApi2" name="verifyCaptionFontSize" time="7.229"/>
  <testcase classname="tests.ChechkboxApi2" name="verifyCaptionFontColor" time="6.198"/>
  <testcase classname="tests.ChechkboxApi2" name="verifyCaptionFontFamily" time="6.148"/>
  <testcase classname="tests.ChechkboxApi2" name="verifyCaptionFontStyle" time="5.986"/>
  <testcase classname="tests.ChechkboxApi2" name="verifyCaptionBackgroundColor" time="6.010"/>
  <testcase classname="tests.ChechkboxApi2" name="verifyCaptionText" time="16.249"/>
  <testcase classname="tests.ChechkboxApi2" name="verifyCaptionLeftAlignment" time="5.311"/>
</testsuite> <!-- tests.ChechkboxApi2 -->
