<?xml version="1.0" encoding="UTF-8"?>
<!-- Generated by org.testng.reporters.JUnitReportReporter -->
<testsuite hostname="DESKTOP-B566NJ2" failures="1" tests="14" name="tests.CONTROLTEST3" time="220.291" errors="10" timestamp="2026-04-28T16:22:35 IST" skipped="0">
  <testcase classname="tests.CONTROLTEST3" name="verifyCaptionFontSize" time="30.036">
    <error message="Error {
  message=&#039;Timeout 30000ms exceeded.
  name=&#039;TimeoutError
  stack=&#039;TimeoutError: Timeout 30000ms exceeded.
    at ProgressController.run (C:\Users\DELL\AppData\Local\Temp\playwright-java-2036454221359502449\package\lib\server\progress.js:86:28)
    at FrameDispatcher._runCommand (C:\Users\DELL\AppData\Local\Temp\playwright-java-2036454221359502449\package\lib\server\dispatchers\dispatcher.js:91:31)
    at DispatcherConnection.dispatch (C:\Users\DELL\AppData\Local\Temp\playwright-java-2036454221359502449\package\lib\server\dispatchers\dispatcher.js:325:39)
}
Call log:
-   - waiting for locator(&quot;#lblCap110039&quot;)
" type="com.microsoft.playwright.TimeoutError">
      <![CDATA[com.microsoft.playwright.TimeoutError: Error {
  message='Timeout 30000ms exceeded.
  name='TimeoutError
  stack='TimeoutError: Timeout 30000ms exceeded.
    at ProgressController.run (C:\Users\DELL\AppData\Local\Temp\playwright-java-2036454221359502449\package\lib\server\progress.js:86:28)
    at FrameDispatcher._runCommand (C:\Users\DELL\AppData\Local\Temp\playwright-java-2036454221359502449\package\lib\server\dispatchers\dispatcher.js:91:31)
    at DispatcherConnection.dispatch (C:\Users\DELL\AppData\Local\Temp\playwright-java-2036454221359502449\package\lib\server\dispatchers\dispatcher.js:325:39)
}
Call log:
-   - waiting for locator("#lblCap110039")

at com.microsoft.playwright.impl.WaitableResult.get(WaitableResult.java:52)
at com.microsoft.playwright.impl.ChannelOwner.runUntil(ChannelOwner.java:138)
at com.microsoft.playwright.impl.Connection.sendMessage(Connection.java:131)
at com.microsoft.playwright.impl.ChannelOwner.sendMessage(ChannelOwner.java:124)
at com.microsoft.playwright.impl.FrameImpl.waitForSelectorImpl(FrameImpl.java:998)
at com.microsoft.playwright.impl.FrameImpl.waitForSelector(FrameImpl.java:988)
at com.microsoft.playwright.impl.LocatorImpl.elementHandle(LocatorImpl.java:232)
at com.microsoft.playwright.impl.LocatorImpl.lambda$withElement$0(LocatorImpl.java:80)
at com.microsoft.playwright.impl.ChannelOwner.withTitle(ChannelOwner.java:98)
at com.microsoft.playwright.impl.LocatorImpl.withElement(LocatorImpl.java:71)
at com.microsoft.playwright.impl.LocatorImpl.evaluate(LocatorImpl.java:247)
at com.microsoft.playwright.Locator.evaluate(Locator.java:2938)
at com.microsoft.playwright.Locator.evaluate(Locator.java:2969)
at tests.CONTROLTEST3.verifyCaptionFontSize(CONTROLTEST3.java:132)
at java.base/jdk.internal.reflect.NativeMethodAccessorImpl.invoke0(Native Method)
at java.base/jdk.internal.reflect.NativeMethodAccessorImpl.invoke(NativeMethodAccessorImpl.java:77)
at java.base/jdk.internal.reflect.DelegatingMethodAccessorImpl.invoke(DelegatingMethodAccessorImpl.java:43)
at java.base/java.lang.reflect.Method.invoke(Method.java:568)
at org.testng.internal.invokers.MethodInvocationHelper.invokeMethod(MethodInvocationHelper.java:141)
at org.testng.internal.invokers.TestInvoker.invokeMethod(TestInvoker.java:687)
at org.testng.internal.invokers.TestInvoker.invokeTestMethod(TestInvoker.java:230)
at org.testng.internal.invokers.MethodRunner.runInSequence(MethodRunner.java:63)
at org.testng.internal.invokers.TestInvoker$MethodInvocationAgent.invoke(TestInvoker.java:995)
at org.testng.internal.invokers.TestInvoker.invokeTestMethods(TestInvoker.java:203)
at org.testng.internal.invokers.TestMethodWorker.invokeTestMethods(TestMethodWorker.java:154)
at org.testng.internal.invokers.TestMethodWorker.run(TestMethodWorker.java:134)
at java.base/java.util.ArrayList.forEach(ArrayList.java:1511)
at org.testng.TestRunner.privateRun(TestRunner.java:741)
at org.testng.TestRunner.run(TestRunner.java:616)
at org.testng.SuiteRunner.runTest(SuiteRunner.java:421)
at org.testng.SuiteRunner.runSequentially(SuiteRunner.java:413)
at org.testng.SuiteRunner.privateRun(SuiteRunner.java:373)
at org.testng.SuiteRunner.run(SuiteRunner.java:312)
at org.testng.SuiteRunnerWorker.runSuite(SuiteRunnerWorker.java:52)
at org.testng.SuiteRunnerWorker.run(SuiteRunnerWorker.java:95)
at org.testng.TestNG.runSuitesSequentially(TestNG.java:1274)
at org.testng.TestNG.runSuitesLocally(TestNG.java:1208)
at org.testng.TestNG.runSuites(TestNG.java:1112)
at org.testng.TestNG.run(TestNG.java:1079)
at org.testng.remote.AbstractRemoteTestNG.run(AbstractRemoteTestNG.java:115)
at org.testng.remote.RemoteTestNG.initAndRun(RemoteTestNG.java:293)
at org.testng.remote.RemoteTestNG.main(RemoteTestNG.java:91)
Caused by: com.microsoft.playwright.TimeoutError: Error {
  message='Timeout 30000ms exceeded.
  name='TimeoutError
  stack='TimeoutError: Timeout 30000ms exceeded.
    at ProgressController.run (C:\Users\DELL\AppData\Local\Temp\playwright-java-2036454221359502449\package\lib\server\progress.js:86:28)
    at FrameDispatcher._runCommand (C:\Users\DELL\AppData\Local\Temp\playwright-java-2036454221359502449\package\lib\server\dispatchers\dispatcher.js:91:31)
    at DispatcherConnection.dispatch (C:\Users\DELL\AppData\Local\Temp\playwright-java-2036454221359502449\package\lib\server\dispatchers\dispatcher.js:325:39)
}
Call log:
-   - waiting for locator("#lblCap110039")

at com.microsoft.playwright.impl.Connection.dispatch(Connection.java:257)
at com.microsoft.playwright.impl.Connection.processOneMessage(Connection.java:214)
at com.microsoft.playwright.impl.ChannelOwner.runUntil(ChannelOwner.java:136)
... 40 more
]]>
    </error>
  </testcase> <!-- verifyCaptionFontSize -->
  <testcase classname="tests.CONTROLTEST3" name="verifyCaptionFontColor" time="30.017">
    <error message="Error {
  message=&#039;Timeout 30000ms exceeded.
  name=&#039;TimeoutError
  stack=&#039;TimeoutError: Timeout 30000ms exceeded.
    at ProgressController.run (C:\Users\DELL\AppData\Local\Temp\playwright-java-2036454221359502449\package\lib\server\progress.js:86:28)
    at FrameDispatcher._runCommand (C:\Users\DELL\AppData\Local\Temp\playwright-java-2036454221359502449\package\lib\server\dispatchers\dispatcher.js:91:31)
    at DispatcherConnection.dispatch (C:\Users\DELL\AppData\Local\Temp\playwright-java-2036454221359502449\package\lib\server\dispatchers\dispatcher.js:325:39)
}
Call log:
-   - waiting for locator(&quot;#lblCap110039&quot;)
" type="com.microsoft.playwright.TimeoutError">
      <![CDATA[com.microsoft.playwright.TimeoutError: Error {
  message='Timeout 30000ms exceeded.
  name='TimeoutError
  stack='TimeoutError: Timeout 30000ms exceeded.
    at ProgressController.run (C:\Users\DELL\AppData\Local\Temp\playwright-java-2036454221359502449\package\lib\server\progress.js:86:28)
    at FrameDispatcher._runCommand (C:\Users\DELL\AppData\Local\Temp\playwright-java-2036454221359502449\package\lib\server\dispatchers\dispatcher.js:91:31)
    at DispatcherConnection.dispatch (C:\Users\DELL\AppData\Local\Temp\playwright-java-2036454221359502449\package\lib\server\dispatchers\dispatcher.js:325:39)
}
Call log:
-   - waiting for locator("#lblCap110039")

at com.microsoft.playwright.impl.WaitableResult.get(WaitableResult.java:52)
at com.microsoft.playwright.impl.ChannelOwner.runUntil(ChannelOwner.java:138)
at com.microsoft.playwright.impl.Connection.sendMessage(Connection.java:131)
at com.microsoft.playwright.impl.ChannelOwner.sendMessage(ChannelOwner.java:124)
at com.microsoft.playwright.impl.FrameImpl.waitForSelectorImpl(FrameImpl.java:998)
at com.microsoft.playwright.impl.FrameImpl.waitForSelector(FrameImpl.java:988)
at com.microsoft.playwright.impl.LocatorImpl.elementHandle(LocatorImpl.java:232)
at com.microsoft.playwright.impl.LocatorImpl.lambda$withElement$0(LocatorImpl.java:80)
at com.microsoft.playwright.impl.ChannelOwner.withTitle(ChannelOwner.java:98)
at com.microsoft.playwright.impl.LocatorImpl.withElement(LocatorImpl.java:71)
at com.microsoft.playwright.impl.LocatorImpl.evaluate(LocatorImpl.java:247)
at com.microsoft.playwright.Locator.evaluate(Locator.java:2938)
at com.microsoft.playwright.Locator.evaluate(Locator.java:2969)
at tests.CONTROLTEST3.verifyCaptionFontColor(CONTROLTEST3.java:153)
at java.base/jdk.internal.reflect.NativeMethodAccessorImpl.invoke0(Native Method)
at java.base/jdk.internal.reflect.NativeMethodAccessorImpl.invoke(NativeMethodAccessorImpl.java:77)
at java.base/jdk.internal.reflect.DelegatingMethodAccessorImpl.invoke(DelegatingMethodAccessorImpl.java:43)
at java.base/java.lang.reflect.Method.invoke(Method.java:568)
at org.testng.internal.invokers.MethodInvocationHelper.invokeMethod(MethodInvocationHelper.java:141)
at org.testng.internal.invokers.TestInvoker.invokeMethod(TestInvoker.java:687)
at org.testng.internal.invokers.TestInvoker.invokeTestMethod(TestInvoker.java:230)
at org.testng.internal.invokers.MethodRunner.runInSequence(MethodRunner.java:63)
at org.testng.internal.invokers.TestInvoker$MethodInvocationAgent.invoke(TestInvoker.java:995)
at org.testng.internal.invokers.TestInvoker.invokeTestMethods(TestInvoker.java:203)
at org.testng.internal.invokers.TestMethodWorker.invokeTestMethods(TestMethodWorker.java:154)
at org.testng.internal.invokers.TestMethodWorker.run(TestMethodWorker.java:134)
at java.base/java.util.ArrayList.forEach(ArrayList.java:1511)
at org.testng.TestRunner.privateRun(TestRunner.java:741)
at org.testng.TestRunner.run(TestRunner.java:616)
at org.testng.SuiteRunner.runTest(SuiteRunner.java:421)
at org.testng.SuiteRunner.runSequentially(SuiteRunner.java:413)
at org.testng.SuiteRunner.privateRun(SuiteRunner.java:373)
at org.testng.SuiteRunner.run(SuiteRunner.java:312)
at org.testng.SuiteRunnerWorker.runSuite(SuiteRunnerWorker.java:52)
at org.testng.SuiteRunnerWorker.run(SuiteRunnerWorker.java:95)
at org.testng.TestNG.runSuitesSequentially(TestNG.java:1274)
at org.testng.TestNG.runSuitesLocally(TestNG.java:1208)
at org.testng.TestNG.runSuites(TestNG.java:1112)
at org.testng.TestNG.run(TestNG.java:1079)
at org.testng.remote.AbstractRemoteTestNG.run(AbstractRemoteTestNG.java:115)
at org.testng.remote.RemoteTestNG.initAndRun(RemoteTestNG.java:293)
at org.testng.remote.RemoteTestNG.main(RemoteTestNG.java:91)
Caused by: com.microsoft.playwright.TimeoutError: Error {
  message='Timeout 30000ms exceeded.
  name='TimeoutError
  stack='TimeoutError: Timeout 30000ms exceeded.
    at ProgressController.run (C:\Users\DELL\AppData\Local\Temp\playwright-java-2036454221359502449\package\lib\server\progress.js:86:28)
    at FrameDispatcher._runCommand (C:\Users\DELL\AppData\Local\Temp\playwright-java-2036454221359502449\package\lib\server\dispatchers\dispatcher.js:91:31)
    at DispatcherConnection.dispatch (C:\Users\DELL\AppData\Local\Temp\playwright-java-2036454221359502449\package\lib\server\dispatchers\dispatcher.js:325:39)
}
Call log:
-   - waiting for locator("#lblCap110039")

at com.microsoft.playwright.impl.Connection.dispatch(Connection.java:257)
at com.microsoft.playwright.impl.Connection.processOneMessage(Connection.java:214)
at com.microsoft.playwright.impl.ChannelOwner.runUntil(ChannelOwner.java:136)
... 40 more
]]>
    </error>
  </testcase> <!-- verifyCaptionFontColor -->
  <testcase classname="tests.CONTROLTEST3" name="verifyCaptionFontFamily" time="30.007">
    <error message="Error {
  message=&#039;Timeout 30000ms exceeded.
  name=&#039;TimeoutError
  stack=&#039;TimeoutError: Timeout 30000ms exceeded.
    at ProgressController.run (C:\Users\DELL\AppData\Local\Temp\playwright-java-2036454221359502449\package\lib\server\progress.js:86:28)
    at FrameDispatcher._runCommand (C:\Users\DELL\AppData\Local\Temp\playwright-java-2036454221359502449\package\lib\server\dispatchers\dispatcher.js:91:31)
    at DispatcherConnection.dispatch (C:\Users\DELL\AppData\Local\Temp\playwright-java-2036454221359502449\package\lib\server\dispatchers\dispatcher.js:325:39)
}
Call log:
-   - waiting for locator(&quot;#lblCap110039&quot;)
" type="com.microsoft.playwright.TimeoutError">
      <![CDATA[com.microsoft.playwright.TimeoutError: Error {
  message='Timeout 30000ms exceeded.
  name='TimeoutError
  stack='TimeoutError: Timeout 30000ms exceeded.
    at ProgressController.run (C:\Users\DELL\AppData\Local\Temp\playwright-java-2036454221359502449\package\lib\server\progress.js:86:28)
    at FrameDispatcher._runCommand (C:\Users\DELL\AppData\Local\Temp\playwright-java-2036454221359502449\package\lib\server\dispatchers\dispatcher.js:91:31)
    at DispatcherConnection.dispatch (C:\Users\DELL\AppData\Local\Temp\playwright-java-2036454221359502449\package\lib\server\dispatchers\dispatcher.js:325:39)
}
Call log:
-   - waiting for locator("#lblCap110039")

at com.microsoft.playwright.impl.WaitableResult.get(WaitableResult.java:52)
at com.microsoft.playwright.impl.ChannelOwner.runUntil(ChannelOwner.java:138)
at com.microsoft.playwright.impl.Connection.sendMessage(Connection.java:131)
at com.microsoft.playwright.impl.ChannelOwner.sendMessage(ChannelOwner.java:124)
at com.microsoft.playwright.impl.FrameImpl.waitForSelectorImpl(FrameImpl.java:998)
at com.microsoft.playwright.impl.FrameImpl.waitForSelector(FrameImpl.java:988)
at com.microsoft.playwright.impl.LocatorImpl.elementHandle(LocatorImpl.java:232)
at com.microsoft.playwright.impl.LocatorImpl.lambda$withElement$0(LocatorImpl.java:80)
at com.microsoft.playwright.impl.ChannelOwner.withTitle(ChannelOwner.java:98)
at com.microsoft.playwright.impl.LocatorImpl.withElement(LocatorImpl.java:71)
at com.microsoft.playwright.impl.LocatorImpl.evaluate(LocatorImpl.java:247)
at com.microsoft.playwright.Locator.evaluate(Locator.java:2938)
at com.microsoft.playwright.Locator.evaluate(Locator.java:2969)
at tests.CONTROLTEST3.verifyCaptionFontFamily(CONTROLTEST3.java:182)
at java.base/jdk.internal.reflect.NativeMethodAccessorImpl.invoke0(Native Method)
at java.base/jdk.internal.reflect.NativeMethodAccessorImpl.invoke(NativeMethodAccessorImpl.java:77)
at java.base/jdk.internal.reflect.DelegatingMethodAccessorImpl.invoke(DelegatingMethodAccessorImpl.java:43)
at java.base/java.lang.reflect.Method.invoke(Method.java:568)
at org.testng.internal.invokers.MethodInvocationHelper.invokeMethod(MethodInvocationHelper.java:141)
at org.testng.internal.invokers.TestInvoker.invokeMethod(TestInvoker.java:687)
at org.testng.internal.invokers.TestInvoker.invokeTestMethod(TestInvoker.java:230)
at org.testng.internal.invokers.MethodRunner.runInSequence(MethodRunner.java:63)
at org.testng.internal.invokers.TestInvoker$MethodInvocationAgent.invoke(TestInvoker.java:995)
at org.testng.internal.invokers.TestInvoker.invokeTestMethods(TestInvoker.java:203)
at org.testng.internal.invokers.TestMethodWorker.invokeTestMethods(TestMethodWorker.java:154)
at org.testng.internal.invokers.TestMethodWorker.run(TestMethodWorker.java:134)
at java.base/java.util.ArrayList.forEach(ArrayList.java:1511)
at org.testng.TestRunner.privateRun(TestRunner.java:741)
at org.testng.TestRunner.run(TestRunner.java:616)
at org.testng.SuiteRunner.runTest(SuiteRunner.java:421)
at org.testng.SuiteRunner.runSequentially(SuiteRunner.java:413)
at org.testng.SuiteRunner.privateRun(SuiteRunner.java:373)
at org.testng.SuiteRunner.run(SuiteRunner.java:312)
at org.testng.SuiteRunnerWorker.runSuite(SuiteRunnerWorker.java:52)
at org.testng.SuiteRunnerWorker.run(SuiteRunnerWorker.java:95)
at org.testng.TestNG.runSuitesSequentially(TestNG.java:1274)
at org.testng.TestNG.runSuitesLocally(TestNG.java:1208)
at org.testng.TestNG.runSuites(TestNG.java:1112)
at org.testng.TestNG.run(TestNG.java:1079)
at org.testng.remote.AbstractRemoteTestNG.run(AbstractRemoteTestNG.java:115)
at org.testng.remote.RemoteTestNG.initAndRun(RemoteTestNG.java:293)
at org.testng.remote.RemoteTestNG.main(RemoteTestNG.java:91)
Caused by: com.microsoft.playwright.TimeoutError: Error {
  message='Timeout 30000ms exceeded.
  name='TimeoutError
  stack='TimeoutError: Timeout 30000ms exceeded.
    at ProgressController.run (C:\Users\DELL\AppData\Local\Temp\playwright-java-2036454221359502449\package\lib\server\progress.js:86:28)
    at FrameDispatcher._runCommand (C:\Users\DELL\AppData\Local\Temp\playwright-java-2036454221359502449\package\lib\server\dispatchers\dispatcher.js:91:31)
    at DispatcherConnection.dispatch (C:\Users\DELL\AppData\Local\Temp\playwright-java-2036454221359502449\package\lib\server\dispatchers\dispatcher.js:325:39)
}
Call log:
-   - waiting for locator("#lblCap110039")

at com.microsoft.playwright.impl.Connection.dispatch(Connection.java:257)
at com.microsoft.playwright.impl.Connection.processOneMessage(Connection.java:214)
at com.microsoft.playwright.impl.ChannelOwner.runUntil(ChannelOwner.java:136)
... 40 more
]]>
    </error>
  </testcase> <!-- verifyCaptionFontFamily -->
  <testcase classname="tests.CONTROLTEST3" name="verifyCaptionFontStyle" time="30.012">
    <error message="Error {
  message=&#039;Timeout 30000ms exceeded.
  name=&#039;TimeoutError
  stack=&#039;TimeoutError: Timeout 30000ms exceeded.
    at ProgressController.run (C:\Users\DELL\AppData\Local\Temp\playwright-java-2036454221359502449\package\lib\server\progress.js:86:28)
    at FrameDispatcher._runCommand (C:\Users\DELL\AppData\Local\Temp\playwright-java-2036454221359502449\package\lib\server\dispatchers\dispatcher.js:91:31)
    at DispatcherConnection.dispatch (C:\Users\DELL\AppData\Local\Temp\playwright-java-2036454221359502449\package\lib\server\dispatchers\dispatcher.js:325:39)
}
Call log:
-   - waiting for locator(&quot;#lblCap110039&quot;)
" type="com.microsoft.playwright.TimeoutError">
      <![CDATA[com.microsoft.playwright.TimeoutError: Error {
  message='Timeout 30000ms exceeded.
  name='TimeoutError
  stack='TimeoutError: Timeout 30000ms exceeded.
    at ProgressController.run (C:\Users\DELL\AppData\Local\Temp\playwright-java-2036454221359502449\package\lib\server\progress.js:86:28)
    at FrameDispatcher._runCommand (C:\Users\DELL\AppData\Local\Temp\playwright-java-2036454221359502449\package\lib\server\dispatchers\dispatcher.js:91:31)
    at DispatcherConnection.dispatch (C:\Users\DELL\AppData\Local\Temp\playwright-java-2036454221359502449\package\lib\server\dispatchers\dispatcher.js:325:39)
}
Call log:
-   - waiting for locator("#lblCap110039")

at com.microsoft.playwright.impl.WaitableResult.get(WaitableResult.java:52)
at com.microsoft.playwright.impl.ChannelOwner.runUntil(ChannelOwner.java:138)
at com.microsoft.playwright.impl.Connection.sendMessage(Connection.java:131)
at com.microsoft.playwright.impl.ChannelOwner.sendMessage(ChannelOwner.java:124)
at com.microsoft.playwright.impl.FrameImpl.waitForSelectorImpl(FrameImpl.java:998)
at com.microsoft.playwright.impl.FrameImpl.waitForSelector(FrameImpl.java:988)
at com.microsoft.playwright.impl.LocatorImpl.elementHandle(LocatorImpl.java:232)
at com.microsoft.playwright.impl.LocatorImpl.lambda$withElement$0(LocatorImpl.java:80)
at com.microsoft.playwright.impl.ChannelOwner.withTitle(ChannelOwner.java:98)
at com.microsoft.playwright.impl.LocatorImpl.withElement(LocatorImpl.java:71)
at com.microsoft.playwright.impl.LocatorImpl.evaluate(LocatorImpl.java:247)
at com.microsoft.playwright.Locator.evaluate(Locator.java:2938)
at com.microsoft.playwright.Locator.evaluate(Locator.java:2969)
at tests.CONTROLTEST3.verifyCaptionFontStyle(CONTROLTEST3.java:218)
at java.base/jdk.internal.reflect.NativeMethodAccessorImpl.invoke0(Native Method)
at java.base/jdk.internal.reflect.NativeMethodAccessorImpl.invoke(NativeMethodAccessorImpl.java:77)
at java.base/jdk.internal.reflect.DelegatingMethodAccessorImpl.invoke(DelegatingMethodAccessorImpl.java:43)
at java.base/java.lang.reflect.Method.invoke(Method.java:568)
at org.testng.internal.invokers.MethodInvocationHelper.invokeMethod(MethodInvocationHelper.java:141)
at org.testng.internal.invokers.TestInvoker.invokeMethod(TestInvoker.java:687)
at org.testng.internal.invokers.TestInvoker.invokeTestMethod(TestInvoker.java:230)
at org.testng.internal.invokers.MethodRunner.runInSequence(MethodRunner.java:63)
at org.testng.internal.invokers.TestInvoker$MethodInvocationAgent.invoke(TestInvoker.java:995)
at org.testng.internal.invokers.TestInvoker.invokeTestMethods(TestInvoker.java:203)
at org.testng.internal.invokers.TestMethodWorker.invokeTestMethods(TestMethodWorker.java:154)
at org.testng.internal.invokers.TestMethodWorker.run(TestMethodWorker.java:134)
at java.base/java.util.ArrayList.forEach(ArrayList.java:1511)
at org.testng.TestRunner.privateRun(TestRunner.java:741)
at org.testng.TestRunner.run(TestRunner.java:616)
at org.testng.SuiteRunner.runTest(SuiteRunner.java:421)
at org.testng.SuiteRunner.runSequentially(SuiteRunner.java:413)
at org.testng.SuiteRunner.privateRun(SuiteRunner.java:373)
at org.testng.SuiteRunner.run(SuiteRunner.java:312)
at org.testng.SuiteRunnerWorker.runSuite(SuiteRunnerWorker.java:52)
at org.testng.SuiteRunnerWorker.run(SuiteRunnerWorker.java:95)
at org.testng.TestNG.runSuitesSequentially(TestNG.java:1274)
at org.testng.TestNG.runSuitesLocally(TestNG.java:1208)
at org.testng.TestNG.runSuites(TestNG.java:1112)
at org.testng.TestNG.run(TestNG.java:1079)
at org.testng.remote.AbstractRemoteTestNG.run(AbstractRemoteTestNG.java:115)
at org.testng.remote.RemoteTestNG.initAndRun(RemoteTestNG.java:293)
at org.testng.remote.RemoteTestNG.main(RemoteTestNG.java:91)
Caused by: com.microsoft.playwright.TimeoutError: Error {
  message='Timeout 30000ms exceeded.
  name='TimeoutError
  stack='TimeoutError: Timeout 30000ms exceeded.
    at ProgressController.run (C:\Users\DELL\AppData\Local\Temp\playwright-java-2036454221359502449\package\lib\server\progress.js:86:28)
    at FrameDispatcher._runCommand (C:\Users\DELL\AppData\Local\Temp\playwright-java-2036454221359502449\package\lib\server\dispatchers\dispatcher.js:91:31)
    at DispatcherConnection.dispatch (C:\Users\DELL\AppData\Local\Temp\playwright-java-2036454221359502449\package\lib\server\dispatchers\dispatcher.js:325:39)
}
Call log:
-   - waiting for locator("#lblCap110039")

at com.microsoft.playwright.impl.Connection.dispatch(Connection.java:257)
at com.microsoft.playwright.impl.Connection.processOneMessage(Connection.java:214)
at com.microsoft.playwright.impl.ChannelOwner.runUntil(ChannelOwner.java:136)
... 40 more
]]>
    </error>
  </testcase> <!-- verifyCaptionFontStyle -->
  <testcase classname="tests.CONTROLTEST3" name="verifyCaptionBackgroundColor" time="30.012">
    <error message="Error {
  message=&#039;Timeout 30000ms exceeded.
  name=&#039;TimeoutError
  stack=&#039;TimeoutError: Timeout 30000ms exceeded.
    at ProgressController.run (C:\Users\DELL\AppData\Local\Temp\playwright-java-2036454221359502449\package\lib\server\progress.js:86:28)
    at FrameDispatcher._runCommand (C:\Users\DELL\AppData\Local\Temp\playwright-java-2036454221359502449\package\lib\server\dispatchers\dispatcher.js:91:31)
    at DispatcherConnection.dispatch (C:\Users\DELL\AppData\Local\Temp\playwright-java-2036454221359502449\package\lib\server\dispatchers\dispatcher.js:325:39)
}
Call log:
-   - waiting for locator(&quot;#lblCap110039&quot;)
" type="com.microsoft.playwright.TimeoutError">
      <![CDATA[com.microsoft.playwright.TimeoutError: Error {
  message='Timeout 30000ms exceeded.
  name='TimeoutError
  stack='TimeoutError: Timeout 30000ms exceeded.
    at ProgressController.run (C:\Users\DELL\AppData\Local\Temp\playwright-java-2036454221359502449\package\lib\server\progress.js:86:28)
    at FrameDispatcher._runCommand (C:\Users\DELL\AppData\Local\Temp\playwright-java-2036454221359502449\package\lib\server\dispatchers\dispatcher.js:91:31)
    at DispatcherConnection.dispatch (C:\Users\DELL\AppData\Local\Temp\playwright-java-2036454221359502449\package\lib\server\dispatchers\dispatcher.js:325:39)
}
Call log:
-   - waiting for locator("#lblCap110039")

at com.microsoft.playwright.impl.WaitableResult.get(WaitableResult.java:52)
at com.microsoft.playwright.impl.ChannelOwner.runUntil(ChannelOwner.java:138)
at com.microsoft.playwright.impl.Connection.sendMessage(Connection.java:131)
at com.microsoft.playwright.impl.ChannelOwner.sendMessage(ChannelOwner.java:124)
at com.microsoft.playwright.impl.FrameImpl.waitForSelectorImpl(FrameImpl.java:998)
at com.microsoft.playwright.impl.FrameImpl.waitForSelector(FrameImpl.java:988)
at com.microsoft.playwright.impl.LocatorImpl.elementHandle(LocatorImpl.java:232)
at com.microsoft.playwright.impl.LocatorImpl.lambda$withElement$0(LocatorImpl.java:80)
at com.microsoft.playwright.impl.ChannelOwner.withTitle(ChannelOwner.java:98)
at com.microsoft.playwright.impl.LocatorImpl.withElement(LocatorImpl.java:71)
at com.microsoft.playwright.impl.LocatorImpl.evaluate(LocatorImpl.java:247)
at com.microsoft.playwright.Locator.evaluate(Locator.java:2938)
at com.microsoft.playwright.Locator.evaluate(Locator.java:2969)
at tests.CONTROLTEST3.verifyCaptionBackgroundColor(CONTROLTEST3.java:248)
at java.base/jdk.internal.reflect.NativeMethodAccessorImpl.invoke0(Native Method)
at java.base/jdk.internal.reflect.NativeMethodAccessorImpl.invoke(NativeMethodAccessorImpl.java:77)
at java.base/jdk.internal.reflect.DelegatingMethodAccessorImpl.invoke(DelegatingMethodAccessorImpl.java:43)
at java.base/java.lang.reflect.Method.invoke(Method.java:568)
at org.testng.internal.invokers.MethodInvocationHelper.invokeMethod(MethodInvocationHelper.java:141)
at org.testng.internal.invokers.TestInvoker.invokeMethod(TestInvoker.java:687)
at org.testng.internal.invokers.TestInvoker.invokeTestMethod(TestInvoker.java:230)
at org.testng.internal.invokers.MethodRunner.runInSequence(MethodRunner.java:63)
at org.testng.internal.invokers.TestInvoker$MethodInvocationAgent.invoke(TestInvoker.java:995)
at org.testng.internal.invokers.TestInvoker.invokeTestMethods(TestInvoker.java:203)
at org.testng.internal.invokers.TestMethodWorker.invokeTestMethods(TestMethodWorker.java:154)
at org.testng.internal.invokers.TestMethodWorker.run(TestMethodWorker.java:134)
at java.base/java.util.ArrayList.forEach(ArrayList.java:1511)
at org.testng.TestRunner.privateRun(TestRunner.java:741)
at org.testng.TestRunner.run(TestRunner.java:616)
at org.testng.SuiteRunner.runTest(SuiteRunner.java:421)
at org.testng.SuiteRunner.runSequentially(SuiteRunner.java:413)
at org.testng.SuiteRunner.privateRun(SuiteRunner.java:373)
at org.testng.SuiteRunner.run(SuiteRunner.java:312)
at org.testng.SuiteRunnerWorker.runSuite(SuiteRunnerWorker.java:52)
at org.testng.SuiteRunnerWorker.run(SuiteRunnerWorker.java:95)
at org.testng.TestNG.runSuitesSequentially(TestNG.java:1274)
at org.testng.TestNG.runSuitesLocally(TestNG.java:1208)
at org.testng.TestNG.runSuites(TestNG.java:1112)
at org.testng.TestNG.run(TestNG.java:1079)
at org.testng.remote.AbstractRemoteTestNG.run(AbstractRemoteTestNG.java:115)
at org.testng.remote.RemoteTestNG.initAndRun(RemoteTestNG.java:293)
at org.testng.remote.RemoteTestNG.main(RemoteTestNG.java:91)
Caused by: com.microsoft.playwright.TimeoutError: Error {
  message='Timeout 30000ms exceeded.
  name='TimeoutError
  stack='TimeoutError: Timeout 30000ms exceeded.
    at ProgressController.run (C:\Users\DELL\AppData\Local\Temp\playwright-java-2036454221359502449\package\lib\server\progress.js:86:28)
    at FrameDispatcher._runCommand (C:\Users\DELL\AppData\Local\Temp\playwright-java-2036454221359502449\package\lib\server\dispatchers\dispatcher.js:91:31)
    at DispatcherConnection.dispatch (C:\Users\DELL\AppData\Local\Temp\playwright-java-2036454221359502449\package\lib\server\dispatchers\dispatcher.js:325:39)
}
Call log:
-   - waiting for locator("#lblCap110039")

at com.microsoft.playwright.impl.Connection.dispatch(Connection.java:257)
at com.microsoft.playwright.impl.Connection.processOneMessage(Connection.java:214)
at com.microsoft.playwright.impl.ChannelOwner.runUntil(ChannelOwner.java:136)
... 40 more
]]>
    </error>
  </testcase> <!-- verifyCaptionBackgroundColor -->
  <testcase classname="tests.CONTROLTEST3" name="verifyValueFontSize" time="0.036"/>
  <testcase classname="tests.CONTROLTEST3" name="verifyValueFontColor" time="0.025">
    <failure message="Value Font Color mismatch! API vs UI not matching expected [rgb(0, 136, 136)] but found [rgb(50, 179, 205)]" type="java.lang.AssertionError">
      <![CDATA[java.lang.AssertionError: Value Font Color mismatch! API vs UI not matching expected [rgb(0, 136, 136)] but found [rgb(50, 179, 205)]
at org.testng.Assert.fail(Assert.java:111)
at org.testng.Assert.failNotEquals(Assert.java:1590)
at org.testng.Assert.assertEqualsImpl(Assert.java:150)
at org.testng.Assert.assertEquals(Assert.java:132)
at org.testng.Assert.assertEquals(Assert.java:656)
at tests.CONTROLTEST3.verifyValueFontColor(CONTROLTEST3.java:314)
at java.base/jdk.internal.reflect.NativeMethodAccessorImpl.invoke0(Native Method)
at java.base/jdk.internal.reflect.NativeMethodAccessorImpl.invoke(NativeMethodAccessorImpl.java:77)
at java.base/jdk.internal.reflect.DelegatingMethodAccessorImpl.invoke(DelegatingMethodAccessorImpl.java:43)
at java.base/java.lang.reflect.Method.invoke(Method.java:568)
at org.testng.internal.invokers.MethodInvocationHelper.invokeMethod(MethodInvocationHelper.java:141)
at org.testng.internal.invokers.TestInvoker.invokeMethod(TestInvoker.java:687)
at org.testng.internal.invokers.TestInvoker.invokeTestMethod(TestInvoker.java:230)
at org.testng.internal.invokers.MethodRunner.runInSequence(MethodRunner.java:63)
at org.testng.internal.invokers.TestInvoker$MethodInvocationAgent.invoke(TestInvoker.java:995)
at org.testng.internal.invokers.TestInvoker.invokeTestMethods(TestInvoker.java:203)
at org.testng.internal.invokers.TestMethodWorker.invokeTestMethods(TestMethodWorker.java:154)
at org.testng.internal.invokers.TestMethodWorker.run(TestMethodWorker.java:134)
at java.base/java.util.ArrayList.forEach(ArrayList.java:1511)
at org.testng.TestRunner.privateRun(TestRunner.java:741)
at org.testng.TestRunner.run(TestRunner.java:616)
at org.testng.SuiteRunner.runTest(SuiteRunner.java:421)
at org.testng.SuiteRunner.runSequentially(SuiteRunner.java:413)
at org.testng.SuiteRunner.privateRun(SuiteRunner.java:373)
at org.testng.SuiteRunner.run(SuiteRunner.java:312)
at org.testng.SuiteRunnerWorker.runSuite(SuiteRunnerWorker.java:52)
at org.testng.SuiteRunnerWorker.run(SuiteRunnerWorker.java:95)
at org.testng.TestNG.runSuitesSequentially(TestNG.java:1274)
at org.testng.TestNG.runSuitesLocally(TestNG.java:1208)
at org.testng.TestNG.runSuites(TestNG.java:1112)
at org.testng.TestNG.run(TestNG.java:1079)
at org.testng.remote.AbstractRemoteTestNG.run(AbstractRemoteTestNG.java:115)
at org.testng.remote.RemoteTestNG.initAndRun(RemoteTestNG.java:293)
at org.testng.remote.RemoteTestNG.main(RemoteTestNG.java:91)
]]>
    </failure>
  </testcase> <!-- verifyValueFontColor -->
  <testcase classname="tests.CONTROLTEST3" name="verifyValueFontFamily" time="10.005">
    <error message="Error {
  message=&#039;Timeout 10000ms exceeded.
  name=&#039;TimeoutError
  stack=&#039;TimeoutError: Timeout 10000ms exceeded.
    at ProgressController.run (C:\Users\DELL\AppData\Local\Temp\playwright-java-2036454221359502449\package\lib\server\progress.js:86:28)
    at FrameDispatcher._runCommand (C:\Users\DELL\AppData\Local\Temp\playwright-java-2036454221359502449\package\lib\server\dispatchers\dispatcher.js:91:31)
    at DispatcherConnection.dispatch (C:\Users\DELL\AppData\Local\Temp\playwright-java-2036454221359502449\package\lib\server\dispatchers\dispatcher.js:325:39)
}
Call log:
-   - waiting for locator(&quot;input[id=&#039;ctrl110039&#039;], textarea[id=&#039;ctrl110039&#039;], select[id=&#039;ctrl110039&#039;]&quot;).first() to be visible
" type="com.microsoft.playwright.TimeoutError">
      <![CDATA[com.microsoft.playwright.TimeoutError: Error {
  message='Timeout 10000ms exceeded.
  name='TimeoutError
  stack='TimeoutError: Timeout 10000ms exceeded.
    at ProgressController.run (C:\Users\DELL\AppData\Local\Temp\playwright-java-2036454221359502449\package\lib\server\progress.js:86:28)
    at FrameDispatcher._runCommand (C:\Users\DELL\AppData\Local\Temp\playwright-java-2036454221359502449\package\lib\server\dispatchers\dispatcher.js:91:31)
    at DispatcherConnection.dispatch (C:\Users\DELL\AppData\Local\Temp\playwright-java-2036454221359502449\package\lib\server\dispatchers\dispatcher.js:325:39)
}
Call log:
-   - waiting for locator("input[id='ctrl110039'], textarea[id='ctrl110039'], select[id='ctrl110039']").first() to be visible

at com.microsoft.playwright.impl.WaitableResult.get(WaitableResult.java:52)
at com.microsoft.playwright.impl.ChannelOwner.runUntil(ChannelOwner.java:138)
at com.microsoft.playwright.impl.Connection.sendMessage(Connection.java:131)
at com.microsoft.playwright.impl.ChannelOwner.sendMessage(ChannelOwner.java:124)
at com.microsoft.playwright.impl.FrameImpl.waitForSelectorImpl(FrameImpl.java:998)
at com.microsoft.playwright.impl.LocatorImpl.waitFor(LocatorImpl.java:646)
at tests.CONTROLTEST3.verifyValueFontFamily(CONTROLTEST3.java:334)
at java.base/jdk.internal.reflect.NativeMethodAccessorImpl.invoke0(Native Method)
at java.base/jdk.internal.reflect.NativeMethodAccessorImpl.invoke(NativeMethodAccessorImpl.java:77)
at java.base/jdk.internal.reflect.DelegatingMethodAccessorImpl.invoke(DelegatingMethodAccessorImpl.java:43)
at java.base/java.lang.reflect.Method.invoke(Method.java:568)
at org.testng.internal.invokers.MethodInvocationHelper.invokeMethod(MethodInvocationHelper.java:141)
at org.testng.internal.invokers.TestInvoker.invokeMethod(TestInvoker.java:687)
at org.testng.internal.invokers.TestInvoker.invokeTestMethod(TestInvoker.java:230)
at org.testng.internal.invokers.MethodRunner.runInSequence(MethodRunner.java:63)
at org.testng.internal.invokers.TestInvoker$MethodInvocationAgent.invoke(TestInvoker.java:995)
at org.testng.internal.invokers.TestInvoker.invokeTestMethods(TestInvoker.java:203)
at org.testng.internal.invokers.TestMethodWorker.invokeTestMethods(TestMethodWorker.java:154)
at org.testng.internal.invokers.TestMethodWorker.run(TestMethodWorker.java:134)
at java.base/java.util.ArrayList.forEach(ArrayList.java:1511)
at org.testng.TestRunner.privateRun(TestRunner.java:741)
at org.testng.TestRunner.run(TestRunner.java:616)
at org.testng.SuiteRunner.runTest(SuiteRunner.java:421)
at org.testng.SuiteRunner.runSequentially(SuiteRunner.java:413)
at org.testng.SuiteRunner.privateRun(SuiteRunner.java:373)
at org.testng.SuiteRunner.run(SuiteRunner.java:312)
at org.testng.SuiteRunnerWorker.runSuite(SuiteRunnerWorker.java:52)
at org.testng.SuiteRunnerWorker.run(SuiteRunnerWorker.java:95)
at org.testng.TestNG.runSuitesSequentially(TestNG.java:1274)
at org.testng.TestNG.runSuitesLocally(TestNG.java:1208)
at org.testng.TestNG.runSuites(TestNG.java:1112)
at org.testng.TestNG.run(TestNG.java:1079)
at org.testng.remote.AbstractRemoteTestNG.run(AbstractRemoteTestNG.java:115)
at org.testng.remote.RemoteTestNG.initAndRun(RemoteTestNG.java:293)
at org.testng.remote.RemoteTestNG.main(RemoteTestNG.java:91)
Caused by: com.microsoft.playwright.TimeoutError: Error {
  message='Timeout 10000ms exceeded.
  name='TimeoutError
  stack='TimeoutError: Timeout 10000ms exceeded.
    at ProgressController.run (C:\Users\DELL\AppData\Local\Temp\playwright-java-2036454221359502449\package\lib\server\progress.js:86:28)
    at FrameDispatcher._runCommand (C:\Users\DELL\AppData\Local\Temp\playwright-java-2036454221359502449\package\lib\server\dispatchers\dispatcher.js:91:31)
    at DispatcherConnection.dispatch (C:\Users\DELL\AppData\Local\Temp\playwright-java-2036454221359502449\package\lib\server\dispatchers\dispatcher.js:325:39)
}
Call log:
-   - waiting for locator("input[id='ctrl110039'], textarea[id='ctrl110039'], select[id='ctrl110039']").first() to be visible

at com.microsoft.playwright.impl.Connection.dispatch(Connection.java:257)
at com.microsoft.playwright.impl.Connection.processOneMessage(Connection.java:214)
at com.microsoft.playwright.impl.ChannelOwner.runUntil(ChannelOwner.java:136)
... 33 more
]]>
    </error>
  </testcase> <!-- verifyValueFontFamily -->
  <testcase classname="tests.CONTROLTEST3" name="verifyValueFontStyle" time="0.013"/>
  <testcase classname="tests.CONTROLTEST3" name="verifyValueBackgroundColor" time="0.014"/>
  <testcase classname="tests.CONTROLTEST3" name="verifyCaptionText" time="30.019">
    <error message="Error {
  message=&#039;Timeout 30000ms exceeded.
  name=&#039;TimeoutError
  stack=&#039;TimeoutError: Timeout 30000ms exceeded.
    at ProgressController.run (C:\Users\DELL\AppData\Local\Temp\playwright-java-2036454221359502449\package\lib\server\progress.js:86:28)
    at FrameDispatcher._runCommand (C:\Users\DELL\AppData\Local\Temp\playwright-java-2036454221359502449\package\lib\server\dispatchers\dispatcher.js:91:31)
    at DispatcherConnection.dispatch (C:\Users\DELL\AppData\Local\Temp\playwright-java-2036454221359502449\package\lib\server\dispatchers\dispatcher.js:325:39)
}
Call log:
-   - waiting for locator(&quot;#lblCap110039&quot;)
" type="com.microsoft.playwright.TimeoutError">
      <![CDATA[com.microsoft.playwright.TimeoutError: Error {
  message='Timeout 30000ms exceeded.
  name='TimeoutError
  stack='TimeoutError: Timeout 30000ms exceeded.
    at ProgressController.run (C:\Users\DELL\AppData\Local\Temp\playwright-java-2036454221359502449\package\lib\server\progress.js:86:28)
    at FrameDispatcher._runCommand (C:\Users\DELL\AppData\Local\Temp\playwright-java-2036454221359502449\package\lib\server\dispatchers\dispatcher.js:91:31)
    at DispatcherConnection.dispatch (C:\Users\DELL\AppData\Local\Temp\playwright-java-2036454221359502449\package\lib\server\dispatchers\dispatcher.js:325:39)
}
Call log:
-   - waiting for locator("#lblCap110039")

at com.microsoft.playwright.impl.WaitableResult.get(WaitableResult.java:52)
at com.microsoft.playwright.impl.ChannelOwner.runUntil(ChannelOwner.java:138)
at com.microsoft.playwright.impl.Connection.sendMessage(Connection.java:131)
at com.microsoft.playwright.impl.ChannelOwner.sendMessage(ChannelOwner.java:124)
at com.microsoft.playwright.impl.FrameImpl.textContent(FrameImpl.java:776)
at com.microsoft.playwright.impl.LocatorImpl.textContent(LocatorImpl.java:622)
at com.microsoft.playwright.Locator.textContent(Locator.java:5370)
at tests.CONTROLTEST3.verifyCaptionText(CONTROLTEST3.java:442)
at java.base/jdk.internal.reflect.NativeMethodAccessorImpl.invoke0(Native Method)
at java.base/jdk.internal.reflect.NativeMethodAccessorImpl.invoke(NativeMethodAccessorImpl.java:77)
at java.base/jdk.internal.reflect.DelegatingMethodAccessorImpl.invoke(DelegatingMethodAccessorImpl.java:43)
at java.base/java.lang.reflect.Method.invoke(Method.java:568)
at org.testng.internal.invokers.MethodInvocationHelper.invokeMethod(MethodInvocationHelper.java:141)
at org.testng.internal.invokers.TestInvoker.invokeMethod(TestInvoker.java:687)
at org.testng.internal.invokers.TestInvoker.invokeTestMethod(TestInvoker.java:230)
at org.testng.internal.invokers.MethodRunner.runInSequence(MethodRunner.java:63)
at org.testng.internal.invokers.TestInvoker$MethodInvocationAgent.invoke(TestInvoker.java:995)
at org.testng.internal.invokers.TestInvoker.invokeTestMethods(TestInvoker.java:203)
at org.testng.internal.invokers.TestMethodWorker.invokeTestMethods(TestMethodWorker.java:154)
at org.testng.internal.invokers.TestMethodWorker.run(TestMethodWorker.java:134)
at java.base/java.util.ArrayList.forEach(ArrayList.java:1511)
at org.testng.TestRunner.privateRun(TestRunner.java:741)
at org.testng.TestRunner.run(TestRunner.java:616)
at org.testng.SuiteRunner.runTest(SuiteRunner.java:421)
at org.testng.SuiteRunner.runSequentially(SuiteRunner.java:413)
at org.testng.SuiteRunner.privateRun(SuiteRunner.java:373)
at org.testng.SuiteRunner.run(SuiteRunner.java:312)
at org.testng.SuiteRunnerWorker.runSuite(SuiteRunnerWorker.java:52)
at org.testng.SuiteRunnerWorker.run(SuiteRunnerWorker.java:95)
at org.testng.TestNG.runSuitesSequentially(TestNG.java:1274)
at org.testng.TestNG.runSuitesLocally(TestNG.java:1208)
at org.testng.TestNG.runSuites(TestNG.java:1112)
at org.testng.TestNG.run(TestNG.java:1079)
at org.testng.remote.AbstractRemoteTestNG.run(AbstractRemoteTestNG.java:115)
at org.testng.remote.RemoteTestNG.initAndRun(RemoteTestNG.java:293)
at org.testng.remote.RemoteTestNG.main(RemoteTestNG.java:91)
Caused by: com.microsoft.playwright.TimeoutError: Error {
  message='Timeout 30000ms exceeded.
  name='TimeoutError
  stack='TimeoutError: Timeout 30000ms exceeded.
    at ProgressController.run (C:\Users\DELL\AppData\Local\Temp\playwright-java-2036454221359502449\package\lib\server\progress.js:86:28)
    at FrameDispatcher._runCommand (C:\Users\DELL\AppData\Local\Temp\playwright-java-2036454221359502449\package\lib\server\dispatchers\dispatcher.js:91:31)
    at DispatcherConnection.dispatch (C:\Users\DELL\AppData\Local\Temp\playwright-java-2036454221359502449\package\lib\server\dispatchers\dispatcher.js:325:39)
}
Call log:
-   - waiting for locator("#lblCap110039")

at com.microsoft.playwright.impl.Connection.dispatch(Connection.java:257)
at com.microsoft.playwright.impl.Connection.processOneMessage(Connection.java:214)
at com.microsoft.playwright.impl.ChannelOwner.runUntil(ChannelOwner.java:136)
... 34 more
]]>
    </error>
  </testcase> <!-- verifyCaptionText -->
  <testcase classname="tests.CONTROLTEST3" name="verifyDefaultValue" time="0.019">
    <error message="Error {
  message=&#039;Error: Node is not an &lt;input&gt;, &lt;textarea&gt; or &lt;select&gt; element
  name=&#039;Error
  stack=&#039;Error: Error: Node is not an &lt;input&gt;, &lt;textarea&gt; or &lt;select&gt; element
    at CRExecutionContext.evaluateWithArguments (C:\Users\DELL\AppData\Local\Temp\playwright-java-2036454221359502449\package\lib\server\chromium\crExecutionContext.js:80:13)
    at async LongStandingScope._race (C:\Users\DELL\AppData\Local\Temp\playwright-java-2036454221359502449\package\lib\utils\isomorphic\manualPromise.js:94:14)
    at async evaluateExpression (C:\Users\DELL\AppData\Local\Temp\playwright-java-2036454221359502449\package\lib\server\javascript.js:217:12)
    at async C:\Users\DELL\AppData\Local\Temp\playwright-java-2036454221359502449\package\lib\server\frames.js:1345:39
    at async Frame.retryWithProgressAndTimeouts (C:\Users\DELL\AppData\Local\Temp\playwright-java-2036454221359502449\package\lib\server\frames.js:888:24)
    at async FrameDispatcher.inputValue (C:\Users\DELL\AppData\Local\Temp\playwright-java-2036454221359502449\package\lib\server\dispatchers\frameDispatcher.js:155:19)
    at async ProgressController.run (C:\Users\DELL\AppData\Local\Temp\playwright-java-2036454221359502449\package\lib\server\progress.js:98:22)
    at async FrameDispatcher._runCommand (C:\Users\DELL\AppData\Local\Temp\playwright-java-2036454221359502449\package\lib\server\dispatchers\dispatcher.js:91:14)
    at async DispatcherConnection.dispatch (C:\Users\DELL\AppData\Local\Temp\playwright-java-2036454221359502449\package\lib\server\dispatchers\dispatcher.js:325:22)
}
Call log:
-   - waiting for locator(&quot;#ctrl110039&quot;)
" type="com.microsoft.playwright.PlaywrightException">
      <![CDATA[com.microsoft.playwright.PlaywrightException: Error {
  message='Error: Node is not an <input>, <textarea> or <select> element
  name='Error
  stack='Error: Error: Node is not an <input>, <textarea> or <select> element
    at CRExecutionContext.evaluateWithArguments (C:\Users\DELL\AppData\Local\Temp\playwright-java-2036454221359502449\package\lib\server\chromium\crExecutionContext.js:80:13)
    at async LongStandingScope._race (C:\Users\DELL\AppData\Local\Temp\playwright-java-2036454221359502449\package\lib\utils\isomorphic\manualPromise.js:94:14)
    at async evaluateExpression (C:\Users\DELL\AppData\Local\Temp\playwright-java-2036454221359502449\package\lib\server\javascript.js:217:12)
    at async C:\Users\DELL\AppData\Local\Temp\playwright-java-2036454221359502449\package\lib\server\frames.js:1345:39
    at async Frame.retryWithProgressAndTimeouts (C:\Users\DELL\AppData\Local\Temp\playwright-java-2036454221359502449\package\lib\server\frames.js:888:24)
    at async FrameDispatcher.inputValue (C:\Users\DELL\AppData\Local\Temp\playwright-java-2036454221359502449\package\lib\server\dispatchers\frameDispatcher.js:155:19)
    at async ProgressController.run (C:\Users\DELL\AppData\Local\Temp\playwright-java-2036454221359502449\package\lib\server\progress.js:98:22)
    at async FrameDispatcher._runCommand (C:\Users\DELL\AppData\Local\Temp\playwright-java-2036454221359502449\package\lib\server\dispatchers\dispatcher.js:91:14)
    at async DispatcherConnection.dispatch (C:\Users\DELL\AppData\Local\Temp\playwright-java-2036454221359502449\package\lib\server\dispatchers\dispatcher.js:325:22)
}
Call log:
-   - waiting for locator("#ctrl110039")

at com.microsoft.playwright.impl.WaitableResult.get(WaitableResult.java:56)
at com.microsoft.playwright.impl.ChannelOwner.runUntil(ChannelOwner.java:138)
at com.microsoft.playwright.impl.Connection.sendMessage(Connection.java:131)
at com.microsoft.playwright.impl.ChannelOwner.sendMessage(ChannelOwner.java:124)
at com.microsoft.playwright.impl.FrameImpl.inputValueImpl(FrameImpl.java:510)
at com.microsoft.playwright.impl.FrameImpl.inputValue(FrameImpl.java:501)
at com.microsoft.playwright.impl.LocatorImpl.inputValue(LocatorImpl.java:399)
at com.microsoft.playwright.Locator.inputValue(Locator.java:3969)
at tests.CONTROLTEST3.verifyDefaultValue(CONTROLTEST3.java:461)
at java.base/jdk.internal.reflect.NativeMethodAccessorImpl.invoke0(Native Method)
at java.base/jdk.internal.reflect.NativeMethodAccessorImpl.invoke(NativeMethodAccessorImpl.java:77)
at java.base/jdk.internal.reflect.DelegatingMethodAccessorImpl.invoke(DelegatingMethodAccessorImpl.java:43)
at java.base/java.lang.reflect.Method.invoke(Method.java:568)
at org.testng.internal.invokers.MethodInvocationHelper.invokeMethod(MethodInvocationHelper.java:141)
at org.testng.internal.invokers.TestInvoker.invokeMethod(TestInvoker.java:687)
at org.testng.internal.invokers.TestInvoker.invokeTestMethod(TestInvoker.java:230)
at org.testng.internal.invokers.MethodRunner.runInSequence(MethodRunner.java:63)
at org.testng.internal.invokers.TestInvoker$MethodInvocationAgent.invoke(TestInvoker.java:995)
at org.testng.internal.invokers.TestInvoker.invokeTestMethods(TestInvoker.java:203)
at org.testng.internal.invokers.TestMethodWorker.invokeTestMethods(TestMethodWorker.java:154)
at org.testng.internal.invokers.TestMethodWorker.run(TestMethodWorker.java:134)
at java.base/java.util.ArrayList.forEach(ArrayList.java:1511)
at org.testng.TestRunner.privateRun(TestRunner.java:741)
at org.testng.TestRunner.run(TestRunner.java:616)
at org.testng.SuiteRunner.runTest(SuiteRunner.java:421)
at org.testng.SuiteRunner.runSequentially(SuiteRunner.java:413)
at org.testng.SuiteRunner.privateRun(SuiteRunner.java:373)
at org.testng.SuiteRunner.run(SuiteRunner.java:312)
at org.testng.SuiteRunnerWorker.runSuite(SuiteRunnerWorker.java:52)
at org.testng.SuiteRunnerWorker.run(SuiteRunnerWorker.java:95)
at org.testng.TestNG.runSuitesSequentially(TestNG.java:1274)
at org.testng.TestNG.runSuitesLocally(TestNG.java:1208)
at org.testng.TestNG.runSuites(TestNG.java:1112)
at org.testng.TestNG.run(TestNG.java:1079)
at org.testng.remote.AbstractRemoteTestNG.run(AbstractRemoteTestNG.java:115)
at org.testng.remote.RemoteTestNG.initAndRun(RemoteTestNG.java:293)
at org.testng.remote.RemoteTestNG.main(RemoteTestNG.java:91)
Caused by: com.microsoft.playwright.impl.DriverException: Error {
  message='Error: Node is not an <input>, <textarea> or <select> element
  name='Error
  stack='Error: Error: Node is not an <input>, <textarea> or <select> element
    at CRExecutionContext.evaluateWithArguments (C:\Users\DELL\AppData\Local\Temp\playwright-java-2036454221359502449\package\lib\server\chromium\crExecutionContext.js:80:13)
    at async LongStandingScope._race (C:\Users\DELL\AppData\Local\Temp\playwright-java-2036454221359502449\package\lib\utils\isomorphic\manualPromise.js:94:14)
    at async evaluateExpression (C:\Users\DELL\AppData\Local\Temp\playwright-java-2036454221359502449\package\lib\server\javascript.js:217:12)
    at async C:\Users\DELL\AppData\Local\Temp\playwright-java-2036454221359502449\package\lib\server\frames.js:1345:39
    at async Frame.retryWithProgressAndTimeouts (C:\Users\DELL\AppData\Local\Temp\playwright-java-2036454221359502449\package\lib\server\frames.js:888:24)
    at async FrameDispatcher.inputValue (C:\Users\DELL\AppData\Local\Temp\playwright-java-2036454221359502449\package\lib\server\dispatchers\frameDispatcher.js:155:19)
    at async ProgressController.run (C:\Users\DELL\AppData\Local\Temp\playwright-java-2036454221359502449\package\lib\server\progress.js:98:22)
    at async FrameDispatcher._runCommand (C:\Users\DELL\AppData\Local\Temp\playwright-java-2036454221359502449\package\lib\server\dispatchers\dispatcher.js:91:14)
    at async DispatcherConnection.dispatch (C:\Users\DELL\AppData\Local\Temp\playwright-java-2036454221359502449\package\lib\server\dispatchers\dispatcher.js:325:22)
}
Call log:
-   - waiting for locator("#ctrl110039")

at com.microsoft.playwright.impl.Connection.dispatch(Connection.java:262)
at com.microsoft.playwright.impl.Connection.processOneMessage(Connection.java:214)
at com.microsoft.playwright.impl.ChannelOwner.runUntil(ChannelOwner.java:136)
... 35 more
]]>
    </error>
  </testcase> <!-- verifyDefaultValue -->
  <testcase classname="tests.CONTROLTEST3" name="verifyMaxLength" time="0.068">
    <error message="Error {
  message=&#039;Error: Element is not an &lt;input&gt;, &lt;textarea&gt;, &lt;select&gt; or [contenteditable] and does not have a role allowing [aria-readonly]
  name=&#039;Error
  stack=&#039;Error: Error: Element is not an &lt;input&gt;, &lt;textarea&gt;, &lt;select&gt; or [contenteditable] and does not have a role allowing [aria-readonly]
    at CRExecutionContext.evaluateWithArguments (C:\Users\DELL\AppData\Local\Temp\playwright-java-2036454221359502449\package\lib\server\chromium\crExecutionContext.js:80:13)
    at async LongStandingScope._race (C:\Users\DELL\AppData\Local\Temp\playwright-java-2036454221359502449\package\lib\utils\isomorphic\manualPromise.js:94:14)
    at async evaluateExpression (C:\Users\DELL\AppData\Local\Temp\playwright-java-2036454221359502449\package\lib\server\javascript.js:217:12)
    at async ElementHandle.evaluateInUtility (C:\Users\DELL\AppData\Local\Temp\playwright-java-2036454221359502449\package\lib\server\dom.js:124:14)
    at async C:\Users\DELL\AppData\Local\Temp\playwright-java-2036454221359502449\package\lib\server\dom.js:510:22
    at async ElementHandle._retryAction (C:\Users\DELL\AppData\Local\Temp\playwright-java-2036454221359502449\package\lib\server\dom.js:274:22)
    at async ElementHandle._fill (C:\Users\DELL\AppData\Local\Temp\playwright-java-2036454221359502449\package\lib\server\dom.js:506:12)
    at async C:\Users\DELL\AppData\Local\Temp\playwright-java-2036454221359502449\package\lib\server\frames.js:951:25
    at async Frame.retryWithProgressAndTimeouts (C:\Users\DELL\AppData\Local\Temp\playwright-java-2036454221359502449\package\lib\server\frames.js:888:24)
    at async Frame.fill (C:\Users\DELL\AppData\Local\Temp\playwright-java-2036454221359502449\package\lib\server\frames.js:1004:27)
}
Call log:
-   - waiting for locator(&quot;#ctrl110039&quot;)
-     - locator resolved to &lt;label id=&quot;ctrl110039&quot; class=&quot;header1&quot;&gt;ANKIT on heading label 2&lt;/label&gt;
-     - fill(&quot;&quot;)
-   - attempting fill action
-     - waiting for element to be visible, enabled and editable
" type="com.microsoft.playwright.PlaywrightException">
      <![CDATA[com.microsoft.playwright.PlaywrightException: Error {
  message='Error: Element is not an <input>, <textarea>, <select> or [contenteditable] and does not have a role allowing [aria-readonly]
  name='Error
  stack='Error: Error: Element is not an <input>, <textarea>, <select> or [contenteditable] and does not have a role allowing [aria-readonly]
    at CRExecutionContext.evaluateWithArguments (C:\Users\DELL\AppData\Local\Temp\playwright-java-2036454221359502449\package\lib\server\chromium\crExecutionContext.js:80:13)
    at async LongStandingScope._race (C:\Users\DELL\AppData\Local\Temp\playwright-java-2036454221359502449\package\lib\utils\isomorphic\manualPromise.js:94:14)
    at async evaluateExpression (C:\Users\DELL\AppData\Local\Temp\playwright-java-2036454221359502449\package\lib\server\javascript.js:217:12)
    at async ElementHandle.evaluateInUtility (C:\Users\DELL\AppData\Local\Temp\playwright-java-2036454221359502449\package\lib\server\dom.js:124:14)
    at async C:\Users\DELL\AppData\Local\Temp\playwright-java-2036454221359502449\package\lib\server\dom.js:510:22
    at async ElementHandle._retryAction (C:\Users\DELL\AppData\Local\Temp\playwright-java-2036454221359502449\package\lib\server\dom.js:274:22)
    at async ElementHandle._fill (C:\Users\DELL\AppData\Local\Temp\playwright-java-2036454221359502449\package\lib\server\dom.js:506:12)
    at async C:\Users\DELL\AppData\Local\Temp\playwright-java-2036454221359502449\package\lib\server\frames.js:951:25
    at async Frame.retryWithProgressAndTimeouts (C:\Users\DELL\AppData\Local\Temp\playwright-java-2036454221359502449\package\lib\server\frames.js:888:24)
    at async Frame.fill (C:\Users\DELL\AppData\Local\Temp\playwright-java-2036454221359502449\package\lib\server\frames.js:1004:27)
}
Call log:
-   - waiting for locator("#ctrl110039")
-     - locator resolved to <label id="ctrl110039" class="header1">ANKIT on heading label 2</label>
-     - fill("")
-   - attempting fill action
-     - waiting for element to be visible, enabled and editable

at com.microsoft.playwright.impl.WaitableResult.get(WaitableResult.java:56)
at com.microsoft.playwright.impl.ChannelOwner.runUntil(ChannelOwner.java:138)
at com.microsoft.playwright.impl.Connection.sendMessage(Connection.java:131)
at com.microsoft.playwright.impl.ChannelOwner.sendMessage(ChannelOwner.java:124)
at com.microsoft.playwright.impl.FrameImpl.fill(FrameImpl.java:310)
at com.microsoft.playwright.impl.LocatorImpl.fill(LocatorImpl.java:265)
at com.microsoft.playwright.Locator.fill(Locator.java:3164)
at tests.CONTROLTEST3.verifyMaxLength(CONTROLTEST3.java:482)
at java.base/jdk.internal.reflect.NativeMethodAccessorImpl.invoke0(Native Method)
at java.base/jdk.internal.reflect.NativeMethodAccessorImpl.invoke(NativeMethodAccessorImpl.java:77)
at java.base/jdk.internal.reflect.DelegatingMethodAccessorImpl.invoke(DelegatingMethodAccessorImpl.java:43)
at java.base/java.lang.reflect.Method.invoke(Method.java:568)
at org.testng.internal.invokers.MethodInvocationHelper.invokeMethod(MethodInvocationHelper.java:141)
at org.testng.internal.invokers.TestInvoker.invokeMethod(TestInvoker.java:687)
at org.testng.internal.invokers.TestInvoker.invokeTestMethod(TestInvoker.java:230)
at org.testng.internal.invokers.MethodRunner.runInSequence(MethodRunner.java:63)
at org.testng.internal.invokers.TestInvoker$MethodInvocationAgent.invoke(TestInvoker.java:995)
at org.testng.internal.invokers.TestInvoker.invokeTestMethods(TestInvoker.java:203)
at org.testng.internal.invokers.TestMethodWorker.invokeTestMethods(TestMethodWorker.java:154)
at org.testng.internal.invokers.TestMethodWorker.run(TestMethodWorker.java:134)
at java.base/java.util.ArrayList.forEach(ArrayList.java:1511)
at org.testng.TestRunner.privateRun(TestRunner.java:741)
at org.testng.TestRunner.run(TestRunner.java:616)
at org.testng.SuiteRunner.runTest(SuiteRunner.java:421)
at org.testng.SuiteRunner.runSequentially(SuiteRunner.java:413)
at org.testng.SuiteRunner.privateRun(SuiteRunner.java:373)
at org.testng.SuiteRunner.run(SuiteRunner.java:312)
at org.testng.SuiteRunnerWorker.runSuite(SuiteRunnerWorker.java:52)
at org.testng.SuiteRunnerWorker.run(SuiteRunnerWorker.java:95)
at org.testng.TestNG.runSuitesSequentially(TestNG.java:1274)
at org.testng.TestNG.runSuitesLocally(TestNG.java:1208)
at org.testng.TestNG.runSuites(TestNG.java:1112)
at org.testng.TestNG.run(TestNG.java:1079)
at org.testng.remote.AbstractRemoteTestNG.run(AbstractRemoteTestNG.java:115)
at org.testng.remote.RemoteTestNG.initAndRun(RemoteTestNG.java:293)
at org.testng.remote.RemoteTestNG.main(RemoteTestNG.java:91)
Caused by: com.microsoft.playwright.impl.DriverException: Error {
  message='Error: Element is not an <input>, <textarea>, <select> or [contenteditable] and does not have a role allowing [aria-readonly]
  name='Error
  stack='Error: Error: Element is not an <input>, <textarea>, <select> or [contenteditable] and does not have a role allowing [aria-readonly]
    at CRExecutionContext.evaluateWithArguments (C:\Users\DELL\AppData\Local\Temp\playwright-java-2036454221359502449\package\lib\server\chromium\crExecutionContext.js:80:13)
    at async LongStandingScope._race (C:\Users\DELL\AppData\Local\Temp\playwright-java-2036454221359502449\package\lib\utils\isomorphic\manualPromise.js:94:14)
    at async evaluateExpression (C:\Users\DELL\AppData\Local\Temp\playwright-java-2036454221359502449\package\lib\server\javascript.js:217:12)
    at async ElementHandle.evaluateInUtility (C:\Users\DELL\AppData\Local\Temp\playwright-java-2036454221359502449\package\lib\server\dom.js:124:14)
    at async C:\Users\DELL\AppData\Local\Temp\playwright-java-2036454221359502449\package\lib\server\dom.js:510:22
    at async ElementHandle._retryAction (C:\Users\DELL\AppData\Local\Temp\playwright-java-2036454221359502449\package\lib\server\dom.js:274:22)
    at async ElementHandle._fill (C:\Users\DELL\AppData\Local\Temp\playwright-java-2036454221359502449\package\lib\server\dom.js:506:12)
    at async C:\Users\DELL\AppData\Local\Temp\playwright-java-2036454221359502449\package\lib\server\frames.js:951:25
    at async Frame.retryWithProgressAndTimeouts (C:\Users\DELL\AppData\Local\Temp\playwright-java-2036454221359502449\package\lib\server\frames.js:888:24)
    at async Frame.fill (C:\Users\DELL\AppData\Local\Temp\playwright-java-2036454221359502449\package\lib\server\frames.js:1004:27)
}
Call log:
-   - waiting for locator("#ctrl110039")
-     - locator resolved to <label id="ctrl110039" class="header1">ANKIT on heading label 2</label>
-     - fill("")
-   - attempting fill action
-     - waiting for element to be visible, enabled and editable

at com.microsoft.playwright.impl.Connection.dispatch(Connection.java:262)
at com.microsoft.playwright.impl.Connection.processOneMessage(Connection.java:214)
at com.microsoft.playwright.impl.ChannelOwner.runUntil(ChannelOwner.java:136)
... 34 more
]]>
    </error>
  </testcase> <!-- verifyMaxLength -->
  <testcase classname="tests.CONTROLTEST3" name="verifyCaptionLeftAlignment" time="30.008">
    <error message="Error {
  message=&#039;Timeout 30000ms exceeded.
  name=&#039;TimeoutError
  stack=&#039;TimeoutError: Timeout 30000ms exceeded.
    at ProgressController.run (C:\Users\DELL\AppData\Local\Temp\playwright-java-2036454221359502449\package\lib\server\progress.js:86:28)
    at FrameDispatcher._runCommand (C:\Users\DELL\AppData\Local\Temp\playwright-java-2036454221359502449\package\lib\server\dispatchers\dispatcher.js:91:31)
    at DispatcherConnection.dispatch (C:\Users\DELL\AppData\Local\Temp\playwright-java-2036454221359502449\package\lib\server\dispatchers\dispatcher.js:325:39)
}
Call log:
-   - waiting for locator(&quot;#lblCap110039&quot;)
" type="com.microsoft.playwright.TimeoutError">
      <![CDATA[com.microsoft.playwright.TimeoutError: Error {
  message='Timeout 30000ms exceeded.
  name='TimeoutError
  stack='TimeoutError: Timeout 30000ms exceeded.
    at ProgressController.run (C:\Users\DELL\AppData\Local\Temp\playwright-java-2036454221359502449\package\lib\server\progress.js:86:28)
    at FrameDispatcher._runCommand (C:\Users\DELL\AppData\Local\Temp\playwright-java-2036454221359502449\package\lib\server\dispatchers\dispatcher.js:91:31)
    at DispatcherConnection.dispatch (C:\Users\DELL\AppData\Local\Temp\playwright-java-2036454221359502449\package\lib\server\dispatchers\dispatcher.js:325:39)
}
Call log:
-   - waiting for locator("#lblCap110039")

at com.microsoft.playwright.impl.WaitableResult.get(WaitableResult.java:52)
at com.microsoft.playwright.impl.ChannelOwner.runUntil(ChannelOwner.java:138)
at com.microsoft.playwright.impl.Connection.sendMessage(Connection.java:131)
at com.microsoft.playwright.impl.ChannelOwner.sendMessage(ChannelOwner.java:124)
at com.microsoft.playwright.impl.FrameImpl.waitForSelectorImpl(FrameImpl.java:998)
at com.microsoft.playwright.impl.FrameImpl.waitForSelector(FrameImpl.java:988)
at com.microsoft.playwright.impl.LocatorImpl.elementHandle(LocatorImpl.java:232)
at com.microsoft.playwright.impl.LocatorImpl.lambda$withElement$0(LocatorImpl.java:80)
at com.microsoft.playwright.impl.ChannelOwner.withTitle(ChannelOwner.java:98)
at com.microsoft.playwright.impl.LocatorImpl.withElement(LocatorImpl.java:71)
at com.microsoft.playwright.impl.LocatorImpl.evaluate(LocatorImpl.java:247)
at com.microsoft.playwright.Locator.evaluate(Locator.java:2938)
at com.microsoft.playwright.Locator.evaluate(Locator.java:2969)
at tests.CONTROLTEST3.verifyCaptionLeftAlignment(CONTROLTEST3.java:507)
at java.base/jdk.internal.reflect.NativeMethodAccessorImpl.invoke0(Native Method)
at java.base/jdk.internal.reflect.NativeMethodAccessorImpl.invoke(NativeMethodAccessorImpl.java:77)
at java.base/jdk.internal.reflect.DelegatingMethodAccessorImpl.invoke(DelegatingMethodAccessorImpl.java:43)
at java.base/java.lang.reflect.Method.invoke(Method.java:568)
at org.testng.internal.invokers.MethodInvocationHelper.invokeMethod(MethodInvocationHelper.java:141)
at org.testng.internal.invokers.TestInvoker.invokeMethod(TestInvoker.java:687)
at org.testng.internal.invokers.TestInvoker.invokeTestMethod(TestInvoker.java:230)
at org.testng.internal.invokers.MethodRunner.runInSequence(MethodRunner.java:63)
at org.testng.internal.invokers.TestInvoker$MethodInvocationAgent.invoke(TestInvoker.java:995)
at org.testng.internal.invokers.TestInvoker.invokeTestMethods(TestInvoker.java:203)
at org.testng.internal.invokers.TestMethodWorker.invokeTestMethods(TestMethodWorker.java:154)
at org.testng.internal.invokers.TestMethodWorker.run(TestMethodWorker.java:134)
at java.base/java.util.ArrayList.forEach(ArrayList.java:1511)
at org.testng.TestRunner.privateRun(TestRunner.java:741)
at org.testng.TestRunner.run(TestRunner.java:616)
at org.testng.SuiteRunner.runTest(SuiteRunner.java:421)
at org.testng.SuiteRunner.runSequentially(SuiteRunner.java:413)
at org.testng.SuiteRunner.privateRun(SuiteRunner.java:373)
at org.testng.SuiteRunner.run(SuiteRunner.java:312)
at org.testng.SuiteRunnerWorker.runSuite(SuiteRunnerWorker.java:52)
at org.testng.SuiteRunnerWorker.run(SuiteRunnerWorker.java:95)
at org.testng.TestNG.runSuitesSequentially(TestNG.java:1274)
at org.testng.TestNG.runSuitesLocally(TestNG.java:1208)
at org.testng.TestNG.runSuites(TestNG.java:1112)
at org.testng.TestNG.run(TestNG.java:1079)
at org.testng.remote.AbstractRemoteTestNG.run(AbstractRemoteTestNG.java:115)
at org.testng.remote.RemoteTestNG.initAndRun(RemoteTestNG.java:293)
at org.testng.remote.RemoteTestNG.main(RemoteTestNG.java:91)
Caused by: com.microsoft.playwright.TimeoutError: Error {
  message='Timeout 30000ms exceeded.
  name='TimeoutError
  stack='TimeoutError: Timeout 30000ms exceeded.
    at ProgressController.run (C:\Users\DELL\AppData\Local\Temp\playwright-java-2036454221359502449\package\lib\server\progress.js:86:28)
    at FrameDispatcher._runCommand (C:\Users\DELL\AppData\Local\Temp\playwright-java-2036454221359502449\package\lib\server\dispatchers\dispatcher.js:91:31)
    at DispatcherConnection.dispatch (C:\Users\DELL\AppData\Local\Temp\playwright-java-2036454221359502449\package\lib\server\dispatchers\dispatcher.js:325:39)
}
Call log:
-   - waiting for locator("#lblCap110039")

at com.microsoft.playwright.impl.Connection.dispatch(Connection.java:257)
at com.microsoft.playwright.impl.Connection.processOneMessage(Connection.java:214)
at com.microsoft.playwright.impl.ChannelOwner.runUntil(ChannelOwner.java:136)
... 40 more
]]>
    </error>
  </testcase> <!-- verifyCaptionLeftAlignment -->
</testsuite> <!-- tests.CONTROLTEST3 -->
